<?xml version="1.0" encoding="UTF-8"?>
<testsuite xmlns:xsi="http://www.w3.org/2001/XMLSchema-instance" xsi:noNamespaceSchemaLocation="https://maven.apache.org/surefire/maven-surefire-plugin/xsd/surefire-test-report.xsd" version="3.0.2" name="com.supermarket.manager.repository.StockRepositoryTest" time="1.715" tests="6" errors="6" skipped="0" failures="0">
  <properties>
[...]
</properties>
  <testcase name="testFindStocksProchesPeremption" classname="com.supermarket.manager.repository.StockRepositoryTest" time="0.004">
    <error message="Failed to load ApplicationContext for [MergedContextConfiguration@237ab619 testClass = com.supermarket.manager.repository.StockRepositoryTest, locations = [], classes = [com.supermarket.manager.SupermarketManagerBackendApplication], contextInitializerClasses = [], activeProfiles = [&quot;test&quot;], propertySourceDescriptors = [], propertySourceProperties = [&quot;org.springframework.boot.test.autoconfigure.orm.jpa.DataJpaTestContextBootstrapper=true&quot;], contextCustomizers = [[ImportsContextCustomizer@76c0ae7d key = [org.springframework.boot.autoconfigure.transaction.TransactionAutoConfiguration, org.springframework.boot.autoconfigure.data.jpa.JpaRepositoriesAutoConfiguration, org.springframework.boot.test.autoconfigure.orm.jpa.TestEntityManagerAutoConfiguration, org.springframework.boot.autoconfigure.cache.CacheAutoConfiguration, org.springframework.boot.autoconfigure.orm.jpa.HibernateJpaAutoConfiguration, org.springframework.boot.autoconfigure.sql.init.SqlInitializationAutoConfiguration, org.springframework.boot.test.autoconfigure.jdbc.TestDatabaseAutoConfiguration, org.springframework.boot.autoconfigure.flyway.FlywayAutoConfiguration, org.springframework.boot.autoconfigure.jdbc.DataSourceTransactionManagerAutoConfiguration, org.springframework.boot.autoconfigure.liquibase.LiquibaseAutoConfiguration, org.springframework.boot.autoconfigure.jdbc.JdbcClientAutoConfiguration, org.springframework.boot.autoconfigure.jdbc.DataSourceAutoConfiguration, org.springframework.boot.autoconfigure.jdbc.JdbcTemplateAutoConfiguration]], org.springframework.boot.test.context.filter.ExcludeFilterContextCustomizer@658c5a19, org.springframework.boot.test.json.DuplicateJsonObjectContextCustomizerFactory$DuplicateJsonObjectContextCustomizer@34f6515b, org.springframework.boot.test.mock.mockito.MockitoContextCustomizer@0, org.springframework.boot.test.web.reactor.netty.DisableReactorResourceFactoryGlobalResourcesContextCustomizerFactory$DisableReactorResourceFactoryGlobalResourcesContextCustomizerCustomizer@31920ade, org.springframework.boot.test.autoconfigure.OnFailureConditionReportContextCustomizerFactory$OnFailureConditionReportContextCustomizer@28d18df5, org.springframework.boot.test.autoconfigure.OverrideAutoConfigurationContextCustomizerFactory$DisableAutoConfigurationContextCustomizer@1867306c, org.springframework.boot.test.autoconfigure.actuate.observability.ObservabilityContextCustomizerFactory$DisableObservabilityContextCustomizer@1f, org.springframework.boot.test.autoconfigure.filter.TypeExcludeFiltersContextCustomizer@34be3d80, org.springframework.boot.test.autoconfigure.properties.PropertyMappingContextCustomizer@9291686, org.springframework.boot.test.autoconfigure.web.servlet.WebDriverContextCustomizer@c7045b9, org.springframework.test.context.support.DynamicPropertiesContextCustomizer@0, org.springframework.boot.test.context.SpringBootTestAnnotation@b042370f], contextLoader = org.springframework.boot.test.context.SpringBootContextLoader, parent = null]" type="java.lang.IllegalStateException"><![CDATA[java.lang.IllegalStateException: Failed to load ApplicationContext for [MergedContextConfiguration@237ab619 testClass = com.supermarket.manager.repository.StockRepositoryTest, locations = [], classes = [com.supermarket.manager.SupermarketManagerBackendApplication], contextInitializerClasses = [], activeProfiles = ["test"], propertySourceDescriptors = [], propertySourceProperties = ["org.springframework.boot.test.autoconfigure.orm.jpa.DataJpaTestContextBootstrapper=true"], contextCustomizers = [[ImportsContextCustomizer@76c0ae7d key = [org.springframework.boot.autoconfigure.transaction.TransactionAutoConfiguration, org.springframework.boot.autoconfigure.data.jpa.JpaRepositoriesAutoConfiguration, org.springframework.boot.test.autoconfigure.orm.jpa.TestEntityManagerAutoConfiguration, org.springframework.boot.autoconfigure.cache.CacheAutoConfiguration, org.springframework.boot.autoconfigure.orm.jpa.HibernateJpaAutoConfiguration, org.springframework.boot.autoconfigure.sql.init.SqlInitializationAutoConfiguration, org.springframework.boot.test.autoconfigure.jdbc.TestDatabaseAutoConfiguration, org.springframework.boot.autoconfigure.flyway.FlywayAutoConfiguration, org.springframework.boot.autoconfigure.jdbc.DataSourceTransactionManagerAutoConfiguration, org.springframework.boot.autoconfigure.liquibase.LiquibaseAutoConfiguration, org.springframework.boot.autoconfigure.jdbc.JdbcClientAutoConfiguration, org.springframework.boot.autoconfigure.jdbc.DataSourceAutoConfiguration, org.springframework.boot.autoconfigure.jdbc.JdbcTemplateAutoConfiguration]], org.springframework.boot.test.context.filter.ExcludeFilterContextCustomizer@658c5a19, org.springframework.boot.test.json.DuplicateJsonObjectContextCustomizerFactory$DuplicateJsonObjectContextCustomizer@34f6515b, org.springframework.boot.test.mock.mockito.MockitoContextCustomizer@0, org.springframework.boot.test.web.reactor.netty.DisableReactorResourceFactoryGlobalResourcesContextCustomizerFactory$DisableReactorResourceFactoryGlobalResourcesContextCustomizerCustomizer@31920ade, org.springframework.boot.test.autoconfigure.OnFailureConditionReportContextCustomizerFactory$OnFailureConditionReportContextCustomizer@28d18df5, org.springframework.boot.test.autoconfigure.OverrideAutoConfigurationContextCustomizerFactory$DisableAutoConfigurationContextCustomizer@1867306c, org.springframework.boot.test.autoconfigure.actuate.observability.ObservabilityContextCustomizerFactory$DisableObservabilityContextCustomizer@1f, org.springframework.boot.test.autoconfigure.filter.TypeExcludeFiltersContextCustomizer@34be3d80, org.springframework.boot.test.autoconfigure.properties.PropertyMappingContextCustomizer@9291686, org.springframework.boot.test.autoconfigure.web.servlet.WebDriverContextCustomizer@c7045b9, org.springframework.test.context.support.DynamicPropertiesContextCustomizer@0, org.springframework.boot.test.context.SpringBootTestAnnotation@b042370f], contextLoader = org.springframework.boot.test.context.SpringBootContextLoader, parent = null]
	at org.springframework.test.context.cache.DefaultCacheAwareContextLoaderDelegate.loadContext(DefaultCacheAwareContextLoaderDelegate.java:180)
	at org.springframework.test.context.support.DefaultTestContext.getApplicationContext(DefaultTestContext.java:130)
	at org.springframework.test.context.support.DependencyInjectionTestExecutionListener.injectDependencies(DependencyInjectionTestExecutionListener.java:155)
	at org.springframework.test.context.support.DependencyInjectionTestExecutionListener.prepareTestInstance(DependencyInjectionTestExecutionListener.java:111)
	at org.springframework.test.context.TestContextManager.prepareTestInstance(TestContextManager.java:260)
	at org.springframework.test.context.junit.jupiter.SpringExtension.postProcessTestInstance(SpringExtension.java:159)
	at java.base/java.util.stream.ForEachOps$ForEachOp$OfRef.accept(ForEachOps.java:184)
	at java.base/java.util.stream.ReferencePipeline$3$1.accept(ReferencePipeline.java:197)
	at java.base/java.util.stream.ReferencePipeline$2$1.accept(ReferencePipeline.java:179)
	at java.base/java.util.stream.ReferencePipeline$3$1.accept(ReferencePipeline.java:197)
	at java.base/java.util.ArrayList$ArrayListSpliterator.forEachRemaining(ArrayList.java:1708)
	at java.base/java.util.stream.AbstractPipeline.copyInto(AbstractPipeline.java:509)
	at java.base/java.util.stream.AbstractPipeline.wrapAndCopyInto(AbstractPipeline.java:499)
	at java.base/java.util.stream.ForEachOps$ForEachOp.evaluateSequential(ForEachOps.java:151)
	at java.base/java.util.stream.ForEachOps$ForEachOp$OfRef.evaluateSequential(ForEachOps.java:174)
	at java.base/java.util.stream.AbstractPipeline.evaluate(AbstractPipeline.java:234)
	at java.base/java.util.stream.ReferencePipeline.forEach(ReferencePipeline.java:596)
	at java.base/java.util.Optional.orElseGet(Optional.java:364)
	at java.base/java.util.ArrayList.forEach(ArrayList.java:1596)
	at java.base/java.util.ArrayList.forEach(ArrayList.java:1596)
Caused by: org.springframework.beans.factory.BeanCreationException: Error creating bean with name 'dataSourceScriptDatabaseInitializer' defined in class path resource [org/springframework/boot/autoconfigure/sql/init/DataSourceInitializationConfiguration.class]: Failed to execute SQL script statement #5 of file [/home/goliti/PROJETS/AGLPROJET/supermarket-manager/backend/target/classes/data.sql]: INSERT INTO stocks (produit_id, entrepot_id, quantite, seuil_reapprovisionnement, quantite_maximale, quantite_recommandee_commande, date_derniere_entree, alerte_active, date_creation, date_modification) VALUES ((SELECT id FROM produits WHERE code = 'PROD-001'), (SELECT id FROM entrepots WHERE code = 'ENT-001'), 50, 100, 1000, 500, NOW() - INTERVAL '10 days', true, NOW(), NOW()), ((SELECT id FROM produits WHERE code = 'PROD-002'), (SELECT id FROM entrepots WHERE code = 'ENT-001'), 250, 100, 800, 400, NOW() - INTERVAL '5 days', false, NOW(), NOW()), ((SELECT id FROM produits WHERE code = 'PROD-003'), (SELECT id FROM entrepots WHERE code = 'ENT-001'), 10, 50, 200, 100, NOW() - INTERVAL '2 days', true, NOW(), NOW()), ((SELECT id FROM produits WHERE code = 'PROD-004'), (SELECT id FROM entrepots WHERE code = 'ENT-001'), 150, 80, 500, 200, NOW() - INTERVAL '15 days', false, NOW(), NOW())
	at org.springframework.beans.factory.support.AbstractAutowireCapableBeanFactory.initializeBean(AbstractAutowireCapableBeanFactory.java:1826)
	at org.springframework.beans.factory.support.AbstractAutowireCapableBeanFactory.doCreateBean(AbstractAutowireCapableBeanFactory.java:607)
	at org.springframework.beans.factory.support.AbstractAutowireCapableBeanFactory.createBean(AbstractAutowireCapableBeanFactory.java:529)
	at org.springframework.beans.factory.support.AbstractBeanFactory.lambda$doGetBean$0(AbstractBeanFactory.java:339)
	at org.springframework.beans.factory.support.DefaultSingletonBeanRegistry.getSingleton(DefaultSingletonBeanRegistry.java:373)
	at org.springframework.beans.factory.support.AbstractBeanFactory.doGetBean(AbstractBeanFactory.java:337)
	at org.springframework.beans.factory.support.AbstractBeanFactory.getBean(AbstractBeanFactory.java:202)
	at org.springframework.beans.factory.support.AbstractBeanFactory.doGetBean(AbstractBeanFactory.java:315)
	at org.springframework.beans.factory.support.AbstractBeanFactory.getBean(AbstractBeanFactory.java:202)
	at org.springframework.beans.factory.support.DefaultListableBeanFactory.instantiateSingleton(DefaultListableBeanFactory.java:1221)
	at org.springframework.beans.factory.support.DefaultListableBeanFactory.preInstantiateSingleton(DefaultListableBeanFactory.java:1187)
	at org.springframework.beans.factory.support.DefaultListableBeanFactory.preInstantiateSingletons(DefaultListableBeanFactory.java:1123)
	at org.springframework.context.support.AbstractApplicationContext.finishBeanFactoryInitialization(AbstractApplicationContext.java:987)
	at org.springframework.context.support.AbstractApplicationContext.refresh(AbstractApplicationContext.java:627)
	at org.springframework.boot.SpringApplication.refresh(SpringApplication.java:752)
	at org.springframework.boot.SpringApplication.refreshContext(SpringApplication.java:439)
	at org.springframework.boot.SpringApplication.run(SpringApplication.java:318)
	at org.springframework.boot.test.context.SpringBootContextLoader.lambda$loadContext$3(SpringBootContextLoader.java:144)
	at org.springframework.util.function.ThrowingSupplier.get(ThrowingSupplier.java:58)
	at org.springframework.util.function.ThrowingSupplier.get(ThrowingSupplier.java:46)
	at org.springframework.boot.SpringApplication.withHook(SpringApplication.java:1461)
	at org.springframework.boot.test.context.SpringBootContextLoader$ContextLoaderHook.run(SpringBootContextLoader.java:563)
	at org.springframework.boot.test.context.SpringBootContextLoader.loadContext(SpringBootContextLoader.java:144)
	at org.springframework.boot.test.context.SpringBootContextLoader.loadContext(SpringBootContextLoader.java:110)
	at org.springframework.test.context.cache.DefaultCacheAwareContextLoaderDelegate.loadContextInternal(DefaultCacheAwareContextLoaderDelegate.java:225)
	at org.springframework.test.context.cache.DefaultCacheAwareContextLoaderDelegate.loadContext(DefaultCacheAwareContextLoaderDelegate.java:152)
	... 19 more
Caused by: org.springframework.jdbc.datasource.init.ScriptStatementFailedException: Failed to execute SQL script statement #5 of file [/home/goliti/PROJETS/AGLPROJET/supermarket-manager/backend/target/classes/data.sql]: INSERT INTO stocks (produit_id, entrepot_id, quantite, seuil_reapprovisionnement, quantite_maximale, quantite_recommandee_commande, date_derniere_entree, alerte_active, date_creation, date_modification) VALUES ((SELECT id FROM produits WHERE code = 'PROD-001'), (SELECT id FROM entrepots WHERE code = 'ENT-001'), 50, 100, 1000, 500, NOW() - INTERVAL '10 days', true, NOW(), NOW()), ((SELECT id FROM produits WHERE code = 'PROD-002'), (SELECT id FROM entrepots WHERE code = 'ENT-001'), 250, 100, 800, 400, NOW() - INTERVAL '5 days', false, NOW(), NOW()), ((SELECT id FROM produits WHERE code = 'PROD-003'), (SELECT id FROM entrepots WHERE code = 'ENT-001'), 10, 50, 200, 100, NOW() - INTERVAL '2 days', true, NOW(), NOW()), ((SELECT id FROM produits WHERE code = 'PROD-004'), (SELECT id FROM entrepots WHERE code = 'ENT-001'), 150, 80, 500, 200, NOW() - INTERVAL '15 days', false, NOW(), NOW())
	at org.springframework.jdbc.datasource.init.ScriptUtils.executeSqlScript(ScriptUtils.java:293)
	at org.springframework.jdbc.datasource.init.ResourceDatabasePopulator.populate(ResourceDatabasePopulator.java:254)
	at org.springframework.jdbc.datasource.init.DatabasePopulatorUtils.execute(DatabasePopulatorUtils.java:54)
	at org.springframework.boot.jdbc.init.DataSourceScriptDatabaseInitializer.runScripts(DataSourceScriptDatabaseInitializer.java:87)
	at org.springframework.boot.sql.init.AbstractScriptDatabaseInitializer.runScripts(AbstractScriptDatabaseInitializer.java:146)
	at org.springframework.boot.sql.init.AbstractScriptDatabaseInitializer.applyScripts(AbstractScriptDatabaseInitializer.java:108)
	at org.springframework.boot.sql.init.AbstractScriptDatabaseInitializer.applyDataScripts(AbstractScriptDatabaseInitializer.java:102)
	at org.springframework.boot.sql.init.AbstractScriptDatabaseInitializer.initializeDatabase(AbstractScriptDatabaseInitializer.java:77)
	at org.springframework.boot.sql.init.AbstractScriptDatabaseInitializer.afterPropertiesSet(AbstractScriptDatabaseInitializer.java:66)
	at org.springframework.beans.factory.support.AbstractAutowireCapableBeanFactory.invokeInitMethods(AbstractAutowireCapableBeanFactory.java:1873)
	at org.springframework.beans.factory.support.AbstractAutowireCapableBeanFactory.initializeBean(AbstractAutowireCapableBeanFactory.java:1822)
	... 44 more
Caused by: org.h2.jdbc.JdbcSQLDataException: Impossible d'analyser "INTERVAL" constante "10 days"
Cannot parse "INTERVAL" constant "10 days"; SQL statement:
INSERT INTO stocks (produit_id, entrepot_id, quantite, seuil_reapprovisionnement, quantite_maximale, quantite_recommandee_commande, date_derniere_entree, alerte_active, date_creation, date_modification) VALUES ((SELECT id FROM produits WHERE code = 'PROD-001'), (SELECT id FROM entrepots WHERE code = 'ENT-001'), 50, 100, 1000, 500, NOW() - INTERVAL '10 days', true, NOW(), NOW()), ((SELECT id FROM produits WHERE code = 'PROD-002'), (SELECT id FROM entrepots WHERE code = 'ENT-001'), 250, 100, 800, 400, NOW() - INTERVAL '5 days', false, NOW(), NOW()), ((SELECT id FROM produits WHERE code = 'PROD-003'), (SELECT id FROM entrepots WHERE code = 'ENT-001'), 10, 50, 200, 100, NOW() - INTERVAL '2 days', true, NOW(), NOW()), ((SELECT id FROM produits WHERE code = 'PROD-004'), (SELECT id FROM entrepots WHERE code = 'ENT-001'), 150, 80, 500, 200, NOW() - INTERVAL '15 days', false, NOW(), NOW()) [22007-232]
	at org.h2.message.DbException.getJdbcSQLException(DbException.java:518)
	at org.h2.message.DbException.getJdbcSQLException(DbException.java:489)
	at org.h2.message.DbException.get(DbException.java:212)
	at org.h2.command.Parser.readInterval(Parser.java:5368)
	at org.h2.command.Parser.readTermWithoutIdentifier(Parser.java:4964)
	at org.h2.command.Parser.readTerm(Parser.java:4828)
	at org.h2.command.Parser.readFactor(Parser.java:3323)
	at org.h2.command.Parser.readSum(Parser.java:3315)
	at org.h2.command.Parser.readConcat(Parser.java:3275)
	at org.h2.command.Parser.readCondition(Parser.java:3065)
	at org.h2.command.Parser.readExpression(Parser.java:2985)
	at org.h2.command.Parser.readExpressionOrDefault(Parser.java:2971)
	at org.h2.command.Parser.parseValuesForCommand(Parser.java:1685)
	at org.h2.command.Parser.parseInsert(Parser.java:1550)
	at org.h2.command.Parser.parsePrepared(Parser.java:698)
	at org.h2.command.Parser.parse(Parser.java:581)
	at org.h2.command.Parser.parse(Parser.java:556)
	at org.h2.command.Parser.prepareCommand(Parser.java:484)
	at org.h2.engine.SessionLocal.prepareLocal(SessionLocal.java:645)
	at org.h2.engine.SessionLocal.prepareCommand(SessionLocal.java:561)
	at org.h2.jdbc.JdbcConnection.prepareCommand(JdbcConnection.java:1164)
	at org.h2.jdbc.JdbcStatement.executeInternal(JdbcStatement.java:245)
	at org.h2.jdbc.JdbcStatement.execute(JdbcStatement.java:231)
	at org.springframework.jdbc.datasource.init.ScriptUtils.executeSqlScript(ScriptUtils.java:261)
	... 54 more
Caused by: java.lang.NullPointerException: Cannot invoke "org.h2.value.TypeInfo.getValueType()" because "<local3>" is null
	at org.h2.command.Parser.readInterval(Parser.java:5362)
	... 74 more
]]></error>
    <system-out><![CDATA[
  .   ____          _            __ _ _
 /\\ / ___'_ __ _ _(_)_ __  __ _ \ \ \ \
( ( )\___ | '_ | '_| | '_ \/ _` | \ \ \ \
 \\/  ___)| |_)| | | | | || (_| |  ) ) ) )
  '  |____| .__|_| |_|_| |_\__, | / / / /
 =========|_|==============|___/=/_/_/_/

 :: Spring Boot ::                (v3.5.6)

2025-10-16T22:55:57.752Z  INFO 22842 --- [supermarket-manager-backend-test] [           main] c.s.m.repository.StockRepositoryTest     : Starting StockRepositoryTest using Java 21.0.8 with PID 22842 (started by goliti in /home/goliti/PROJETS/AGLPROJET/supermarket-manager/backend)
2025-10-16T22:55:57.752Z  INFO 22842 --- [supermarket-manager-backend-test] [           main] c.s.m.repository.StockRepositoryTest     : The following 1 profile is active: "test"
2025-10-16T22:55:58.181Z  WARN 22842 --- [supermarket-manager-backend-test] [           main] org.hibernate.dialect.Dialect            : HHH000511: The 2.3.232 version for [org.hibernate.dialect.PostgreSQLDialect] is no longer supported, hence certain features may not work properly. The minimum supported version is 12.0.0. Check the community dialects project for available legacy versions.
2025-10-16T22:55:58.181Z  WARN 22842 --- [supermarket-manager-backend-test] [           main] org.hibernate.orm.deprecation            : HHH90000025: PostgreSQLDialect does not need to be specified explicitly using 'hibernate.dialect' (remove the property setting and it will be selected by default)
2025-10-16T22:55:58.511Z DEBUG 22842 --- [supermarket-manager-backend-test] [           main] org.hibernate.SQL                        : set client_min_messages = WARNING
Hibernate: set client_min_messages = WARNING
2025-10-16T22:55:58.514Z  WARN 22842 --- [supermarket-manager-backend-test] [           main] o.h.t.s.i.ExceptionHandlerLoggedImpl     : GenerationTarget encountered exception accepting command : Error executing DDL "set client_min_messages = WARNING" via JDBC [Erreur de syntaxe dans l'instruction SQL "set [*]client_min_messages = WARNING"; attendu "@, AUTOCOMMIT, EXCLUSIVE, IGNORECASE, PASSWORD, SALT, MODE, DATABASE, COLLATION, CLUSTER, DATABASE_EVENT_LISTENER, ALLOW_LITERALS, DEFAULT_TABLE_TYPE, SCHEMA, CATALOG, SCHEMA_SEARCH_PATH, JAVA_OBJECT_SERIALIZER, IGNORE_CATALOGS, SESSION, TRANSACTION, TIME, NON_KEYWORDS, DEFAULT_NULL_ORDERING"
Syntax error in SQL statement "set [*]client_min_messages = WARNING"; expected "@, AUTOCOMMIT, EXCLUSIVE, IGNORECASE, PASSWORD, SALT, MODE, DATABASE, COLLATION, CLUSTER, DATABASE_EVENT_LISTENER, ALLOW_LITERALS, DEFAULT_TABLE_TYPE, SCHEMA, CATALOG, SCHEMA_SEARCH_PATH, JAVA_OBJECT_SERIALIZER, IGNORE_CATALOGS, SESSION, TRANSACTION, TIME, NON_KEYWORDS, DEFAULT_NULL_ORDERING";]

org.hibernate.tool.schema.spi.CommandAcceptanceException: Error executing DDL "set client_min_messages = WARNING" via JDBC [Erreur de syntaxe dans l'instruction SQL "set [*]client_min_messages = WARNING"; attendu "@, AUTOCOMMIT, EXCLUSIVE, IGNORECASE, PASSWORD, SALT, MODE, DATABASE, COLLATION, CLUSTER, DATABASE_EVENT_LISTENER, ALLOW_LITERALS, DEFAULT_TABLE_TYPE, SCHEMA, CATALOG, SCHEMA_SEARCH_PATH, JAVA_OBJECT_SERIALIZER, IGNORE_CATALOGS, SESSION, TRANSACTION, TIME, NON_KEYWORDS, DEFAULT_NULL_ORDERING"
Syntax error in SQL statement "set [*]client_min_messages = WARNING"; expected "@, AUTOCOMMIT, EXCLUSIVE, IGNORECASE, PASSWORD, SALT, MODE, DATABASE, COLLATION, CLUSTER, DATABASE_EVENT_LISTENER, ALLOW_LITERALS, DEFAULT_TABLE_TYPE, SCHEMA, CATALOG, SCHEMA_SEARCH_PATH, JAVA_OBJECT_SERIALIZER, IGNORE_CATALOGS, SESSION, TRANSACTION, TIME, NON_KEYWORDS, DEFAULT_NULL_ORDERING";]
	at org.hibernate.tool.schema.internal.exec.GenerationTargetToDatabase.accept(GenerationTargetToDatabase.java:94) ~[hibernate-core-6.6.29.Final.jar:6.6.29.Final]
	at org.hibernate.tool.schema.internal.Helper.applySqlString(Helper.java:233) ~[hibernate-core-6.6.29.Final.jar:6.6.29.Final]
	at org.hibernate.tool.schema.internal.SchemaDropperImpl.dropFromMetadata(SchemaDropperImpl.java:213) ~[hibernate-core-6.6.29.Final.jar:6.6.29.Final]
	at org.hibernate.tool.schema.internal.SchemaDropperImpl.performDrop(SchemaDropperImpl.java:186) ~[hibernate-core-6.6.29.Final.jar:6.6.29.Final]
	at org.hibernate.tool.schema.internal.SchemaDropperImpl.doDrop(SchemaDropperImpl.java:156) ~[hibernate-core-6.6.29.Final.jar:6.6.29.Final]
	at org.hibernate.tool.schema.internal.SchemaDropperImpl.doDrop(SchemaDropperImpl.java:116) ~[hibernate-core-6.6.29.Final.jar:6.6.29.Final]
	at org.hibernate.tool.schema.spi.SchemaManagementToolCoordinator.performDatabaseAction(SchemaManagementToolCoordinator.java:238) ~[hibernate-core-6.6.29.Final.jar:6.6.29.Final]
	at org.hibernate.tool.schema.spi.SchemaManagementToolCoordinator.lambda$process$5(SchemaManagementToolCoordinator.java:144) ~[hibernate-core-6.6.29.Final.jar:6.6.29.Final]
	at java.base/java.util.HashMap.forEach(HashMap.java:1429) ~[na:na]
	at org.hibernate.tool.schema.spi.SchemaManagementToolCoordinator.process(SchemaManagementToolCoordinator.java:141) ~[hibernate-core-6.6.29.Final.jar:6.6.29.Final]
	at org.hibernate.boot.internal.SessionFactoryObserverForSchemaExport.sessionFactoryCreated(SessionFactoryObserverForSchemaExport.java:37) ~[hibernate-core-6.6.29.Final.jar:6.6.29.Final]
	at org.hibernate.internal.SessionFactoryObserverChain.sessionFactoryCreated(SessionFactoryObserverChain.java:35) ~[hibernate-core-6.6.29.Final.jar:6.6.29.Final]
	at org.hibernate.internal.SessionFactoryImpl.<init>(SessionFactoryImpl.java:324) ~[hibernate-core-6.6.29.Final.jar:6.6.29.Final]
	at org.hibernate.boot.internal.SessionFactoryBuilderImpl.build(SessionFactoryBuilderImpl.java:463) ~[hibernate-core-6.6.29.Final.jar:6.6.29.Final]
	at org.hibernate.jpa.boot.internal.EntityManagerFactoryBuilderImpl.build(EntityManagerFactoryBuilderImpl.java:1517) ~[hibernate-core-6.6.29.Final.jar:6.6.29.Final]
	at org.springframework.orm.jpa.vendor.SpringHibernateJpaPersistenceProvider.createContainerEntityManagerFactory(SpringHibernateJpaPersistenceProvider.java:66) ~[spring-orm-6.2.11.jar:6.2.11]
	at org.springframework.orm.jpa.LocalContainerEntityManagerFactoryBean.createNativeEntityManagerFactory(LocalContainerEntityManagerFactoryBean.java:390) ~[spring-orm-6.2.11.jar:6.2.11]
	at org.springframework.orm.jpa.AbstractEntityManagerFactoryBean.buildNativeEntityManagerFactory(AbstractEntityManagerFactoryBean.java:419) ~[spring-orm-6.2.11.jar:6.2.11]
	at org.springframework.orm.jpa.AbstractEntityManagerFactoryBean.afterPropertiesSet(AbstractEntityManagerFactoryBean.java:400) ~[spring-orm-6.2.11.jar:6.2.11]
	at org.springframework.orm.jpa.LocalContainerEntityManagerFactoryBean.afterPropertiesSet(LocalContainerEntityManagerFactoryBean.java:366) ~[spring-orm-6.2.11.jar:6.2.11]
	at org.springframework.beans.factory.support.AbstractAutowireCapableBeanFactory.invokeInitMethods(AbstractAutowireCapableBeanFactory.java:1873) ~[spring-beans-6.2.11.jar:6.2.11]
	at org.springframework.beans.factory.support.AbstractAutowireCapableBeanFactory.initializeBean(AbstractAutowireCapableBeanFactory.java:1822) ~[spring-beans-6.2.11.jar:6.2.11]
	at org.springframework.beans.factory.support.AbstractAutowireCapableBeanFactory.doCreateBean(AbstractAutowireCapableBeanFactory.java:607) ~[spring-beans-6.2.11.jar:6.2.11]
	at org.springframework.beans.factory.support.AbstractAutowireCapableBeanFactory.createBean(AbstractAutowireCapableBeanFactory.java:529) ~[spring-beans-6.2.11.jar:6.2.11]
	at org.springframework.beans.factory.support.AbstractBeanFactory.lambda$doGetBean$0(AbstractBeanFactory.java:339) ~[spring-beans-6.2.11.jar:6.2.11]
	at org.springframework.beans.factory.support.DefaultSingletonBeanRegistry.getSingleton(DefaultSingletonBeanRegistry.java:373) ~[spring-beans-6.2.11.jar:6.2.11]
	at org.springframework.beans.factory.support.AbstractBeanFactory.doGetBean(AbstractBeanFactory.java:337) ~[spring-beans-6.2.11.jar:6.2.11]
	at org.springframework.beans.factory.support.AbstractBeanFactory.getBean(AbstractBeanFactory.java:207) ~[spring-beans-6.2.11.jar:6.2.11]
	at org.springframework.context.support.AbstractApplicationContext.finishBeanFactoryInitialization(AbstractApplicationContext.java:970) ~[spring-context-6.2.11.jar:6.2.11]
	at org.springframework.context.support.AbstractApplicationContext.refresh(AbstractApplicationContext.java:627) ~[spring-context-6.2.11.jar:6.2.11]
	at org.springframework.boot.SpringApplication.refresh(SpringApplication.java:752) ~[spring-boot-3.5.6.jar:3.5.6]
	at org.springframework.boot.SpringApplication.refreshContext(SpringApplication.java:439) ~[spring-boot-3.5.6.jar:3.5.6]
	at org.springframework.boot.SpringApplication.run(SpringApplication.java:318) ~[spring-boot-3.5.6.jar:3.5.6]
	at org.springframework.boot.test.context.SpringBootContextLoader.lambda$loadContext$3(SpringBootContextLoader.java:144) ~[spring-boot-test-3.5.6.jar:3.5.6]
	at org.springframework.util.function.ThrowingSupplier.get(ThrowingSupplier.java:58) ~[spring-core-6.2.11.jar:6.2.11]
	at org.springframework.util.function.ThrowingSupplier.get(ThrowingSupplier.java:46) ~[spring-core-6.2.11.jar:6.2.11]
	at org.springframework.boot.SpringApplication.withHook(SpringApplication.java:1461) ~[spring-boot-3.5.6.jar:3.5.6]
	at org.springframework.boot.test.context.SpringBootContextLoader$ContextLoaderHook.run(SpringBootContextLoader.java:563) ~[spring-boot-test-3.5.6.jar:3.5.6]
	at org.springframework.boot.test.context.SpringBootContextLoader.loadContext(SpringBootContextLoader.java:144) ~[spring-boot-test-3.5.6.jar:3.5.6]
	at org.springframework.boot.test.context.SpringBootContextLoader.loadContext(SpringBootContextLoader.java:110) ~[spring-boot-test-3.5.6.jar:3.5.6]
	at org.springframework.test.context.cache.DefaultCacheAwareContextLoaderDelegate.loadContextInternal(DefaultCacheAwareContextLoaderDelegate.java:225) ~[spring-test-6.2.11.jar:6.2.11]
	at org.springframework.test.context.cache.DefaultCacheAwareContextLoaderDelegate.loadContext(DefaultCacheAwareContextLoaderDelegate.java:152) ~[spring-test-6.2.11.jar:6.2.11]
	at org.springframework.test.context.support.DefaultTestContext.getApplicationContext(DefaultTestContext.java:130) ~[spring-test-6.2.11.jar:6.2.11]
	at org.springframework.test.context.support.DependencyInjectionTestExecutionListener.injectDependencies(DependencyInjectionTestExecutionListener.java:155) ~[spring-test-6.2.11.jar:6.2.11]
	at org.springframework.test.context.support.DependencyInjectionTestExecutionListener.prepareTestInstance(DependencyInjectionTestExecutionListener.java:111) ~[spring-test-6.2.11.jar:6.2.11]
	at org.springframework.test.context.TestContextManager.prepareTestInstance(TestContextManager.java:260) ~[spring-test-6.2.11.jar:6.2.11]
	at org.springframework.test.context.junit.jupiter.SpringExtension.postProcessTestInstance(SpringExtension.java:159) ~[spring-test-6.2.11.jar:6.2.11]
	at org.junit.jupiter.engine.descriptor.ClassBasedTestDescriptor.lambda$invokeTestInstancePostProcessors$10(ClassBasedTestDescriptor.java:383) ~[junit-jupiter-engine-5.12.2.jar:5.12.2]
	at org.junit.jupiter.engine.descriptor.ClassBasedTestDescriptor.executeAndMaskThrowable(ClassBasedTestDescriptor.java:388) ~[junit-jupiter-engine-5.12.2.jar:5.12.2]
	at org.junit.jupiter.engine.descriptor.ClassBasedTestDescriptor.lambda$invokeTestInstancePostProcessors$11(ClassBasedTestDescriptor.java:382) ~[junit-jupiter-engine-5.12.2.jar:5.12.2]
	at java.base/java.util.stream.ForEachOps$ForEachOp$OfRef.accept(ForEachOps.java:184) ~[na:na]
	at java.base/java.util.stream.ReferencePipeline$3$1.accept(ReferencePipeline.java:197) ~[na:na]
	at java.base/java.util.stream.ReferencePipeline$2$1.accept(ReferencePipeline.java:179) ~[na:na]
	at java.base/java.util.stream.ReferencePipeline$3$1.accept(ReferencePipeline.java:197) ~[na:na]
	at java.base/java.util.ArrayList$ArrayListSpliterator.forEachRemaining(ArrayList.java:1708) ~[na:na]
	at java.base/java.util.stream.AbstractPipeline.copyInto(AbstractPipeline.java:509) ~[na:na]
	at java.base/java.util.stream.AbstractPipeline.wrapAndCopyInto(AbstractPipeline.java:499) ~[na:na]
	at java.base/java.util.stream.ForEachOps$ForEachOp.evaluateSequential(ForEachOps.java:151) ~[na:na]
	at java.base/java.util.stream.ForEachOps$ForEachOp$OfRef.evaluateSequential(ForEachOps.java:174) ~[na:na]
	at java.base/java.util.stream.AbstractPipeline.evaluate(AbstractPipeline.java:234) ~[na:na]
	at java.base/java.util.stream.ReferencePipeline.forEach(ReferencePipeline.java:596) ~[na:na]
	at org.junit.jupiter.engine.descriptor.ClassBasedTestDescriptor.invokeTestInstancePostProcessors(ClassBasedTestDescriptor.java:382) ~[junit-jupiter-engine-5.12.2.jar:5.12.2]
	at org.junit.jupiter.engine.descriptor.ClassBasedTestDescriptor.lambda$instantiateAndPostProcessTestInstance$6(ClassBasedTestDescriptor.java:293) ~[junit-jupiter-engine-5.12.2.jar:5.12.2]
	at org.junit.platform.engine.support.hierarchical.ThrowableCollector.execute(ThrowableCollector.java:73) ~[junit-platform-engine-1.12.2.jar:1.12.2]
	at org.junit.jupiter.engine.descriptor.ClassBasedTestDescriptor.instantiateAndPostProcessTestInstance(ClassBasedTestDescriptor.java:292) ~[junit-jupiter-engine-5.12.2.jar:5.12.2]
	at org.junit.jupiter.engine.descriptor.ClassBasedTestDescriptor.lambda$testInstancesProvider$4(ClassBasedTestDescriptor.java:281) ~[junit-jupiter-engine-5.12.2.jar:5.12.2]
	at java.base/java.util.Optional.orElseGet(Optional.java:364) ~[na:na]
	at org.junit.jupiter.engine.descriptor.ClassBasedTestDescriptor.lambda$testInstancesProvider$5(ClassBasedTestDescriptor.java:280) ~[junit-jupiter-engine-5.12.2.jar:5.12.2]
	at org.junit.jupiter.engine.execution.TestInstancesProvider.getTestInstances(TestInstancesProvider.java:27) ~[junit-jupiter-engine-5.12.2.jar:5.12.2]
	at org.junit.jupiter.engine.descriptor.TestMethodTestDescriptor.lambda$prepare$0(TestMethodTestDescriptor.java:112) ~[junit-jupiter-engine-5.12.2.jar:5.12.2]
	at org.junit.platform.engine.support.hierarchical.ThrowableCollector.execute(ThrowableCollector.java:73) ~[junit-platform-engine-1.12.2.jar:1.12.2]
	at org.junit.jupiter.engine.descriptor.TestMethodTestDescriptor.prepare(TestMethodTestDescriptor.java:111) ~[junit-jupiter-engine-5.12.2.jar:5.12.2]
	at org.junit.jupiter.engine.descriptor.TestMethodTestDescriptor.prepare(TestMethodTestDescriptor.java:69) ~[junit-jupiter-engine-5.12.2.jar:5.12.2]
	at org.junit.platform.engine.support.hierarchical.NodeTestTask.lambda$prepare$2(NodeTestTask.java:128) ~[junit-platform-engine-1.12.2.jar:1.12.2]
	at org.junit.platform.engine.support.hierarchical.ThrowableCollector.execute(ThrowableCollector.java:73) ~[junit-platform-engine-1.12.2.jar:1.12.2]
	at org.junit.platform.engine.support.hierarchical.NodeTestTask.prepare(NodeTestTask.java:128) ~[junit-platform-engine-1.12.2.jar:1.12.2]
	at org.junit.platform.engine.support.hierarchical.NodeTestTask.execute(NodeTestTask.java:95) ~[junit-platform-engine-1.12.2.jar:1.12.2]
	at java.base/java.util.ArrayList.forEach(ArrayList.java:1596) ~[na:na]
	at org.junit.platform.engine.support.hierarchical.SameThreadHierarchicalTestExecutorService.invokeAll(SameThreadHierarchicalTestExecutorService.java:41) ~[junit-platform-engine-1.12.2.jar:1.12.2]
	at org.junit.platform.engine.support.hierarchical.NodeTestTask.lambda$executeRecursively$6(NodeTestTask.java:160) ~[junit-platform-engine-1.12.2.jar:1.12.2]
	at org.junit.platform.engine.support.hierarchical.ThrowableCollector.execute(ThrowableCollector.java:73) ~[junit-platform-engine-1.12.2.jar:1.12.2]
	at org.junit.platform.engine.support.hierarchical.NodeTestTask.lambda$executeRecursively$8(NodeTestTask.java:146) ~[junit-platform-engine-1.12.2.jar:1.12.2]
	at org.junit.platform.engine.support.hierarchical.Node.around(Node.java:137) ~[junit-platform-engine-1.12.2.jar:1.12.2]
	at org.junit.platform.engine.support.hierarchical.NodeTestTask.lambda$executeRecursively$9(NodeTestTask.java:144) ~[junit-platform-engine-1.12.2.jar:1.12.2]
	at org.junit.platform.engine.support.hierarchical.ThrowableCollector.execute(ThrowableCollector.java:73) ~[junit-platform-engine-1.12.2.jar:1.12.2]
	at org.junit.platform.engine.support.hierarchical.NodeTestTask.executeRecursively(NodeTestTask.java:143) ~[junit-platform-engine-1.12.2.jar:1.12.2]
	at org.junit.platform.engine.support.hierarchical.NodeTestTask.execute(NodeTestTask.java:100) ~[junit-platform-engine-1.12.2.jar:1.12.2]
	at java.base/java.util.ArrayList.forEach(ArrayList.java:1596) ~[na:na]
	at org.junit.platform.engine.support.hierarchical.SameThreadHierarchicalTestExecutorService.invokeAll(SameThreadHierarchicalTestExecutorService.java:41) ~[junit-platform-engine-1.12.2.jar:1.12.2]
	at org.junit.platform.engine.support.hierarchical.NodeTestTask.lambda$executeRecursively$6(NodeTestTask.java:160) ~[junit-platform-engine-1.12.2.jar:1.12.2]
	at org.junit.platform.engine.support.hierarchical.ThrowableCollector.execute(ThrowableCollector.java:73) ~[junit-platform-engine-1.12.2.jar:1.12.2]
	at org.junit.platform.engine.support.hierarchical.NodeTestTask.lambda$executeRecursively$8(NodeTestTask.java:146) ~[junit-platform-engine-1.12.2.jar:1.12.2]
	at org.junit.platform.engine.support.hierarchical.Node.around(Node.java:137) ~[junit-platform-engine-1.12.2.jar:1.12.2]
	at org.junit.platform.engine.support.hierarchical.NodeTestTask.lambda$executeRecursively$9(NodeTestTask.java:144) ~[junit-platform-engine-1.12.2.jar:1.12.2]
	at org.junit.platform.engine.support.hierarchical.ThrowableCollector.execute(ThrowableCollector.java:73) ~[junit-platform-engine-1.12.2.jar:1.12.2]
	at org.junit.platform.engine.support.hierarchical.NodeTestTask.executeRecursively(NodeTestTask.java:143) ~[junit-platform-engine-1.12.2.jar:1.12.2]
	at org.junit.platform.engine.support.hierarchical.NodeTestTask.execute(NodeTestTask.java:100) ~[junit-platform-engine-1.12.2.jar:1.12.2]
	at org.junit.platform.engine.support.hierarchical.SameThreadHierarchicalTestExecutorService.submit(SameThreadHierarchicalTestExecutorService.java:35) ~[junit-platform-engine-1.12.2.jar:1.12.2]
	at org.junit.platform.engine.support.hierarchical.HierarchicalTestExecutor.execute(HierarchicalTestExecutor.java:57) ~[junit-platform-engine-1.12.2.jar:1.12.2]
	at org.junit.platform.engine.support.hierarchical.HierarchicalTestEngine.execute(HierarchicalTestEngine.java:54) ~[junit-platform-engine-1.12.2.jar:1.12.2]
	at org.junit.platform.launcher.core.EngineExecutionOrchestrator.execute(EngineExecutionOrchestrator.java:201) ~[junit-platform-launcher-1.12.2.jar:1.12.2]
	at org.junit.platform.launcher.core.EngineExecutionOrchestrator.execute(EngineExecutionOrchestrator.java:170) ~[junit-platform-launcher-1.12.2.jar:1.12.2]
	at org.junit.platform.launcher.core.EngineExecutionOrchestrator.execute(EngineExecutionOrchestrator.java:94) ~[junit-platform-launcher-1.12.2.jar:1.12.2]
	at org.junit.platform.launcher.core.EngineExecutionOrchestrator.lambda$execute$0(EngineExecutionOrchestrator.java:59) ~[junit-platform-launcher-1.12.2.jar:1.12.2]
	at org.junit.platform.launcher.core.EngineExecutionOrchestrator.withInterceptedStreams(EngineExecutionOrchestrator.java:142) ~[junit-platform-launcher-1.12.2.jar:1.12.2]
	at org.junit.platform.launcher.core.EngineExecutionOrchestrator.execute(EngineExecutionOrchestrator.java:58) ~[junit-platform-launcher-1.12.2.jar:1.12.2]
	at org.junit.platform.launcher.core.DefaultLauncher.execute(DefaultLauncher.java:103) ~[junit-platform-launcher-1.12.2.jar:1.12.2]
	at org.junit.platform.launcher.core.DefaultLauncher.execute(DefaultLauncher.java:85) ~[junit-platform-launcher-1.12.2.jar:1.12.2]
	at org.junit.platform.launcher.core.DelegatingLauncher.execute(DelegatingLauncher.java:47) ~[junit-platform-launcher-1.12.2.jar:1.12.2]
	at org.junit.platform.launcher.core.InterceptingLauncher.lambda$execute$1(InterceptingLauncher.java:39) ~[junit-platform-launcher-1.12.2.jar:1.12.2]
	at org.junit.platform.launcher.core.ClasspathAlignmentCheckingLauncherInterceptor.intercept(ClasspathAlignmentCheckingLauncherInterceptor.java:25) ~[junit-platform-launcher-1.12.2.jar:1.12.2]
	at org.junit.platform.launcher.core.InterceptingLauncher.execute(InterceptingLauncher.java:38) ~[junit-platform-launcher-1.12.2.jar:1.12.2]
	at org.junit.platform.launcher.core.DelegatingLauncher.execute(DelegatingLauncher.java:47) ~[junit-platform-launcher-1.12.2.jar:1.12.2]
	at org.apache.maven.surefire.junitplatform.LauncherAdapter.executeWithoutCancellationToken(LauncherAdapter.java:60) ~[surefire-junit-platform-3.5.4.jar:3.5.4]
	at org.apache.maven.surefire.junitplatform.LauncherAdapter.execute(LauncherAdapter.java:52) ~[surefire-junit-platform-3.5.4.jar:3.5.4]
	at org.apache.maven.surefire.junitplatform.JUnitPlatformProvider.execute(JUnitPlatformProvider.java:203) ~[surefire-junit-platform-3.5.4.jar:3.5.4]
	at org.apache.maven.surefire.junitplatform.JUnitPlatformProvider.invokeAllTests(JUnitPlatformProvider.java:168) ~[surefire-junit-platform-3.5.4.jar:3.5.4]
	at org.apache.maven.surefire.junitplatform.JUnitPlatformProvider.invoke(JUnitPlatformProvider.java:136) ~[surefire-junit-platform-3.5.4.jar:3.5.4]
	at org.apache.maven.surefire.booter.ForkedBooter.runSuitesInProcess(ForkedBooter.java:385) ~[surefire-booter-3.5.4.jar:3.5.4]
	at org.apache.maven.surefire.booter.ForkedBooter.execute(ForkedBooter.java:162) ~[surefire-booter-3.5.4.jar:3.5.4]
	at org.apache.maven.surefire.booter.ForkedBooter.run(ForkedBooter.java:507) ~[surefire-booter-3.5.4.jar:3.5.4]
	at org.apache.maven.surefire.booter.ForkedBooter.main(ForkedBooter.java:495) ~[surefire-booter-3.5.4.jar:3.5.4]
Caused by: org.h2.jdbc.JdbcSQLSyntaxErrorException: Erreur de syntaxe dans l'instruction SQL "set [*]client_min_messages = WARNING"; attendu "@, AUTOCOMMIT, EXCLUSIVE, IGNORECASE, PASSWORD, SALT, MODE, DATABASE, COLLATION, CLUSTER, DATABASE_EVENT_LISTENER, ALLOW_LITERALS, DEFAULT_TABLE_TYPE, SCHEMA, CATALOG, SCHEMA_SEARCH_PATH, JAVA_OBJECT_SERIALIZER, IGNORE_CATALOGS, SESSION, TRANSACTION, TIME, NON_KEYWORDS, DEFAULT_NULL_ORDERING"
Syntax error in SQL statement "set [*]client_min_messages = WARNING"; expected "@, AUTOCOMMIT, EXCLUSIVE, IGNORECASE, PASSWORD, SALT, MODE, DATABASE, COLLATION, CLUSTER, DATABASE_EVENT_LISTENER, ALLOW_LITERALS, DEFAULT_TABLE_TYPE, SCHEMA, CATALOG, SCHEMA_SEARCH_PATH, JAVA_OBJECT_SERIALIZER, IGNORE_CATALOGS, SESSION, TRANSACTION, TIME, NON_KEYWORDS, DEFAULT_NULL_ORDERING"; SQL statement:
set client_min_messages = WARNING [42001-232]
	at org.h2.message.DbException.getJdbcSQLException(DbException.java:514) ~[h2-2.3.232.jar:2.3.232]
	at org.h2.message.DbException.getJdbcSQLException(DbException.java:489) ~[h2-2.3.232.jar:2.3.232]
	at org.h2.message.DbException.getSyntaxError(DbException.java:261) ~[h2-2.3.232.jar:2.3.232]
	at org.h2.command.ParserBase.getSyntaxError(ParserBase.java:762) ~[h2-2.3.232.jar:2.3.232]
	at org.h2.command.Parser.parseSet(Parser.java:7592) ~[h2-2.3.232.jar:2.3.232]
	at org.h2.command.Parser.parsePrepared(Parser.java:614) ~[h2-2.3.232.jar:2.3.232]
	at org.h2.command.Parser.parse(Parser.java:581) ~[h2-2.3.232.jar:2.3.232]
	at org.h2.command.Parser.parse(Parser.java:561) ~[h2-2.3.232.jar:2.3.232]
	at org.h2.command.Parser.prepareCommand(Parser.java:484) ~[h2-2.3.232.jar:2.3.232]
	at org.h2.engine.SessionLocal.prepareLocal(SessionLocal.java:645) ~[h2-2.3.232.jar:2.3.232]
	at org.h2.engine.SessionLocal.prepareCommand(SessionLocal.java:561) ~[h2-2.3.232.jar:2.3.232]
	at org.h2.jdbc.JdbcConnection.prepareCommand(JdbcConnection.java:1164) ~[h2-2.3.232.jar:2.3.232]
	at org.h2.jdbc.JdbcStatement.executeInternal(JdbcStatement.java:245) ~[h2-2.3.232.jar:2.3.232]
	at org.h2.jdbc.JdbcStatement.execute(JdbcStatement.java:231) ~[h2-2.3.232.jar:2.3.232]
	at org.hibernate.tool.schema.internal.exec.GenerationTargetToDatabase.accept(GenerationTargetToDatabase.java:80) ~[hibernate-core-6.6.29.Final.jar:6.6.29.Final]
	... 121 common frames omitted

2025-10-16T22:55:58.517Z DEBUG 22842 --- [supermarket-manager-backend-test] [           main] org.hibernate.SQL                        : alter table if exists absences drop constraint if exists FKoimbt5tg2h6lpx7h2sxlegpwf
Hibernate: alter table if exists absences drop constraint if exists FKoimbt5tg2h6lpx7h2sxlegpwf
2025-10-16T22:55:58.518Z DEBUG 22842 --- [supermarket-manager-backend-test] [           main] org.hibernate.SQL                        : alter table if exists absences drop constraint if exists FKcgca4w0jf3wxnnbulhrb5wdge
Hibernate: alter table if exists absences drop constraint if exists FKcgca4w0jf3wxnnbulhrb5wdge
2025-10-16T22:55:58.518Z DEBUG 22842 --- [supermarket-manager-backend-test] [           main] org.hibernate.SQL                        : alter table if exists achat_produits drop constraint if exists FKfsa39gb3on86cb0yfsp4uy70g
Hibernate: alter table if exists achat_produits drop constraint if exists FKfsa39gb3on86cb0yfsp4uy70g
2025-10-16T22:55:58.519Z DEBUG 22842 --- [supermarket-manager-backend-test] [           main] org.hibernate.SQL                        : alter table if exists client_categories_preferees drop constraint if exists FKm9eakvgn5ux6frvv0ufx8afde
Hibernate: alter table if exists client_categories_preferees drop constraint if exists FKm9eakvgn5ux6frvv0ufx8afde
2025-10-16T22:55:58.519Z DEBUG 22842 --- [supermarket-manager-backend-test] [           main] org.hibernate.SQL                        : alter table if exists commandes drop constraint if exists FKr11cplr3txy5vrvvineq8lcj3
Hibernate: alter table if exists commandes drop constraint if exists FKr11cplr3txy5vrvvineq8lcj3
2025-10-16T22:55:58.520Z DEBUG 22842 --- [supermarket-manager-backend-test] [           main] org.hibernate.SQL                        : alter table if exists documents drop constraint if exists FKchpn9oir08lkr1p0mkel20kvm
Hibernate: alter table if exists documents drop constraint if exists FKchpn9oir08lkr1p0mkel20kvm
2025-10-16T22:55:58.520Z DEBUG 22842 --- [supermarket-manager-backend-test] [           main] org.hibernate.SQL                        : alter table if exists evaluations drop constraint if exists FKemf4pw9nsi3jlgv90xaijw7a0
Hibernate: alter table if exists evaluations drop constraint if exists FKemf4pw9nsi3jlgv90xaijw7a0
2025-10-16T22:55:58.521Z DEBUG 22842 --- [supermarket-manager-backend-test] [           main] org.hibernate.SQL                        : alter table if exists evaluations drop constraint if exists FKi54yja2m72irrw6b57kogxp7h
Hibernate: alter table if exists evaluations drop constraint if exists FKi54yja2m72irrw6b57kogxp7h
2025-10-16T22:55:58.521Z DEBUG 22842 --- [supermarket-manager-backend-test] [           main] org.hibernate.SQL                        : alter table if exists historique_achats drop constraint if exists FK164acfpk9x4eiql8jb8w24wju
Hibernate: alter table if exists historique_achats drop constraint if exists FK164acfpk9x4eiql8jb8w24wju
2025-10-16T22:55:58.521Z DEBUG 22842 --- [supermarket-manager-backend-test] [           main] org.hibernate.SQL                        : alter table if exists lignes_commande drop constraint if exists FKtry44xh8jbos217m4nk3wyyem
Hibernate: alter table if exists lignes_commande drop constraint if exists FKtry44xh8jbos217m4nk3wyyem
2025-10-16T22:55:58.522Z DEBUG 22842 --- [supermarket-manager-backend-test] [           main] org.hibernate.SQL                        : alter table if exists lignes_commande drop constraint if exists FK97125vvuxcin9rytjad4u9bm4
Hibernate: alter table if exists lignes_commande drop constraint if exists FK97125vvuxcin9rytjad4u9bm4
2025-10-16T22:55:58.522Z DEBUG 22842 --- [supermarket-manager-backend-test] [           main] org.hibernate.SQL                        : alter table if exists lignes_transaction drop constraint if exists FKr3bd88otkduqpe4ogkjmekavl
Hibernate: alter table if exists lignes_transaction drop constraint if exists FKr3bd88otkduqpe4ogkjmekavl
2025-10-16T22:55:58.522Z DEBUG 22842 --- [supermarket-manager-backend-test] [           main] org.hibernate.SQL                        : alter table if exists lignes_transaction drop constraint if exists FKa8lpec6fvkmyjxi6335vegdoe
Hibernate: alter table if exists lignes_transaction drop constraint if exists FKa8lpec6fvkmyjxi6335vegdoe
2025-10-16T22:55:58.523Z DEBUG 22842 --- [supermarket-manager-backend-test] [           main] org.hibernate.SQL                        : alter table if exists lignes_transaction drop constraint if exists FK5lsaexvw7gpf25eq8ll701g05
Hibernate: alter table if exists lignes_transaction drop constraint if exists FK5lsaexvw7gpf25eq8ll701g05
2025-10-16T22:55:58.523Z DEBUG 22842 --- [supermarket-manager-backend-test] [           main] org.hibernate.SQL                        : alter table if exists lots_produits drop constraint if exists FK6ogdohrkuhpu03cm27bbkyk8v
Hibernate: alter table if exists lots_produits drop constraint if exists FK6ogdohrkuhpu03cm27bbkyk8v
2025-10-16T22:55:58.524Z DEBUG 22842 --- [supermarket-manager-backend-test] [           main] org.hibernate.SQL                        : alter table if exists lots_produits drop constraint if exists FK8ca7r7y2kfrq19ojrgc6f3b27
Hibernate: alter table if exists lots_produits drop constraint if exists FK8ca7r7y2kfrq19ojrgc6f3b27
2025-10-16T22:55:58.524Z DEBUG 22842 --- [supermarket-manager-backend-test] [           main] org.hibernate.SQL                        : alter table if exists mouvements_points drop constraint if exists FK1kmw5dbscc5oa7rwyvmovj99d
Hibernate: alter table if exists mouvements_points drop constraint if exists FK1kmw5dbscc5oa7rwyvmovj99d
2025-10-16T22:55:58.525Z DEBUG 22842 --- [supermarket-manager-backend-test] [           main] org.hibernate.SQL                        : alter table if exists plannings drop constraint if exists FKceksolw6tn7g1chr37drp14cj
Hibernate: alter table if exists plannings drop constraint if exists FKceksolw6tn7g1chr37drp14cj
2025-10-16T22:55:58.525Z DEBUG 22842 --- [supermarket-manager-backend-test] [           main] org.hibernate.SQL                        : alter table if exists pointages drop constraint if exists FKlhh1saj88nc05xwnbh7ptrlxd
Hibernate: alter table if exists pointages drop constraint if exists FKlhh1saj88nc05xwnbh7ptrlxd
2025-10-16T22:55:58.525Z DEBUG 22842 --- [supermarket-manager-backend-test] [           main] org.hibernate.SQL                        : alter table if exists produits drop constraint if exists FK8xk7p0dnnygs2sys4thsfekba
Hibernate: alter table if exists produits drop constraint if exists FK8xk7p0dnnygs2sys4thsfekba
2025-10-16T22:55:58.526Z DEBUG 22842 --- [supermarket-manager-backend-test] [           main] org.hibernate.SQL                        : alter table if exists produits drop constraint if exists FKk2888vt925safbmady1p0i41f
Hibernate: alter table if exists produits drop constraint if exists FKk2888vt925safbmady1p0i41f
2025-10-16T22:55:58.526Z DEBUG 22842 --- [supermarket-manager-backend-test] [           main] org.hibernate.SQL                        : alter table if exists promotions drop constraint if exists FKf6k3qgusipreupfucrt1egbq5
Hibernate: alter table if exists promotions drop constraint if exists FKf6k3qgusipreupfucrt1egbq5
2025-10-16T22:55:58.527Z DEBUG 22842 --- [supermarket-manager-backend-test] [           main] org.hibernate.SQL                        : alter table if exists stocks drop constraint if exists FKss2exw53yi89rplsmyy8sujds
Hibernate: alter table if exists stocks drop constraint if exists FKss2exw53yi89rplsmyy8sujds
2025-10-16T22:55:58.527Z DEBUG 22842 --- [supermarket-manager-backend-test] [           main] org.hibernate.SQL                        : alter table if exists stocks drop constraint if exists FKb2i3r2l2dgqwuna57e41yl4my
Hibernate: alter table if exists stocks drop constraint if exists FKb2i3r2l2dgqwuna57e41yl4my
2025-10-16T22:55:58.527Z DEBUG 22842 --- [supermarket-manager-backend-test] [           main] org.hibernate.SQL                        : alter table if exists transaction_promotions drop constraint if exists FKo02p9qnauxdtwhm6m62r3qrsa
Hibernate: alter table if exists transaction_promotions drop constraint if exists FKo02p9qnauxdtwhm6m62r3qrsa
2025-10-16T22:55:58.528Z DEBUG 22842 --- [supermarket-manager-backend-test] [           main] org.hibernate.SQL                        : alter table if exists transaction_promotions drop constraint if exists FKouew39wtt5wlvc7gyh5tqrk3m
Hibernate: alter table if exists transaction_promotions drop constraint if exists FKouew39wtt5wlvc7gyh5tqrk3m
2025-10-16T22:55:58.528Z DEBUG 22842 --- [supermarket-manager-backend-test] [           main] org.hibernate.SQL                        : alter table if exists transactions drop constraint if exists FK9lcsabnw94fwg6ds2mlpf9qry
Hibernate: alter table if exists transactions drop constraint if exists FK9lcsabnw94fwg6ds2mlpf9qry
2025-10-16T22:55:58.528Z DEBUG 22842 --- [supermarket-manager-backend-test] [           main] org.hibernate.SQL                        : alter table if exists user_roles drop constraint if exists FKh8ciramu9cc9q3qcqiv4ue8a6
Hibernate: alter table if exists user_roles drop constraint if exists FKh8ciramu9cc9q3qcqiv4ue8a6
2025-10-16T22:55:58.529Z DEBUG 22842 --- [supermarket-manager-backend-test] [           main] org.hibernate.SQL                        : alter table if exists user_roles drop constraint if exists FKhfh9dx7w3ubf1co1vdev94g3f
Hibernate: alter table if exists user_roles drop constraint if exists FKhfh9dx7w3ubf1co1vdev94g3f
2025-10-16T22:55:58.529Z DEBUG 22842 --- [supermarket-manager-backend-test] [           main] org.hibernate.SQL                        : alter table if exists ventes_produit drop constraint if exists FK923v5uke6svl1nqrinac5odvw
Hibernate: alter table if exists ventes_produit drop constraint if exists FK923v5uke6svl1nqrinac5odvw
2025-10-16T22:55:58.530Z DEBUG 22842 --- [supermarket-manager-backend-test] [           main] org.hibernate.SQL                        : drop table if exists absences cascade
Hibernate: drop table if exists absences cascade
2025-10-16T22:55:58.530Z DEBUG 22842 --- [supermarket-manager-backend-test] [           main] org.hibernate.SQL                        : drop table if exists achat_produits cascade
Hibernate: drop table if exists achat_produits cascade
2025-10-16T22:55:58.530Z DEBUG 22842 --- [supermarket-manager-backend-test] [           main] org.hibernate.SQL                        : drop table if exists cartes_fidelite cascade
Hibernate: drop table if exists cartes_fidelite cascade
2025-10-16T22:55:58.531Z DEBUG 22842 --- [supermarket-manager-backend-test] [           main] org.hibernate.SQL                        : drop table if exists categories cascade
Hibernate: drop table if exists categories cascade
2025-10-16T22:55:58.531Z DEBUG 22842 --- [supermarket-manager-backend-test] [           main] org.hibernate.SQL                        : drop table if exists client_categories_preferees cascade
Hibernate: drop table if exists client_categories_preferees cascade
2025-10-16T22:55:58.531Z DEBUG 22842 --- [supermarket-manager-backend-test] [           main] org.hibernate.SQL                        : drop table if exists clients cascade
Hibernate: drop table if exists clients cascade
2025-10-16T22:55:58.532Z DEBUG 22842 --- [supermarket-manager-backend-test] [           main] org.hibernate.SQL                        : drop table if exists commandes cascade
Hibernate: drop table if exists commandes cascade
2025-10-16T22:55:58.532Z DEBUG 22842 --- [supermarket-manager-backend-test] [           main] org.hibernate.SQL                        : drop table if exists documents cascade
Hibernate: drop table if exists documents cascade
2025-10-16T22:55:58.532Z DEBUG 22842 --- [supermarket-manager-backend-test] [           main] org.hibernate.SQL                        : drop table if exists employes cascade
Hibernate: drop table if exists employes cascade
2025-10-16T22:55:58.533Z DEBUG 22842 --- [supermarket-manager-backend-test] [           main] org.hibernate.SQL                        : drop table if exists entrepots cascade
Hibernate: drop table if exists entrepots cascade
2025-10-16T22:55:58.533Z DEBUG 22842 --- [supermarket-manager-backend-test] [           main] org.hibernate.SQL                        : drop table if exists evaluations cascade
Hibernate: drop table if exists evaluations cascade
2025-10-16T22:55:58.533Z DEBUG 22842 --- [supermarket-manager-backend-test] [           main] org.hibernate.SQL                        : drop table if exists fournisseurs cascade
Hibernate: drop table if exists fournisseurs cascade
2025-10-16T22:55:58.534Z DEBUG 22842 --- [supermarket-manager-backend-test] [           main] org.hibernate.SQL                        : drop table if exists historique_achats cascade
Hibernate: drop table if exists historique_achats cascade
2025-10-16T22:55:58.534Z DEBUG 22842 --- [supermarket-manager-backend-test] [           main] org.hibernate.SQL                        : drop table if exists lignes_commande cascade
Hibernate: drop table if exists lignes_commande cascade
2025-10-16T22:55:58.534Z DEBUG 22842 --- [supermarket-manager-backend-test] [           main] org.hibernate.SQL                        : drop table if exists lignes_transaction cascade
Hibernate: drop table if exists lignes_transaction cascade
2025-10-16T22:55:58.535Z DEBUG 22842 --- [supermarket-manager-backend-test] [           main] org.hibernate.SQL                        : drop table if exists lots_produits cascade
Hibernate: drop table if exists lots_produits cascade
2025-10-16T22:55:58.535Z DEBUG 22842 --- [supermarket-manager-backend-test] [           main] org.hibernate.SQL                        : drop table if exists mouvements_points cascade
Hibernate: drop table if exists mouvements_points cascade
2025-10-16T22:55:58.535Z DEBUG 22842 --- [supermarket-manager-backend-test] [           main] org.hibernate.SQL                        : drop table if exists plannings cascade
Hibernate: drop table if exists plannings cascade
2025-10-16T22:55:58.536Z DEBUG 22842 --- [supermarket-manager-backend-test] [           main] org.hibernate.SQL                        : drop table if exists pointages cascade
Hibernate: drop table if exists pointages cascade
2025-10-16T22:55:58.536Z DEBUG 22842 --- [supermarket-manager-backend-test] [           main] org.hibernate.SQL                        : drop table if exists produits cascade
Hibernate: drop table if exists produits cascade
2025-10-16T22:55:58.536Z DEBUG 22842 --- [supermarket-manager-backend-test] [           main] org.hibernate.SQL                        : drop table if exists promotions cascade
Hibernate: drop table if exists promotions cascade
2025-10-16T22:55:58.537Z DEBUG 22842 --- [supermarket-manager-backend-test] [           main] org.hibernate.SQL                        : drop table if exists roles cascade
Hibernate: drop table if exists roles cascade
2025-10-16T22:55:58.537Z DEBUG 22842 --- [supermarket-manager-backend-test] [           main] org.hibernate.SQL                        : drop table if exists statistiques_frequentation cascade
Hibernate: drop table if exists statistiques_frequentation cascade
2025-10-16T22:55:58.537Z DEBUG 22842 --- [supermarket-manager-backend-test] [           main] org.hibernate.SQL                        : drop table if exists stocks cascade
Hibernate: drop table if exists stocks cascade
2025-10-16T22:55:58.537Z DEBUG 22842 --- [supermarket-manager-backend-test] [           main] org.hibernate.SQL                        : drop table if exists transaction_promotions cascade
Hibernate: drop table if exists transaction_promotions cascade
2025-10-16T22:55:58.538Z DEBUG 22842 --- [supermarket-manager-backend-test] [           main] org.hibernate.SQL                        : drop table if exists transactions cascade
Hibernate: drop table if exists transactions cascade
2025-10-16T22:55:58.538Z DEBUG 22842 --- [supermarket-manager-backend-test] [           main] org.hibernate.SQL                        : drop table if exists user_roles cascade
Hibernate: drop table if exists user_roles cascade
2025-10-16T22:55:58.539Z DEBUG 22842 --- [supermarket-manager-backend-test] [           main] org.hibernate.SQL                        : drop table if exists users cascade
Hibernate: drop table if exists users cascade
2025-10-16T22:55:58.539Z DEBUG 22842 --- [supermarket-manager-backend-test] [           main] org.hibernate.SQL                        : drop table if exists ventes_produit cascade
Hibernate: drop table if exists ventes_produit cascade
2025-10-16T22:55:58.540Z DEBUG 22842 --- [supermarket-manager-backend-test] [           main] org.hibernate.SQL                        : create table absences (date_debut date not null, date_fin date not null, date_validation date, employe_id bigint not null, id bigint generated by default as identity, validateur_id bigint, commentaire_validation varchar(500), motif varchar(1000), document_justificatif varchar(255), statut varchar(255) not null check (statut in ('EN_ATTENTE','APPROUVEE','REFUSEE','ANNULEE')), type varchar(255) not null check (type in ('CONGE_PAYE','CONGE_SANS_SOLDE','MALADIE','MATERNITE','PATERNITE','FORMATION','EVENEMENT_FAMILIAL','RTT','ABSENCE_INJUSTIFIEE')), primary key (id))
Hibernate: create table absences (date_debut date not null, date_fin date not null, date_validation date, employe_id bigint not null, id bigint generated by default as identity, validateur_id bigint, commentaire_validation varchar(500), motif varchar(1000), document_justificatif varchar(255), statut varchar(255) not null check (statut in ('EN_ATTENTE','APPROUVEE','REFUSEE','ANNULEE')), type varchar(255) not null check (type in ('CONGE_PAYE','CONGE_SANS_SOLDE','MALADIE','MATERNITE','PATERNITE','FORMATION','EVENEMENT_FAMILIAL','RTT','ABSENCE_INJUSTIFIEE')), primary key (id))
2025-10-16T22:55:58.544Z DEBUG 22842 --- [supermarket-manager-backend-test] [           main] org.hibernate.SQL                        : create table achat_produits (montant_ligne numeric(38,2), prix_unitaire numeric(38,2), quantite integer, historique_achat_id bigint not null, produit_id bigint, categorie varchar(255), nom_produit varchar(255))
Hibernate: create table achat_produits (montant_ligne numeric(38,2), prix_unitaire numeric(38,2), quantite integer, historique_achat_id bigint not null, produit_id bigint, categorie varchar(255), nom_produit varchar(255))
2025-10-16T22:55:58.545Z DEBUG 22842 --- [supermarket-manager-backend-test] [           main] org.hibernate.SQL                        : create table cartes_fidelite (active boolean not null, date_expiration date, date_inscription date not null, points_fidelite numeric(38,2) not null, total_achats numeric(38,2) not null, id bigint generated by default as identity, email varchar(255) unique, niveau varchar(255) not null check (niveau in ('BRONZE','ARGENT','OR','PLATINE')), nom_client varchar(255) not null, numero_carte varchar(255) not null unique, prenom_client varchar(255) not null, telephone varchar(255), primary key (id))
Hibernate: create table cartes_fidelite (active boolean not null, date_expiration date, date_inscription date not null, points_fidelite numeric(38,2) not null, total_achats numeric(38,2) not null, id bigint generated by default as identity, email varchar(255) unique, niveau varchar(255) not null check (niveau in ('BRONZE','ARGENT','OR','PLATINE')), nom_client varchar(255) not null, numero_carte varchar(255) not null unique, prenom_client varchar(255) not null, telephone varchar(255), primary key (id))
2025-10-16T22:55:58.549Z DEBUG 22842 --- [supermarket-manager-backend-test] [           main] org.hibernate.SQL                        : create table categories (date_creation timestamp(6) not null, date_modification timestamp(6), id bigint generated by default as identity, nom varchar(100) not null unique, description varchar(500), type varchar(255) not null check (type in ('ALIMENTAIRE_FRAIS','ALIMENTAIRE_SEC','SURGELE','BOISSON','HYGIENE','MENAGER','ELECTRONIQUE','TEXTILE','AUTRE')), primary key (id))
Hibernate: create table categories (date_creation timestamp(6) not null, date_modification timestamp(6), id bigint generated by default as identity, nom varchar(100) not null unique, description varchar(500), type varchar(255) not null check (type in ('ALIMENTAIRE_FRAIS','ALIMENTAIRE_SEC','SURGELE','BOISSON','HYGIENE','MENAGER','ELECTRONIQUE','TEXTILE','AUTRE')), primary key (id))
2025-10-16T22:55:58.551Z DEBUG 22842 --- [supermarket-manager-backend-test] [           main] org.hibernate.SQL                        : create table client_categories_preferees (client_id bigint not null, categorie varchar(255))
Hibernate: create table client_categories_preferees (client_id bigint not null, categorie varchar(255))
2025-10-16T22:55:58.553Z DEBUG 22842 --- [supermarket-manager-backend-test] [           main] org.hibernate.SQL                        : create table clients (accepte_email boolean not null, accepte_notifications boolean not null, acceptesms boolean not null, date_naissance date not null, dernier_achat date, nombre_achats integer not null, panier_moyen numeric(38,2) not null, points_fidelite integer not null, total_achats numeric(38,2) not null, date_creation timestamp(6) not null, date_inscription timestamp(6) not null, date_modification timestamp(6), id bigint generated by default as identity, adresse varchar(255), code_postal varchar(255), email varchar(255) unique, niveau_fidelite varchar(255) not null check (niveau_fidelite in ('BRONZE','ARGENT','OR','DIAMANT')), nom varchar(255) not null, numero_carte_fidelite varchar(255) unique, numero_client varchar(255) not null unique, prenom varchar(255) not null, segment varchar(255) not null check (segment in ('VIP','PREMIUM','REGULIER','OCCASIONNEL')), statut varchar(255) not null check (statut in ('ACTIF','INACTIF','SUSPENDU','BLOQUE')), telephone varchar(255) not null, ville varchar(255), primary key (id))
Hibernate: create table clients (accepte_email boolean not null, accepte_notifications boolean not null, acceptesms boolean not null, date_naissance date not null, dernier_achat date, nombre_achats integer not null, panier_moyen numeric(38,2) not null, points_fidelite integer not null, total_achats numeric(38,2) not null, date_creation timestamp(6) not null, date_inscription timestamp(6) not null, date_modification timestamp(6), id bigint generated by default as identity, adresse varchar(255), code_postal varchar(255), email varchar(255) unique, niveau_fidelite varchar(255) not null check (niveau_fidelite in ('BRONZE','ARGENT','OR','DIAMANT')), nom varchar(255) not null, numero_carte_fidelite varchar(255) unique, numero_client varchar(255) not null unique, prenom varchar(255) not null, segment varchar(255) not null check (segment in ('VIP','PREMIUM','REGULIER','OCCASIONNEL')), statut varchar(255) not null check (statut in ('ACTIF','INACTIF','SUSPENDU','BLOQUE')), telephone varchar(255) not null, ville varchar(255), primary key (id))
2025-10-16T22:55:58.558Z DEBUG 22842 --- [supermarket-manager-backend-test] [           main] org.hibernate.SQL                        : create table commandes (commande_automatique boolean, date_commande date not null, date_livraison_effective date, date_livraison_prevue date, montant_total numeric(12,2), date_creation timestamp(6) not null, date_modification timestamp(6), fournisseur_id bigint not null, id bigint generated by default as identity, numero_commande varchar(50) not null unique, notes varchar(1000), statut varchar(255) not null check (statut in ('BROUILLON','EN_ATTENTE','CONFIRMEE','EN_COURS_LIVRAISON','LIVREE','PARTIELLEMENT_LIVREE','ANNULEE')), primary key (id))
Hibernate: create table commandes (commande_automatique boolean, date_commande date not null, date_livraison_effective date, date_livraison_prevue date, montant_total numeric(12,2), date_creation timestamp(6) not null, date_modification timestamp(6), fournisseur_id bigint not null, id bigint generated by default as identity, numero_commande varchar(50) not null unique, notes varchar(1000), statut varchar(255) not null check (statut in ('BROUILLON','EN_ATTENTE','CONFIRMEE','EN_COURS_LIVRAISON','LIVREE','PARTIELLEMENT_LIVREE','ANNULEE')), primary key (id))
2025-10-16T22:55:58.561Z DEBUG 22842 --- [supermarket-manager-backend-test] [           main] org.hibernate.SQL                        : create table documents (confidentiel boolean, date_ajout timestamp(6) not null, date_expiration timestamp(6), employe_id bigint not null, id bigint generated by default as identity, taille_fichier bigint, description varchar(1000), chemin_fichier varchar(255) not null, nom_fichier varchar(255), titre varchar(255) not null, type varchar(255) not null check (type in ('CONTRAT','FICHE_PAIE','ATTESTATION','CV','DIPLOME','PIECE_IDENTITE','JUSTIFICATIF_DOMICILE','CERTIFICAT_MEDICAL','FORMATION','EVALUATION','AUTRE')), type_mime varchar(255), primary key (id))
Hibernate: create table documents (confidentiel boolean, date_ajout timestamp(6) not null, date_expiration timestamp(6), employe_id bigint not null, id bigint generated by default as identity, taille_fichier bigint, description varchar(1000), chemin_fichier varchar(255) not null, nom_fichier varchar(255), titre varchar(255) not null, type varchar(255) not null check (type in ('CONTRAT','FICHE_PAIE','ATTESTATION','CV','DIPLOME','PIECE_IDENTITE','JUSTIFICATIF_DOMICILE','CERTIFICAT_MEDICAL','FORMATION','EVALUATION','AUTRE')), type_mime varchar(255), primary key (id))
2025-10-16T22:55:58.564Z DEBUG 22842 --- [supermarket-manager-backend-test] [           main] org.hibernate.SQL                        : create table employes (date_embauche date not null, date_naissance date not null, salaire_base float(53) not null, id bigint generated by default as identity, adresse varchar(255) not null, email varchar(255) not null unique, iban varchar(255), matricule varchar(255) not null unique, nom varchar(255) not null, numero_securite_sociale varchar(255), poste varchar(255) not null check (poste in ('CAISSIER','CHEF_CAISSIER','VENDEUR','CHEF_RAYON','MAGASINIER','RESPONSABLE_STOCK','COMPTABLE','RESPONSABLE_RH','DIRECTEUR','AGENT_SECURITE','AGENT_ENTRETIEN')), prenom varchar(255) not null, statut varchar(255) not null check (statut in ('ACTIF','EN_CONGE','EN_ARRET_MALADIE','SUSPENDU','DEMISSIONNAIRE','LICENCIE','RETRAITE')), telephone varchar(255) not null, type_contrat varchar(255) not null check (type_contrat in ('CDI','CDD','INTERIM','STAGE','APPRENTISSAGE','TEMPS_PARTIEL')), primary key (id))
Hibernate: create table employes (date_embauche date not null, date_naissance date not null, salaire_base float(53) not null, id bigint generated by default as identity, adresse varchar(255) not null, email varchar(255) not null unique, iban varchar(255), matricule varchar(255) not null unique, nom varchar(255) not null, numero_securite_sociale varchar(255), poste varchar(255) not null check (poste in ('CAISSIER','CHEF_CAISSIER','VENDEUR','CHEF_RAYON','MAGASINIER','RESPONSABLE_STOCK','COMPTABLE','RESPONSABLE_RH','DIRECTEUR','AGENT_SECURITE','AGENT_ENTRETIEN')), prenom varchar(255) not null, statut varchar(255) not null check (statut in ('ACTIF','EN_CONGE','EN_ARRET_MALADIE','SUSPENDU','DEMISSIONNAIRE','LICENCIE','RETRAITE')), telephone varchar(255) not null, type_contrat varchar(255) not null check (type_contrat in ('CDI','CDD','INTERIM','STAGE','APPRENTISSAGE','TEMPS_PARTIEL')), primary key (id))
2025-10-16T22:55:58.568Z DEBUG 22842 --- [supermarket-manager-backend-test] [           main] org.hibernate.SQL                        : create table entrepots (actif boolean not null, capacite_max float(53), date_creation timestamp(6) not null, date_modification timestamp(6), id bigint generated by default as identity, code varchar(50) not null unique, nom varchar(100) not null, adresse varchar(200), primary key (id))
Hibernate: create table entrepots (actif boolean not null, capacite_max float(53), date_creation timestamp(6) not null, date_modification timestamp(6), id bigint generated by default as identity, code varchar(50) not null unique, nom varchar(100) not null, adresse varchar(200), primary key (id))
2025-10-16T22:55:58.570Z DEBUG 22842 --- [supermarket-manager-backend-test] [           main] org.hibernate.SQL                        : create table evaluations (date_evaluation date not null, note_esprit_equipe integer check ((note_esprit_equipe<=5) and (note_esprit_equipe>=1)), note_globale integer not null check ((note_globale>=1) and (note_globale<=5)), note_ponctualite integer check ((note_ponctualite<=5) and (note_ponctualite>=1)), note_productivite integer check ((note_productivite<=5) and (note_productivite>=1)), note_qualite_travail integer check ((note_qualite_travail<=5) and (note_qualite_travail>=1)), note_relation_client integer check ((note_relation_client<=5) and (note_relation_client>=1)), valide boolean, employe_id bigint not null, evaluateur_id bigint not null, id bigint generated by default as identity, commentaires varchar(1000), objectifs varchar(2000), points_ameliorer varchar(2000), points_forts varchar(2000), periode_evaluee varchar(255) not null, primary key (id))
Hibernate: create table evaluations (date_evaluation date not null, note_esprit_equipe integer check ((note_esprit_equipe<=5) and (note_esprit_equipe>=1)), note_globale integer not null check ((note_globale>=1) and (note_globale<=5)), note_ponctualite integer check ((note_ponctualite<=5) and (note_ponctualite>=1)), note_productivite integer check ((note_productivite<=5) and (note_productivite>=1)), note_qualite_travail integer check ((note_qualite_travail<=5) and (note_qualite_travail>=1)), note_relation_client integer check ((note_relation_client<=5) and (note_relation_client>=1)), valide boolean, employe_id bigint not null, evaluateur_id bigint not null, id bigint generated by default as identity, commentaires varchar(1000), objectifs varchar(2000), points_ameliorer varchar(2000), points_forts varchar(2000), periode_evaluee varchar(255) not null, primary key (id))
2025-10-16T22:55:58.574Z DEBUG 22842 --- [supermarket-manager-backend-test] [           main] org.hibernate.SQL                        : create table fournisseurs (actif boolean not null, delai_livraison_jours integer, date_creation timestamp(6) not null, date_modification timestamp(6), id bigint generated by default as identity, telephone varchar(20), code varchar(50) not null unique, contact_principal varchar(100), email varchar(100), nom varchar(100) not null, adresse varchar(200), conditions_paiement varchar(200), notes varchar(500), type varchar(255) not null check (type in ('PRODUCTEUR_LOCAL','GROSSISTE_NATIONAL','GROSSISTE_INTERNATIONAL','CENTRALE_ACHAT','DISTRIBUTEUR_MARQUE')), primary key (id))
Hibernate: create table fournisseurs (actif boolean not null, delai_livraison_jours integer, date_creation timestamp(6) not null, date_modification timestamp(6), id bigint generated by default as identity, telephone varchar(20), code varchar(50) not null unique, contact_principal varchar(100), email varchar(100), nom varchar(100) not null, adresse varchar(200), conditions_paiement varchar(200), notes varchar(500), type varchar(255) not null check (type in ('PRODUCTEUR_LOCAL','GROSSISTE_NATIONAL','GROSSISTE_INTERNATIONAL','CENTRALE_ACHAT','DISTRIBUTEUR_MARQUE')), primary key (id))
2025-10-16T22:55:58.577Z DEBUG 22842 --- [supermarket-manager-backend-test] [           main] org.hibernate.SQL                        : create table historique_achats (montant_paye numeric(38,2) not null, montant_remise numeric(38,2) not null, montant_total numeric(38,2) not null, points_gagnes integer not null, points_utilises integer not null, client_id bigint not null, date_achat timestamp(6) not null, id bigint generated by default as identity, caisse_numero varchar(255), caissier_nom varchar(255), numero_ticket varchar(255) not null unique, primary key (id))
Hibernate: create table historique_achats (montant_paye numeric(38,2) not null, montant_remise numeric(38,2) not null, montant_total numeric(38,2) not null, points_gagnes integer not null, points_utilises integer not null, client_id bigint not null, date_achat timestamp(6) not null, id bigint generated by default as identity, caisse_numero varchar(255), caissier_nom varchar(255), numero_ticket varchar(255) not null unique, primary key (id))
2025-10-16T22:55:58.580Z DEBUG 22842 --- [supermarket-manager-backend-test] [           main] org.hibernate.SQL                        : create table lignes_commande (prix_unitaire numeric(10,2) not null, quantite integer not null, quantite_recue integer, commande_id bigint not null, id bigint generated by default as identity, produit_id bigint not null, notes varchar(500), primary key (id))
Hibernate: create table lignes_commande (prix_unitaire numeric(10,2) not null, quantite integer not null, quantite_recue integer, commande_id bigint not null, id bigint generated by default as identity, produit_id bigint not null, notes varchar(500), primary key (id))
2025-10-16T22:55:58.582Z DEBUG 22842 --- [supermarket-manager-backend-test] [           main] org.hibernate.SQL                        : create table lignes_transaction (prix_unitaire numeric(38,2) not null, quantite integer not null, remise_ligne numeric(38,2), id bigint generated by default as identity, produit_id bigint not null, promotion_id bigint, transaction_id bigint not null, primary key (id))
Hibernate: create table lignes_transaction (prix_unitaire numeric(38,2) not null, quantite integer not null, remise_ligne numeric(38,2), id bigint generated by default as identity, produit_id bigint not null, promotion_id bigint, transaction_id bigint not null, primary key (id))
2025-10-16T22:55:58.584Z DEBUG 22842 --- [supermarket-manager-backend-test] [           main] org.hibernate.SQL                        : create table lots_produits (date_peremption date, date_production date, date_reception date not null, quantite_actuelle integer not null, quantite_initiale integer not null, temperature_stockage float(53), date_creation timestamp(6) not null, date_modification timestamp(6), entrepot_id bigint, id bigint generated by default as identity, produit_id bigint not null, numero_commande varchar(50), statut varchar(50) check (statut in ('ACTIF','RESERVE','EPUISE','PERIME','RAPPELE','BLOQUE','ARCHIVE')), emplacement_stockage varchar(100), numero_lot varchar(100) not null unique, fournisseur_lot varchar(200), observations varchar(1000), primary key (id))
Hibernate: create table lots_produits (date_peremption date, date_production date, date_reception date not null, quantite_actuelle integer not null, quantite_initiale integer not null, temperature_stockage float(53), date_creation timestamp(6) not null, date_modification timestamp(6), entrepot_id bigint, id bigint generated by default as identity, produit_id bigint not null, numero_commande varchar(50), statut varchar(50) check (statut in ('ACTIF','RESERVE','EPUISE','PERIME','RAPPELE','BLOQUE','ARCHIVE')), emplacement_stockage varchar(100), numero_lot varchar(100) not null unique, fournisseur_lot varchar(200), observations varchar(1000), primary key (id))
2025-10-16T22:55:58.587Z DEBUG 22842 --- [supermarket-manager-backend-test] [           main] org.hibernate.SQL                        : create table mouvements_points (points integer not null, solde_apres integer not null, solde_avant integer not null, client_id bigint not null, date_mouvement timestamp(6) not null, id bigint generated by default as identity, description varchar(255), reference varchar(255), type varchar(255) not null check (type in ('GAIN_ACHAT','GAIN_BONUS','GAIN_PARRAINAGE','UTILISATION','EXPIRATION','AJUSTEMENT')), primary key (id))
Hibernate: create table mouvements_points (points integer not null, solde_apres integer not null, solde_avant integer not null, client_id bigint not null, date_mouvement timestamp(6) not null, id bigint generated by default as identity, description varchar(255), reference varchar(255), type varchar(255) not null check (type in ('GAIN_ACHAT','GAIN_BONUS','GAIN_PARRAINAGE','UTILISATION','EXPIRATION','AJUSTEMENT')), primary key (id))
2025-10-16T22:55:58.589Z DEBUG 22842 --- [supermarket-manager-backend-test] [           main] org.hibernate.SQL                        : create table plannings (date date not null, heure_debut time(6) not null, heure_fin time(6) not null, valide boolean, employe_id bigint not null, id bigint generated by default as identity, notes varchar(500), poste_assigne varchar(255) not null check (poste_assigne in ('CAISSIER','CHEF_CAISSIER','VENDEUR','CHEF_RAYON','MAGASINIER','RESPONSABLE_STOCK','COMPTABLE','RESPONSABLE_RH','DIRECTEUR','AGENT_SECURITE','AGENT_ENTRETIEN')), type_shift varchar(255) not null check (type_shift in ('MATIN','APRES_MIDI','NUIT','JOURNEE_COMPLETE')), primary key (id))
Hibernate: create table plannings (date date not null, heure_debut time(6) not null, heure_fin time(6) not null, valide boolean, employe_id bigint not null, id bigint generated by default as identity, notes varchar(500), poste_assigne varchar(255) not null check (poste_assigne in ('CAISSIER','CHEF_CAISSIER','VENDEUR','CHEF_RAYON','MAGASINIER','RESPONSABLE_STOCK','COMPTABLE','RESPONSABLE_RH','DIRECTEUR','AGENT_SECURITE','AGENT_ENTRETIEN')), type_shift varchar(255) not null check (type_shift in ('MATIN','APRES_MIDI','NUIT','JOURNEE_COMPLETE')), primary key (id))
2025-10-16T22:55:58.592Z DEBUG 22842 --- [supermarket-manager-backend-test] [           main] org.hibernate.SQL                        : create table pointages (heures_supplementaires float(53), heures_travaillees float(53), valide boolean, employe_id bigint not null, heure_entree timestamp(6) not null, heure_sortie timestamp(6), id bigint generated by default as identity, notes varchar(500), type varchar(255) not null check (type in ('NORMAL','HEURES_SUP','JOUR_FERIE','NUIT','DIMANCHE')), primary key (id))
[...]
epository.StockRepositoryTest, locations = [], classes = [com.supermarket.manager.SupermarketManagerBackendApplication], contextInitializerClasses = [], activeProfiles = ["test"], propertySourceDescriptors = [], propertySourceProperties = ["org.springframework.boot.test.autoconfigure.orm.jpa.DataJpaTestContextBootstrapper=true"], contextCustomizers = [[ImportsContextCustomizer@76c0ae7d key = [org.springframework.boot.autoconfigure.transaction.TransactionAutoConfiguration, org.springframework.boot.autoconfigure.data.jpa.JpaRepositoriesAutoConfiguration, org.springframework.boot.test.autoconfigure.orm.jpa.TestEntityManagerAutoConfiguration, org.springframework.boot.autoconfigure.cache.CacheAutoConfiguration, org.springframework.boot.autoconfigure.orm.jpa.HibernateJpaAutoConfiguration, org.springframework.boot.autoconfigure.sql.init.SqlInitializationAutoConfiguration, org.springframework.boot.test.autoconfigure.jdbc.TestDatabaseAutoConfiguration, org.springframework.boot.autoconfigure.flyway.FlywayAutoConfiguration, org.springframework.boot.autoconfigure.jdbc.DataSourceTransactionManagerAutoConfiguration, org.springframework.boot.autoconfigure.liquibase.LiquibaseAutoConfiguration, org.springframework.boot.autoconfigure.jdbc.JdbcClientAutoConfiguration, org.springframework.boot.autoconfigure.jdbc.DataSourceAutoConfiguration, org.springframework.boot.autoconfigure.jdbc.JdbcTemplateAutoConfiguration]], org.springframework.boot.test.context.filter.ExcludeFilterContextCustomizer@658c5a19, org.springframework.boot.test.json.DuplicateJsonObjectContextCustomizerFactory$DuplicateJsonObjectContextCustomizer@34f6515b, org.springframework.boot.test.mock.mockito.MockitoContextCustomizer@0, org.springframework.boot.test.web.reactor.netty.DisableReactorResourceFactoryGlobalResourcesContextCustomizerFactory$DisableReactorResourceFactoryGlobalResourcesContextCustomizerCustomizer@31920ade, org.springframework.boot.test.autoconfigure.OnFailureConditionReportContextCustomizerFactory$OnFailureConditionReportContextCustomizer@28d18df5, org.springframework.boot.test.autoconfigure.OverrideAutoConfigurationContextCustomizerFactory$DisableAutoConfigurationContextCustomizer@1867306c, org.springframework.boot.test.autoconfigure.actuate.observability.ObservabilityContextCustomizerFactory$DisableObservabilityContextCustomizer@1f, org.springframework.boot.test.autoconfigure.filter.TypeExcludeFiltersContextCustomizer@34be3d80, org.springframework.boot.test.autoconfigure.properties.PropertyMappingContextCustomizer@9291686, org.springframework.boot.test.autoconfigure.web.servlet.WebDriverContextCustomizer@c7045b9, org.springframework.test.context.support.DynamicPropertiesContextCustomizer@0, org.springframework.boot.test.context.SpringBootTestAnnotation@b042370f], contextLoader = org.springframework.boot.test.context.SpringBootContextLoader, parent = null]
	at org.springframework.test.context.cache.DefaultCacheAwareContextLoaderDelegate.loadContext(DefaultCacheAwareContextLoaderDelegate.java:145)
	at org.springframework.test.context.support.DefaultTestContext.getApplicationContext(DefaultTestContext.java:130)
	at org.springframework.test.context.support.DependencyInjectionTestExecutionListener.injectDependencies(DependencyInjectionTestExecutionListener.java:155)
	at org.springframework.test.context.support.DependencyInjectionTestExecutionListener.prepareTestInstance(DependencyInjectionTestExecutionListener.java:111)
	at org.springframework.test.context.TestContextManager.prepareTestInstance(TestContextManager.java:260)
	at org.springframework.test.context.junit.jupiter.SpringExtension.postProcessTestInstance(SpringExtension.java:159)
	at java.base/java.util.stream.ForEachOps$ForEachOp$OfRef.accept(ForEachOps.java:184)
	at java.base/java.util.stream.ReferencePipeline$3$1.accept(ReferencePipeline.java:197)
	at java.base/java.util.stream.ReferencePipeline$2$1.accept(ReferencePipeline.java:179)
	at java.base/java.util.stream.ReferencePipeline$3$1.accept(ReferencePipeline.java:197)
	at java.base/java.util.ArrayList$ArrayListSpliterator.forEachRemaining(ArrayList.java:1708)
	at java.base/java.util.stream.AbstractPipeline.copyInto(AbstractPipeline.java:509)
	at java.base/java.util.stream.AbstractPipeline.wrapAndCopyInto(AbstractPipeline.java:499)
	at java.base/java.util.stream.ForEachOps$ForEachOp.evaluateSequential(ForEachOps.java:151)
	at java.base/java.util.stream.ForEachOps$ForEachOp$OfRef.evaluateSequential(ForEachOps.java:174)
	at java.base/java.util.stream.AbstractPipeline.evaluate(AbstractPipeline.java:234)
	at java.base/java.util.stream.ReferencePipeline.forEach(ReferencePipeline.java:596)
	at java.base/java.util.Optional.orElseGet(Optional.java:364)
	at java.base/java.util.ArrayList.forEach(ArrayList.java:1596)
	at java.base/java.util.ArrayList.forEach(ArrayList.java:1596)
]]></error>
    <system-out><![CDATA[2025-10-16T22:55:59.328Z  WARN 22842 --- [supermarket-manager-backend-test] [           main] o.s.test.context.TestContextManager      : Caught exception while allowing TestExecutionListener [org.springframework.test.context.support.DependencyInjectionTestExecutionListener] to prepare test instance [com.supermarket.manager.repository.StockRepositoryTest@2fc1d0f]

java.lang.IllegalStateException: ApplicationContext failure threshold (1) exceeded: skipping repeated attempt to load context for [MergedContextConfiguration@237ab619 testClass = com.supermarket.manager.repository.StockRepositoryTest, locations = [], classes = [com.supermarket.manager.SupermarketManagerBackendApplication], contextInitializerClasses = [], activeProfiles = ["test"], propertySourceDescriptors = [], propertySourceProperties = ["org.springframework.boot.test.autoconfigure.orm.jpa.DataJpaTestContextBootstrapper=true"], contextCustomizers = [[ImportsContextCustomizer@76c0ae7d key = [org.springframework.boot.autoconfigure.transaction.TransactionAutoConfiguration, org.springframework.boot.autoconfigure.data.jpa.JpaRepositoriesAutoConfiguration, org.springframework.boot.test.autoconfigure.orm.jpa.TestEntityManagerAutoConfiguration, org.springframework.boot.autoconfigure.cache.CacheAutoConfiguration, org.springframework.boot.autoconfigure.orm.jpa.HibernateJpaAutoConfiguration, org.springframework.boot.autoconfigure.sql.init.SqlInitializationAutoConfiguration, org.springframework.boot.test.autoconfigure.jdbc.TestDatabaseAutoConfiguration, org.springframework.boot.autoconfigure.flyway.FlywayAutoConfiguration, org.springframework.boot.autoconfigure.jdbc.DataSourceTransactionManagerAutoConfiguration, org.springframework.boot.autoconfigure.liquibase.LiquibaseAutoConfiguration, org.springframework.boot.autoconfigure.jdbc.JdbcClientAutoConfiguration, org.springframework.boot.autoconfigure.jdbc.DataSourceAutoConfiguration, org.springframework.boot.autoconfigure.jdbc.JdbcTemplateAutoConfiguration]], org.springframework.boot.test.context.filter.ExcludeFilterContextCustomizer@658c5a19, org.springframework.boot.test.json.DuplicateJsonObjectContextCustomizerFactory$DuplicateJsonObjectContextCustomizer@34f6515b, org.springframework.boot.test.mock.mockito.MockitoContextCustomizer@0, org.springframework.boot.test.web.reactor.netty.DisableReactorResourceFactoryGlobalResourcesContextCustomizerFactory$DisableReactorResourceFactoryGlobalResourcesContextCustomizerCustomizer@31920ade, org.springframework.boot.test.autoconfigure.OnFailureConditionReportContextCustomizerFactory$OnFailureConditionReportContextCustomizer@28d18df5, org.springframework.boot.test.autoconfigure.OverrideAutoConfigurationContextCustomizerFactory$DisableAutoConfigurationContextCustomizer@1867306c, org.springframework.boot.test.autoconfigure.actuate.observability.ObservabilityContextCustomizerFactory$DisableObservabilityContextCustomizer@1f, org.springframework.boot.test.autoconfigure.filter.TypeExcludeFiltersContextCustomizer@34be3d80, org.springframework.boot.test.autoconfigure.properties.PropertyMappingContextCustomizer@9291686, org.springframework.boot.test.autoconfigure.web.servlet.WebDriverContextCustomizer@c7045b9, org.springframework.test.context.support.DynamicPropertiesContextCustomizer@0, org.springframework.boot.test.context.SpringBootTestAnnotation@b042370f], contextLoader = org.springframework.boot.test.context.SpringBootContextLoader, parent = null]
	at org.springframework.test.context.cache.DefaultCacheAwareContextLoaderDelegate.loadContext(DefaultCacheAwareContextLoaderDelegate.java:145) ~[spring-test-6.2.11.jar:6.2.11]
	at org.springframework.test.context.support.DefaultTestContext.getApplicationContext(DefaultTestContext.java:130) ~[spring-test-6.2.11.jar:6.2.11]
	at org.springframework.test.context.support.DependencyInjectionTestExecutionListener.injectDependencies(DependencyInjectionTestExecutionListener.java:155) ~[spring-test-6.2.11.jar:6.2.11]
	at org.springframework.test.context.support.DependencyInjectionTestExecutionListener.prepareTestInstance(DependencyInjectionTestExecutionListener.java:111) ~[spring-test-6.2.11.jar:6.2.11]
	at org.springframework.test.context.TestContextManager.prepareTestInstance(TestContextManager.java:260) ~[spring-test-6.2.11.jar:6.2.11]
	at org.springframework.test.context.junit.jupiter.SpringExtension.postProcessTestInstance(SpringExtension.java:159) ~[spring-test-6.2.11.jar:6.2.11]
	at org.junit.jupiter.engine.descriptor.ClassBasedTestDescriptor.lambda$invokeTestInstancePostProcessors$10(ClassBasedTestDescriptor.java:383) ~[junit-jupiter-engine-5.12.2.jar:5.12.2]
	at org.junit.jupiter.engine.descriptor.ClassBasedTestDescriptor.executeAndMaskThrowable(ClassBasedTestDescriptor.java:388) ~[junit-jupiter-engine-5.12.2.jar:5.12.2]
	at org.junit.jupiter.engine.descriptor.ClassBasedTestDescriptor.lambda$invokeTestInstancePostProcessors$11(ClassBasedTestDescriptor.java:382) ~[junit-jupiter-engine-5.12.2.jar:5.12.2]
	at java.base/java.util.stream.ForEachOps$ForEachOp$OfRef.accept(ForEachOps.java:184) ~[na:na]
	at java.base/java.util.stream.ReferencePipeline$3$1.accept(ReferencePipeline.java:197) ~[na:na]
	at java.base/java.util.stream.ReferencePipeline$2$1.accept(ReferencePipeline.java:179) ~[na:na]
	at java.base/java.util.stream.ReferencePipeline$3$1.accept(ReferencePipeline.java:197) ~[na:na]
	at java.base/java.util.ArrayList$ArrayListSpliterator.forEachRemaining(ArrayList.java:1708) ~[na:na]
	at java.base/java.util.stream.AbstractPipeline.copyInto(AbstractPipeline.java:509) ~[na:na]
	at java.base/java.util.stream.AbstractPipeline.wrapAndCopyInto(AbstractPipeline.java:499) ~[na:na]
	at java.base/java.util.stream.ForEachOps$ForEachOp.evaluateSequential(ForEachOps.java:151) ~[na:na]
	at java.base/java.util.stream.ForEachOps$ForEachOp$OfRef.evaluateSequential(ForEachOps.java:174) ~[na:na]
	at java.base/java.util.stream.AbstractPipeline.evaluate(AbstractPipeline.java:234) ~[na:na]
	at java.base/java.util.stream.ReferencePipeline.forEach(ReferencePipeline.java:596) ~[na:na]
	at org.junit.jupiter.engine.descriptor.ClassBasedTestDescriptor.invokeTestInstancePostProcessors(ClassBasedTestDescriptor.java:382) ~[junit-jupiter-engine-5.12.2.jar:5.12.2]
	at org.junit.jupiter.engine.descriptor.ClassBasedTestDescriptor.lambda$instantiateAndPostProcessTestInstance$6(ClassBasedTestDescriptor.java:293) ~[junit-jupiter-engine-5.12.2.jar:5.12.2]
	at org.junit.platform.engine.support.hierarchical.ThrowableCollector.execute(ThrowableCollector.java:73) ~[junit-platform-engine-1.12.2.jar:1.12.2]
	at org.junit.jupiter.engine.descriptor.ClassBasedTestDescriptor.instantiateAndPostProcessTestInstance(ClassBasedTestDescriptor.java:292) ~[junit-jupiter-engine-5.12.2.jar:5.12.2]
	at org.junit.jupiter.engine.descriptor.ClassBasedTestDescriptor.lambda$testInstancesProvider$4(ClassBasedTestDescriptor.java:281) ~[junit-jupiter-engine-5.12.2.jar:5.12.2]
	at java.base/java.util.Optional.orElseGet(Optional.java:364) ~[na:na]
	at org.junit.jupiter.engine.descriptor.ClassBasedTestDescriptor.lambda$testInstancesProvider$5(ClassBasedTestDescriptor.java:280) ~[junit-jupiter-engine-5.12.2.jar:5.12.2]
	at org.junit.jupiter.engine.execution.TestInstancesProvider.getTestInstances(TestInstancesProvider.java:27) ~[junit-jupiter-engine-5.12.2.jar:5.12.2]
	at org.junit.jupiter.engine.descriptor.TestMethodTestDescriptor.lambda$prepare$0(TestMethodTestDescriptor.java:112) ~[junit-jupiter-engine-5.12.2.jar:5.12.2]
	at org.junit.platform.engine.support.hierarchical.ThrowableCollector.execute(ThrowableCollector.java:73) ~[junit-platform-engine-1.12.2.jar:1.12.2]
	at org.junit.jupiter.engine.descriptor.TestMethodTestDescriptor.prepare(TestMethodTestDescriptor.java:111) ~[junit-jupiter-engine-5.12.2.jar:5.12.2]
	at org.junit.jupiter.engine.descriptor.TestMethodTestDescriptor.prepare(TestMethodTestDescriptor.java:69) ~[junit-jupiter-engine-5.12.2.jar:5.12.2]
	at org.junit.platform.engine.support.hierarchical.NodeTestTask.lambda$prepare$2(NodeTestTask.java:128) ~[junit-platform-engine-1.12.2.jar:1.12.2]
	at org.junit.platform.engine.support.hierarchical.ThrowableCollector.execute(ThrowableCollector.java:73) ~[junit-platform-engine-1.12.2.jar:1.12.2]
	at org.junit.platform.engine.support.hierarchical.NodeTestTask.prepare(NodeTestTask.java:128) ~[junit-platform-engine-1.12.2.jar:1.12.2]
	at org.junit.platform.engine.support.hierarchical.NodeTestTask.execute(NodeTestTask.java:95) ~[junit-platform-engine-1.12.2.jar:1.12.2]
	at java.base/java.util.ArrayList.forEach(ArrayList.java:1596) ~[na:na]
	at org.junit.platform.engine.support.hierarchical.SameThreadHierarchicalTestExecutorService.invokeAll(SameThreadHierarchicalTestExecutorService.java:41) ~[junit-platform-engine-1.12.2.jar:1.12.2]
	at org.junit.platform.engine.support.hierarchical.NodeTestTask.lambda$executeRecursively$6(NodeTestTask.java:160) ~[junit-platform-engine-1.12.2.jar:1.12.2]
	at org.junit.platform.engine.support.hierarchical.ThrowableCollector.execute(ThrowableCollector.java:73) ~[junit-platform-engine-1.12.2.jar:1.12.2]
	at org.junit.platform.engine.support.hierarchical.NodeTestTask.lambda$executeRecursively$8(NodeTestTask.java:146) ~[junit-platform-engine-1.12.2.jar:1.12.2]
	at org.junit.platform.engine.support.hierarchical.Node.around(Node.java:137) ~[junit-platform-engine-1.12.2.jar:1.12.2]
	at org.junit.platform.engine.support.hierarchical.NodeTestTask.lambda$executeRecursively$9(NodeTestTask.java:144) ~[junit-platform-engine-1.12.2.jar:1.12.2]
	at org.junit.platform.engine.support.hierarchical.ThrowableCollector.execute(ThrowableCollector.java:73) ~[junit-platform-engine-1.12.2.jar:1.12.2]
	at org.junit.platform.engine.support.hierarchical.NodeTestTask.executeRecursively(NodeTestTask.java:143) ~[junit-platform-engine-1.12.2.jar:1.12.2]
	at org.junit.platform.engine.support.hierarchical.NodeTestTask.execute(NodeTestTask.java:100) ~[junit-platform-engine-1.12.2.jar:1.12.2]
	at java.base/java.util.ArrayList.forEach(ArrayList.java:1596) ~[na:na]
	at org.junit.platform.engine.support.hierarchical.SameThreadHierarchicalTestExecutorService.invokeAll(SameThreadHierarchicalTestExecutorService.java:41) ~[junit-platform-engine-1.12.2.jar:1.12.2]
	at org.junit.platform.engine.support.hierarchical.NodeTestTask.lambda$executeRecursively$6(NodeTestTask.java:160) ~[junit-platform-engine-1.12.2.jar:1.12.2]
	at org.junit.platform.engine.support.hierarchical.ThrowableCollector.execute(ThrowableCollector.java:73) ~[junit-platform-engine-1.12.2.jar:1.12.2]
	at org.junit.platform.engine.support.hierarchical.NodeTestTask.lambda$executeRecursively$8(NodeTestTask.java:146) ~[junit-platform-engine-1.12.2.jar:1.12.2]
	at org.junit.platform.engine.support.hierarchical.Node.around(Node.java:137) ~[junit-platform-engine-1.12.2.jar:1.12.2]
	at org.junit.platform.engine.support.hierarchical.NodeTestTask.lambda$executeRecursively$9(NodeTestTask.java:144) ~[junit-platform-engine-1.12.2.jar:1.12.2]
	at org.junit.platform.engine.support.hierarchical.ThrowableCollector.execute(ThrowableCollector.java:73) ~[junit-platform-engine-1.12.2.jar:1.12.2]
	at org.junit.platform.engine.support.hierarchical.NodeTestTask.executeRecursively(NodeTestTask.java:143) ~[junit-platform-engine-1.12.2.jar:1.12.2]
	at org.junit.platform.engine.support.hierarchical.NodeTestTask.execute(NodeTestTask.java:100) ~[junit-platform-engine-1.12.2.jar:1.12.2]
	at org.junit.platform.engine.support.hierarchical.SameThreadHierarchicalTestExecutorService.submit(SameThreadHierarchicalTestExecutorService.java:35) ~[junit-platform-engine-1.12.2.jar:1.12.2]
	at org.junit.platform.engine.support.hierarchical.HierarchicalTestExecutor.execute(HierarchicalTestExecutor.java:57) ~[junit-platform-engine-1.12.2.jar:1.12.2]
	at org.junit.platform.engine.support.hierarchical.HierarchicalTestEngine.execute(HierarchicalTestEngine.java:54) ~[junit-platform-engine-1.12.2.jar:1.12.2]
	at org.junit.platform.launcher.core.EngineExecutionOrchestrator.execute(EngineExecutionOrchestrator.java:201) ~[junit-platform-launcher-1.12.2.jar:1.12.2]
	at org.junit.platform.launcher.core.EngineExecutionOrchestrator.execute(EngineExecutionOrchestrator.java:170) ~[junit-platform-launcher-1.12.2.jar:1.12.2]
	at org.junit.platform.launcher.core.EngineExecutionOrchestrator.execute(EngineExecutionOrchestrator.java:94) ~[junit-platform-launcher-1.12.2.jar:1.12.2]
	at org.junit.platform.launcher.core.EngineExecutionOrchestrator.lambda$execute$0(EngineExecutionOrchestrator.java:59) ~[junit-platform-launcher-1.12.2.jar:1.12.2]
	at org.junit.platform.launcher.core.EngineExecutionOrchestrator.withInterceptedStreams(EngineExecutionOrchestrator.java:142) ~[junit-platform-launcher-1.12.2.jar:1.12.2]
	at org.junit.platform.launcher.core.EngineExecutionOrchestrator.execute(EngineExecutionOrchestrator.java:58) ~[junit-platform-launcher-1.12.2.jar:1.12.2]
	at org.junit.platform.launcher.core.DefaultLauncher.execute(DefaultLauncher.java:103) ~[junit-platform-launcher-1.12.2.jar:1.12.2]
	at org.junit.platform.launcher.core.DefaultLauncher.execute(DefaultLauncher.java:85) ~[junit-platform-launcher-1.12.2.jar:1.12.2]
	at org.junit.platform.launcher.core.DelegatingLauncher.execute(DelegatingLauncher.java:47) ~[junit-platform-launcher-1.12.2.jar:1.12.2]
	at org.junit.platform.launcher.core.InterceptingLauncher.lambda$execute$1(InterceptingLauncher.java:39) ~[junit-platform-launcher-1.12.2.jar:1.12.2]
	at org.junit.platform.launcher.core.ClasspathAlignmentCheckingLauncherInterceptor.intercept(ClasspathAlignmentCheckingLauncherInterceptor.java:25) ~[junit-platform-launcher-1.12.2.jar:1.12.2]
	at org.junit.platform.launcher.core.InterceptingLauncher.execute(InterceptingLauncher.java:38) ~[junit-platform-launcher-1.12.2.jar:1.12.2]
	at org.junit.platform.launcher.core.DelegatingLauncher.execute(DelegatingLauncher.java:47) ~[junit-platform-launcher-1.12.2.jar:1.12.2]
	at org.apache.maven.surefire.junitplatform.LauncherAdapter.executeWithoutCancellationToken(LauncherAdapter.java:60) ~[surefire-junit-platform-3.5.4.jar:3.5.4]
	at org.apache.maven.surefire.junitplatform.LauncherAdapter.execute(LauncherAdapter.java:52) ~[surefire-junit-platform-3.5.4.jar:3.5.4]
	at org.apache.maven.surefire.junitplatform.JUnitPlatformProvider.execute(JUnitPlatformProvider.java:203) ~[surefire-junit-platform-3.5.4.jar:3.5.4]
	at org.apache.maven.surefire.junitplatform.JUnitPlatformProvider.invokeAllTests(JUnitPlatformProvider.java:168) ~[surefire-junit-platform-3.5.4.jar:3.5.4]
	at org.apache.maven.surefire.junitplatform.JUnitPlatformProvider.invoke(JUnitPlatformProvider.java:136) ~[surefire-junit-platform-3.5.4.jar:3.5.4]
	at org.apache.maven.surefire.booter.ForkedBooter.runSuitesInProcess(ForkedBooter.java:385) ~[surefire-booter-3.5.4.jar:3.5.4]
	at org.apache.maven.surefire.booter.ForkedBooter.execute(ForkedBooter.java:162) ~[surefire-booter-3.5.4.jar:3.5.4]
	at org.apache.maven.surefire.booter.ForkedBooter.run(ForkedBooter.java:507) ~[surefire-booter-3.5.4.jar:3.5.4]
	at org.apache.maven.surefire.booter.ForkedBooter.main(ForkedBooter.java:495) ~[surefire-booter-3.5.4.jar:3.5.4]

]]></system-out>
  </testcase>
</testsuite>