<?xml version="1.0" encoding="UTF-8"?>
<testsuite xmlns:xsi="http://www.w3.org/2001/XMLSchema-instance" xsi:noNamespaceSchemaLocation="https://maven.apache.org/surefire/maven-surefire-plugin/xsd/surefire-test-report.xsd" version="3.0.2" name="com.supermarket.manager.controller.DashboardControllerIntegrationTest" time="3.562" tests="8" errors="8" skipped="0" failures="0">
  <properties>
[...]
</properties>
  <testcase name="testGetEvolutionProduit" classname="com.supermarket.manager.controller.DashboardControllerIntegrationTest" time="0.007">
    <error message="Failed to load ApplicationContext for [WebMergedContextConfiguration@7b4649ad testClass = com.supermarket.manager.controller.DashboardControllerIntegrationTest, locations = [], classes = [com.supermarket.manager.SupermarketManagerBackendApplication], contextInitializerClasses = [], activeProfiles = [&quot;test&quot;], propertySourceDescriptors = [], propertySourceProperties = [&quot;org.springframework.boot.test.context.SpringBootTestContextBootstrapper=true&quot;], contextCustomizers = [[ImportsContextCustomizer@6ae6a4d6 key = [org.springframework.boot.test.autoconfigure.web.servlet.MockMvcWebDriverAutoConfiguration, org.springframework.boot.autoconfigure.security.oauth2.client.servlet.OAuth2ClientWebSecurityAutoConfiguration, org.springframework.boot.test.autoconfigure.web.servlet.MockMvcAutoConfiguration, org.springframework.boot.autoconfigure.security.saml2.Saml2RelyingPartyAutoConfiguration, org.springframework.boot.autoconfigure.security.servlet.SecurityAutoConfiguration, org.springframework.boot.autoconfigure.security.servlet.SecurityFilterAutoConfiguration, org.springframework.boot.autoconfigure.security.servlet.UserDetailsServiceAutoConfiguration, org.springframework.boot.autoconfigure.security.oauth2.resource.servlet.OAuth2ResourceServerAutoConfiguration, org.springframework.boot.test.autoconfigure.web.servlet.MockMvcSecurityConfiguration, org.springframework.boot.test.autoconfigure.web.servlet.MockMvcWebClientAutoConfiguration, org.springframework.boot.autoconfigure.security.oauth2.client.OAuth2ClientAutoConfiguration, org.springframework.boot.test.autoconfigure.web.reactive.WebTestClientAutoConfiguration]], org.springframework.boot.test.context.filter.ExcludeFilterContextCustomizer@658c5a19, org.springframework.boot.test.json.DuplicateJsonObjectContextCustomizerFactory$DuplicateJsonObjectContextCustomizer@34f6515b, org.springframework.boot.test.mock.mockito.MockitoContextCustomizer@0, org.springframework.boot.test.web.client.TestRestTemplateContextCustomizer@4fbe37eb, org.springframework.boot.test.web.reactor.netty.DisableReactorResourceFactoryGlobalResourcesContextCustomizerFactory$DisableReactorResourceFactoryGlobalResourcesContextCustomizerCustomizer@31920ade, org.springframework.boot.test.autoconfigure.OnFailureConditionReportContextCustomizerFactory$OnFailureConditionReportContextCustomizer@28d18df5, org.springframework.boot.test.autoconfigure.actuate.observability.ObservabilityContextCustomizerFactory$DisableObservabilityContextCustomizer@1f, org.springframework.boot.test.autoconfigure.properties.PropertyMappingContextCustomizer@4b3fa0b3, org.springframework.boot.test.autoconfigure.web.servlet.WebDriverContextCustomizer@c7045b9, org.springframework.test.context.support.DynamicPropertiesContextCustomizer@0, org.springframework.boot.test.context.SpringBootTestAnnotation@bbca769a], resourceBasePath = &quot;src/main/webapp&quot;, contextLoader = org.springframework.boot.test.context.SpringBootContextLoader, parent = null]" type="java.lang.IllegalStateException"><![CDATA[java.lang.IllegalStateException: Failed to load ApplicationContext for [WebMergedContextConfiguration@7b4649ad testClass = com.supermarket.manager.controller.DashboardControllerIntegrationTest, locations = [], classes = [com.supermarket.manager.SupermarketManagerBackendApplication], contextInitializerClasses = [], activeProfiles = ["test"], propertySourceDescriptors = [], propertySourceProperties = ["org.springframework.boot.test.context.SpringBootTestContextBootstrapper=true"], contextCustomizers = [[ImportsContextCustomizer@6ae6a4d6 key = [org.springframework.boot.test.autoconfigure.web.servlet.MockMvcWebDriverAutoConfiguration, org.springframework.boot.autoconfigure.security.oauth2.client.servlet.OAuth2ClientWebSecurityAutoConfiguration, org.springframework.boot.test.autoconfigure.web.servlet.MockMvcAutoConfiguration, org.springframework.boot.autoconfigure.security.saml2.Saml2RelyingPartyAutoConfiguration, org.springframework.boot.autoconfigure.security.servlet.SecurityAutoConfiguration, org.springframework.boot.autoconfigure.security.servlet.SecurityFilterAutoConfiguration, org.springframework.boot.autoconfigure.security.servlet.UserDetailsServiceAutoConfiguration, org.springframework.boot.autoconfigure.security.oauth2.resource.servlet.OAuth2ResourceServerAutoConfiguration, org.springframework.boot.test.autoconfigure.web.servlet.MockMvcSecurityConfiguration, org.springframework.boot.test.autoconfigure.web.servlet.MockMvcWebClientAutoConfiguration, org.springframework.boot.autoconfigure.security.oauth2.client.OAuth2ClientAutoConfiguration, org.springframework.boot.test.autoconfigure.web.reactive.WebTestClientAutoConfiguration]], org.springframework.boot.test.context.filter.ExcludeFilterContextCustomizer@658c5a19, org.springframework.boot.test.json.DuplicateJsonObjectContextCustomizerFactory$DuplicateJsonObjectContextCustomizer@34f6515b, org.springframework.boot.test.mock.mockito.MockitoContextCustomizer@0, org.springframework.boot.test.web.client.TestRestTemplateContextCustomizer@4fbe37eb, org.springframework.boot.test.web.reactor.netty.DisableReactorResourceFactoryGlobalResourcesContextCustomizerFactory$DisableReactorResourceFactoryGlobalResourcesContextCustomizerCustomizer@31920ade, org.springframework.boot.test.autoconfigure.OnFailureConditionReportContextCustomizerFactory$OnFailureConditionReportContextCustomizer@28d18df5, org.springframework.boot.test.autoconfigure.actuate.observability.ObservabilityContextCustomizerFactory$DisableObservabilityContextCustomizer@1f, org.springframework.boot.test.autoconfigure.properties.PropertyMappingContextCustomizer@4b3fa0b3, org.springframework.boot.test.autoconfigure.web.servlet.WebDriverContextCustomizer@c7045b9, org.springframework.test.context.support.DynamicPropertiesContextCustomizer@0, org.springframework.boot.test.context.SpringBootTestAnnotation@bbca769a], resourceBasePath = "src/main/webapp", contextLoader = org.springframework.boot.test.context.SpringBootContextLoader, parent = null]
	at org.springframework.test.context.cache.DefaultCacheAwareContextLoaderDelegate.loadContext(DefaultCacheAwareContextLoaderDelegate.java:180)
	at org.springframework.test.context.support.DefaultTestContext.getApplicationContext(DefaultTestContext.java:130)
	at org.springframework.test.context.web.ServletTestExecutionListener.setUpRequestContextIfNecessary(ServletTestExecutionListener.java:200)
	at org.springframework.test.context.web.ServletTestExecutionListener.prepareTestInstance(ServletTestExecutionListener.java:139)
	at org.springframework.test.context.TestContextManager.prepareTestInstance(TestContextManager.java:260)
	at org.springframework.test.context.junit.jupiter.SpringExtension.postProcessTestInstance(SpringExtension.java:159)
	at java.base/java.util.stream.ForEachOps$ForEachOp$OfRef.accept(ForEachOps.java:184)
	at java.base/java.util.stream.ReferencePipeline$3$1.accept(ReferencePipeline.java:197)
	at java.base/java.util.stream.ReferencePipeline$2$1.accept(ReferencePipeline.java:179)
	at java.base/java.util.stream.ReferencePipeline$3$1.accept(ReferencePipeline.java:197)
	at java.base/java.util.ArrayList$ArrayListSpliterator.forEachRemaining(ArrayList.java:1708)
	at java.base/java.util.stream.AbstractPipeline.copyInto(AbstractPipeline.java:509)
	at java.base/java.util.stream.AbstractPipeline.wrapAndCopyInto(AbstractPipeline.java:499)
	at java.base/java.util.stream.ForEachOps$ForEachOp.evaluateSequential(ForEachOps.java:151)
	at java.base/java.util.stream.ForEachOps$ForEachOp$OfRef.evaluateSequential(ForEachOps.java:174)
	at java.base/java.util.stream.AbstractPipeline.evaluate(AbstractPipeline.java:234)
	at java.base/java.util.stream.ReferencePipeline.forEach(ReferencePipeline.java:596)
	at java.base/java.util.Optional.orElseGet(Optional.java:364)
	at java.base/java.util.ArrayList.forEach(ArrayList.java:1596)
	at java.base/java.util.ArrayList.forEach(ArrayList.java:1596)
Caused by: org.springframework.beans.factory.BeanCreationException: Error creating bean with name 'dataSourceScriptDatabaseInitializer' defined in class path resource [org/springframework/boot/autoconfigure/sql/init/DataSourceInitializationConfiguration.class]: Failed to execute SQL script statement #5 of file [/home/goliti/PROJETS/AGLPROJET/supermarket-manager/backend/target/classes/data.sql]: INSERT INTO stocks (produit_id, entrepot_id, quantite, seuil_reapprovisionnement, quantite_maximale, quantite_recommandee_commande, date_derniere_entree, alerte_active, date_creation, date_modification) VALUES ((SELECT id FROM produits WHERE code = 'PROD-001'), (SELECT id FROM entrepots WHERE code = 'ENT-001'), 50, 100, 1000, 500, NOW() - INTERVAL '10 days', true, NOW(), NOW()), ((SELECT id FROM produits WHERE code = 'PROD-002'), (SELECT id FROM entrepots WHERE code = 'ENT-001'), 250, 100, 800, 400, NOW() - INTERVAL '5 days', false, NOW(), NOW()), ((SELECT id FROM produits WHERE code = 'PROD-003'), (SELECT id FROM entrepots WHERE code = 'ENT-001'), 10, 50, 200, 100, NOW() - INTERVAL '2 days', true, NOW(), NOW()), ((SELECT id FROM produits WHERE code = 'PROD-004'), (SELECT id FROM entrepots WHERE code = 'ENT-001'), 150, 80, 500, 200, NOW() - INTERVAL '15 days', false, NOW(), NOW())
	at org.springframework.beans.factory.support.AbstractAutowireCapableBeanFactory.initializeBean(AbstractAutowireCapableBeanFactory.java:1826)
	at org.springframework.beans.factory.support.AbstractAutowireCapableBeanFactory.doCreateBean(AbstractAutowireCapableBeanFactory.java:607)
	at org.springframework.beans.factory.support.AbstractAutowireCapableBeanFactory.createBean(AbstractAutowireCapableBeanFactory.java:529)
	at org.springframework.beans.factory.support.AbstractBeanFactory.lambda$doGetBean$0(AbstractBeanFactory.java:339)
	at org.springframework.beans.factory.support.DefaultSingletonBeanRegistry.getSingleton(DefaultSingletonBeanRegistry.java:373)
	at org.springframework.beans.factory.support.AbstractBeanFactory.doGetBean(AbstractBeanFactory.java:337)
	at org.springframework.beans.factory.support.AbstractBeanFactory.getBean(AbstractBeanFactory.java:202)
	at org.springframework.beans.factory.support.AbstractBeanFactory.doGetBean(AbstractBeanFactory.java:315)
	at org.springframework.beans.factory.support.AbstractBeanFactory.getBean(AbstractBeanFactory.java:202)
	at org.springframework.beans.factory.support.DefaultListableBeanFactory.instantiateSingleton(DefaultListableBeanFactory.java:1221)
	at org.springframework.beans.factory.support.DefaultListableBeanFactory.preInstantiateSingleton(DefaultListableBeanFactory.java:1187)
	at org.springframework.beans.factory.support.DefaultListableBeanFactory.preInstantiateSingletons(DefaultListableBeanFactory.java:1123)
	at org.springframework.context.support.AbstractApplicationContext.finishBeanFactoryInitialization(AbstractApplicationContext.java:987)
	at org.springframework.context.support.AbstractApplicationContext.refresh(AbstractApplicationContext.java:627)
	at org.springframework.boot.SpringApplication.refresh(SpringApplication.java:752)
	at org.springframework.boot.SpringApplication.refreshContext(SpringApplication.java:439)
	at org.springframework.boot.SpringApplication.run(SpringApplication.java:318)
	at org.springframework.boot.test.context.SpringBootContextLoader.lambda$loadContext$3(SpringBootContextLoader.java:144)
	at org.springframework.util.function.ThrowingSupplier.get(ThrowingSupplier.java:58)
	at org.springframework.util.function.ThrowingSupplier.get(ThrowingSupplier.java:46)
	at org.springframework.boot.SpringApplication.withHook(SpringApplication.java:1461)
	at org.springframework.boot.test.context.SpringBootContextLoader$ContextLoaderHook.run(SpringBootContextLoader.java:563)
	at org.springframework.boot.test.context.SpringBootContextLoader.loadContext(SpringBootContextLoader.java:144)
	at org.springframework.boot.test.context.SpringBootContextLoader.loadContext(SpringBootContextLoader.java:110)
	at org.springframework.test.context.cache.DefaultCacheAwareContextLoaderDelegate.loadContextInternal(DefaultCacheAwareContextLoaderDelegate.java:225)
	at org.springframework.test.context.cache.DefaultCacheAwareContextLoaderDelegate.loadContext(DefaultCacheAwareContextLoaderDelegate.java:152)
	... 19 more
Caused by: org.springframework.jdbc.datasource.init.ScriptStatementFailedException: Failed to execute SQL script statement #5 of file [/home/goliti/PROJETS/AGLPROJET/supermarket-manager/backend/target/classes/data.sql]: INSERT INTO stocks (produit_id, entrepot_id, quantite, seuil_reapprovisionnement, quantite_maximale, quantite_recommandee_commande, date_derniere_entree, alerte_active, date_creation, date_modification) VALUES ((SELECT id FROM produits WHERE code = 'PROD-001'), (SELECT id FROM entrepots WHERE code = 'ENT-001'), 50, 100, 1000, 500, NOW() - INTERVAL '10 days', true, NOW(), NOW()), ((SELECT id FROM produits WHERE code = 'PROD-002'), (SELECT id FROM entrepots WHERE code = 'ENT-001'), 250, 100, 800, 400, NOW() - INTERVAL '5 days', false, NOW(), NOW()), ((SELECT id FROM produits WHERE code = 'PROD-003'), (SELECT id FROM entrepots WHERE code = 'ENT-001'), 10, 50, 200, 100, NOW() - INTERVAL '2 days', true, NOW(), NOW()), ((SELECT id FROM produits WHERE code = 'PROD-004'), (SELECT id FROM entrepots WHERE code = 'ENT-001'), 150, 80, 500, 200, NOW() - INTERVAL '15 days', false, NOW(), NOW())
	at org.springframework.jdbc.datasource.init.ScriptUtils.executeSqlScript(ScriptUtils.java:293)
	at org.springframework.jdbc.datasource.init.ResourceDatabasePopulator.populate(ResourceDatabasePopulator.java:254)
	at org.springframework.jdbc.datasource.init.DatabasePopulatorUtils.execute(DatabasePopulatorUtils.java:54)
	at org.springframework.boot.jdbc.init.DataSourceScriptDatabaseInitializer.runScripts(DataSourceScriptDatabaseInitializer.java:87)
	at org.springframework.boot.sql.init.AbstractScriptDatabaseInitializer.runScripts(AbstractScriptDatabaseInitializer.java:146)
	at org.springframework.boot.sql.init.AbstractScriptDatabaseInitializer.applyScripts(AbstractScriptDatabaseInitializer.java:108)
	at org.springframework.boot.sql.init.AbstractScriptDatabaseInitializer.applyDataScripts(AbstractScriptDatabaseInitializer.java:102)
	at org.springframework.boot.sql.init.AbstractScriptDatabaseInitializer.initializeDatabase(AbstractScriptDatabaseInitializer.java:77)
	at org.springframework.boot.sql.init.AbstractScriptDatabaseInitializer.afterPropertiesSet(AbstractScriptDatabaseInitializer.java:66)
	at org.springframework.beans.factory.support.AbstractAutowireCapableBeanFactory.invokeInitMethods(AbstractAutowireCapableBeanFactory.java:1873)
	at org.springframework.beans.factory.support.AbstractAutowireCapableBeanFactory.initializeBean(AbstractAutowireCapableBeanFactory.java:1822)
	... 44 more
Caused by: org.h2.jdbc.JdbcSQLDataException: Impossible d'analyser "INTERVAL" constante "10 days"
Cannot parse "INTERVAL" constant "10 days"; SQL statement:
INSERT INTO stocks (produit_id, entrepot_id, quantite, seuil_reapprovisionnement, quantite_maximale, quantite_recommandee_commande, date_derniere_entree, alerte_active, date_creation, date_modification) VALUES ((SELECT id FROM produits WHERE code = 'PROD-001'), (SELECT id FROM entrepots WHERE code = 'ENT-001'), 50, 100, 1000, 500, NOW() - INTERVAL '10 days', true, NOW(), NOW()), ((SELECT id FROM produits WHERE code = 'PROD-002'), (SELECT id FROM entrepots WHERE code = 'ENT-001'), 250, 100, 800, 400, NOW() - INTERVAL '5 days', false, NOW(), NOW()), ((SELECT id FROM produits WHERE code = 'PROD-003'), (SELECT id FROM entrepots WHERE code = 'ENT-001'), 10, 50, 200, 100, NOW() - INTERVAL '2 days', true, NOW(), NOW()), ((SELECT id FROM produits WHERE code = 'PROD-004'), (SELECT id FROM entrepots WHERE code = 'ENT-001'), 150, 80, 500, 200, NOW() - INTERVAL '15 days', false, NOW(), NOW()) [22007-232]
	at org.h2.message.DbException.getJdbcSQLException(DbException.java:518)
	at org.h2.message.DbException.getJdbcSQLException(DbException.java:489)
	at org.h2.message.DbException.get(DbException.java:212)
	at org.h2.command.Parser.readInterval(Parser.java:5368)
	at org.h2.command.Parser.readTermWithoutIdentifier(Parser.java:4964)
	at org.h2.command.Parser.readTerm(Parser.java:4828)
	at org.h2.command.Parser.readFactor(Parser.java:3323)
	at org.h2.command.Parser.readSum(Parser.java:3315)
	at org.h2.command.Parser.readConcat(Parser.java:3275)
	at org.h2.command.Parser.readCondition(Parser.java:3065)
	at org.h2.command.Parser.readExpression(Parser.java:2985)
	at org.h2.command.Parser.readExpressionOrDefault(Parser.java:2971)
	at org.h2.command.Parser.parseValuesForCommand(Parser.java:1685)
	at org.h2.command.Parser.parseInsert(Parser.java:1550)
	at org.h2.command.Parser.parsePrepared(Parser.java:698)
	at org.h2.command.Parser.parse(Parser.java:581)
	at org.h2.command.Parser.parse(Parser.java:556)
	at org.h2.command.Parser.prepareCommand(Parser.java:484)
	at org.h2.engine.SessionLocal.prepareLocal(SessionLocal.java:645)
	at org.h2.engine.SessionLocal.prepareCommand(SessionLocal.java:561)
	at org.h2.jdbc.JdbcConnection.prepareCommand(JdbcConnection.java:1164)
	at org.h2.jdbc.JdbcStatement.executeInternal(JdbcStatement.java:245)
	at org.h2.jdbc.JdbcStatement.execute(JdbcStatement.java:231)
	at com.zaxxer.hikari.pool.ProxyStatement.execute(ProxyStatement.java:95)
	at com.zaxxer.hikari.pool.HikariProxyStatement.execute(HikariProxyStatement.java)
	at org.springframework.jdbc.datasource.init.ScriptUtils.executeSqlScript(ScriptUtils.java:261)
	... 54 more
Caused by: java.lang.NullPointerException: Cannot invoke "org.h2.value.TypeInfo.getValueType()" because "<local3>" is null
	at org.h2.command.Parser.readInterval(Parser.java:5362)
	... 76 more
]]></error>
    <system-out><![CDATA[2025-10-16T22:55:53.966Z  INFO 22842 --- [supermarket-manager-backend] [           main] t.c.s.AnnotationConfigContextLoaderUtils : Could not detect default configuration classes for test class [com.supermarket.manager.controller.DashboardControllerIntegrationTest]: DashboardControllerIntegrationTest does not declare any static, non-private, non-final, nested classes annotated with @Configuration.
2025-10-16T22:55:54.007Z  INFO 22842 --- [supermarket-manager-backend] [           main] .b.t.c.SpringBootTestContextBootstrapper : Found @SpringBootConfiguration com.supermarket.manager.SupermarketManagerBackendApplication for test class com.supermarket.manager.controller.DashboardControllerIntegrationTest
2025-10-16T22:55:54.013Z  INFO 22842 --- [supermarket-manager-backend] [           main] o.s.b.d.r.RestartApplicationListener     : Restart disabled due to context in which it is running

  .   ____          _            __ _ _
 /\\ / ___'_ __ _ _(_)_ __  __ _ \ \ \ \
( ( )\___ | '_ | '_| | '_ \/ _` | \ \ \ \
 \\/  ___)| |_)| | | | | || (_| |  ) ) ) )
  '  |____| .__|_| |_|_| |_\__, | / / / /
 =========|_|==============|___/=/_/_/_/

 :: Spring Boot ::                (v3.5.6)

2025-10-16T22:55:54.065Z  INFO 22842 --- [supermarket-manager-backend] [           main] s.m.c.DashboardControllerIntegrationTest : Starting DashboardControllerIntegrationTest using Java 21.0.8 with PID 22842 (started by goliti in /home/goliti/PROJETS/AGLPROJET/supermarket-manager/backend)
2025-10-16T22:55:54.065Z  INFO 22842 --- [supermarket-manager-backend] [           main] s.m.c.DashboardControllerIntegrationTest : The following 1 profile is active: "test"
2025-10-16T22:55:55.202Z  WARN 22842 --- [supermarket-manager-backend] [           main] org.hibernate.dialect.Dialect            : HHH000511: The 2.3.232 version for [org.hibernate.dialect.PostgreSQLDialect] is no longer supported, hence certain features may not work properly. The minimum supported version is 12.0.0. Check the community dialects project for available legacy versions.
2025-10-16T22:55:55.203Z  WARN 22842 --- [supermarket-manager-backend] [           main] org.hibernate.orm.deprecation            : HHH90000025: PostgreSQLDialect does not need to be specified explicitly using 'hibernate.dialect' (remove the property setting and it will be selected by default)
2025-10-16T22:55:55.572Z DEBUG 22842 --- [supermarket-manager-backend] [           main] org.hibernate.SQL                        : set client_min_messages = WARNING
2025-10-16T22:55:55.582Z DEBUG 22842 --- [supermarket-manager-backend] [           main] org.hibernate.SQL                        : alter table if exists absences drop constraint if exists FKoimbt5tg2h6lpx7h2sxlegpwf
2025-10-16T22:55:55.583Z DEBUG 22842 --- [supermarket-manager-backend] [           main] org.hibernate.SQL                        : alter table if exists absences drop constraint if exists FKcgca4w0jf3wxnnbulhrb5wdge
2025-10-16T22:55:55.583Z DEBUG 22842 --- [supermarket-manager-backend] [           main] org.hibernate.SQL                        : alter table if exists achat_produits drop constraint if exists FKfsa39gb3on86cb0yfsp4uy70g
2025-10-16T22:55:55.584Z DEBUG 22842 --- [supermarket-manager-backend] [           main] org.hibernate.SQL                        : alter table if exists client_categories_preferees drop constraint if exists FKm9eakvgn5ux6frvv0ufx8afde
2025-10-16T22:55:55.584Z DEBUG 22842 --- [supermarket-manager-backend] [           main] org.hibernate.SQL                        : alter table if exists commandes drop constraint if exists FKr11cplr3txy5vrvvineq8lcj3
2025-10-16T22:55:55.584Z DEBUG 22842 --- [supermarket-manager-backend] [           main] org.hibernate.SQL                        : alter table if exists documents drop constraint if exists FKchpn9oir08lkr1p0mkel20kvm
2025-10-16T22:55:55.585Z DEBUG 22842 --- [supermarket-manager-backend] [           main] org.hibernate.SQL                        : alter table if exists evaluations drop constraint if exists FKemf4pw9nsi3jlgv90xaijw7a0
2025-10-16T22:55:55.585Z DEBUG 22842 --- [supermarket-manager-backend] [           main] org.hibernate.SQL                        : alter table if exists evaluations drop constraint if exists FKi54yja2m72irrw6b57kogxp7h
2025-10-16T22:55:55.586Z DEBUG 22842 --- [supermarket-manager-backend] [           main] org.hibernate.SQL                        : alter table if exists historique_achats drop constraint if exists FK164acfpk9x4eiql8jb8w24wju
2025-10-16T22:55:55.586Z DEBUG 22842 --- [supermarket-manager-backend] [           main] org.hibernate.SQL                        : alter table if exists lignes_commande drop constraint if exists FKtry44xh8jbos217m4nk3wyyem
2025-10-16T22:55:55.586Z DEBUG 22842 --- [supermarket-manager-backend] [           main] org.hibernate.SQL                        : alter table if exists lignes_commande drop constraint if exists FK97125vvuxcin9rytjad4u9bm4
2025-10-16T22:55:55.587Z DEBUG 22842 --- [supermarket-manager-backend] [           main] org.hibernate.SQL                        : alter table if exists lignes_transaction drop constraint if exists FKr3bd88otkduqpe4ogkjmekavl
2025-10-16T22:55:55.587Z DEBUG 22842 --- [supermarket-manager-backend] [           main] org.hibernate.SQL                        : alter table if exists lignes_transaction drop constraint if exists FKa8lpec6fvkmyjxi6335vegdoe
2025-10-16T22:55:55.587Z DEBUG 22842 --- [supermarket-manager-backend] [           main] org.hibernate.SQL                        : alter table if exists lignes_transaction drop constraint if exists FK5lsaexvw7gpf25eq8ll701g05
2025-10-16T22:55:55.588Z DEBUG 22842 --- [supermarket-manager-backend] [           main] org.hibernate.SQL                        : alter table if exists lots_produits drop constraint if exists FK6ogdohrkuhpu03cm27bbkyk8v
2025-10-16T22:55:55.588Z DEBUG 22842 --- [supermarket-manager-backend] [           main] org.hibernate.SQL                        : alter table if exists lots_produits drop constraint if exists FK8ca7r7y2kfrq19ojrgc6f3b27
2025-10-16T22:55:55.588Z DEBUG 22842 --- [supermarket-manager-backend] [           main] org.hibernate.SQL                        : alter table if exists mouvements_points drop constraint if exists FK1kmw5dbscc5oa7rwyvmovj99d
2025-10-16T22:55:55.589Z DEBUG 22842 --- [supermarket-manager-backend] [           main] org.hibernate.SQL                        : alter table if exists plannings drop constraint if exists FKceksolw6tn7g1chr37drp14cj
2025-10-16T22:55:55.589Z DEBUG 22842 --- [supermarket-manager-backend] [           main] org.hibernate.SQL                        : alter table if exists pointages drop constraint if exists FKlhh1saj88nc05xwnbh7ptrlxd
2025-10-16T22:55:55.589Z DEBUG 22842 --- [supermarket-manager-backend] [           main] org.hibernate.SQL                        : alter table if exists produits drop constraint if exists FK8xk7p0dnnygs2sys4thsfekba
2025-10-16T22:55:55.590Z DEBUG 22842 --- [supermarket-manager-backend] [           main] org.hibernate.SQL                        : alter table if exists produits drop constraint if exists FKk2888vt925safbmady1p0i41f
2025-10-16T22:55:55.590Z DEBUG 22842 --- [supermarket-manager-backend] [           main] org.hibernate.SQL                        : alter table if exists promotions drop constraint if exists FKf6k3qgusipreupfucrt1egbq5
2025-10-16T22:55:55.590Z DEBUG 22842 --- [supermarket-manager-backend] [           main] org.hibernate.SQL                        : alter table if exists stocks drop constraint if exists FKss2exw53yi89rplsmyy8sujds
2025-10-16T22:55:55.591Z DEBUG 22842 --- [supermarket-manager-backend] [           main] org.hibernate.SQL                        : alter table if exists stocks drop constraint if exists FKb2i3r2l2dgqwuna57e41yl4my
2025-10-16T22:55:55.591Z DEBUG 22842 --- [supermarket-manager-backend] [           main] org.hibernate.SQL                        : alter table if exists transaction_promotions drop constraint if exists FKo02p9qnauxdtwhm6m62r3qrsa
2025-10-16T22:55:55.591Z DEBUG 22842 --- [supermarket-manager-backend] [           main] org.hibernate.SQL                        : alter table if exists transaction_promotions drop constraint if exists FKouew39wtt5wlvc7gyh5tqrk3m
2025-10-16T22:55:55.592Z DEBUG 22842 --- [supermarket-manager-backend] [           main] org.hibernate.SQL                        : alter table if exists transactions drop constraint if exists FK9lcsabnw94fwg6ds2mlpf9qry
2025-10-16T22:55:55.592Z DEBUG 22842 --- [supermarket-manager-backend] [           main] org.hibernate.SQL                        : alter table if exists user_roles drop constraint if exists FKh8ciramu9cc9q3qcqiv4ue8a6
2025-10-16T22:55:55.592Z DEBUG 22842 --- [supermarket-manager-backend] [           main] org.hibernate.SQL                        : alter table if exists user_roles drop constraint if exists FKhfh9dx7w3ubf1co1vdev94g3f
2025-10-16T22:55:55.593Z DEBUG 22842 --- [supermarket-manager-backend] [           main] org.hibernate.SQL                        : alter table if exists ventes_produit drop constraint if exists FK923v5uke6svl1nqrinac5odvw
2025-10-16T22:55:55.593Z DEBUG 22842 --- [supermarket-manager-backend] [           main] org.hibernate.SQL                        : drop table if exists absences cascade
2025-10-16T22:55:55.594Z DEBUG 22842 --- [supermarket-manager-backend] [           main] org.hibernate.SQL                        : drop table if exists achat_produits cascade
2025-10-16T22:55:55.594Z DEBUG 22842 --- [supermarket-manager-backend] [           main] org.hibernate.SQL                        : drop table if exists cartes_fidelite cascade
2025-10-16T22:55:55.595Z DEBUG 22842 --- [supermarket-manager-backend] [           main] org.hibernate.SQL                        : drop table if exists categories cascade
2025-10-16T22:55:55.595Z DEBUG 22842 --- [supermarket-manager-backend] [           main] org.hibernate.SQL                        : drop table if exists client_categories_preferees cascade
2025-10-16T22:55:55.595Z DEBUG 22842 --- [supermarket-manager-backend] [           main] org.hibernate.SQL                        : drop table if exists clients cascade
2025-10-16T22:55:55.596Z DEBUG 22842 --- [supermarket-manager-backend] [           main] org.hibernate.SQL                        : drop table if exists commandes cascade
2025-10-16T22:55:55.596Z DEBUG 22842 --- [supermarket-manager-backend] [           main] org.hibernate.SQL                        : drop table if exists documents cascade
2025-10-16T22:55:55.596Z DEBUG 22842 --- [supermarket-manager-backend] [           main] org.hibernate.SQL                        : drop table if exists employes cascade
2025-10-16T22:55:55.597Z DEBUG 22842 --- [supermarket-manager-backend] [           main] org.hibernate.SQL                        : drop table if exists entrepots cascade
2025-10-16T22:55:55.597Z DEBUG 22842 --- [supermarket-manager-backend] [           main] org.hibernate.SQL                        : drop table if exists evaluations cascade
2025-10-16T22:55:55.597Z DEBUG 22842 --- [supermarket-manager-backend] [           main] org.hibernate.SQL                        : drop table if exists fournisseurs cascade
2025-10-16T22:55:55.597Z DEBUG 22842 --- [supermarket-manager-backend] [           main] org.hibernate.SQL                        : drop table if exists historique_achats cascade
2025-10-16T22:55:55.598Z DEBUG 22842 --- [supermarket-manager-backend] [           main] org.hibernate.SQL                        : drop table if exists lignes_commande cascade
2025-10-16T22:55:55.598Z DEBUG 22842 --- [supermarket-manager-backend] [           main] org.hibernate.SQL                        : drop table if exists lignes_transaction cascade
2025-10-16T22:55:55.598Z DEBUG 22842 --- [supermarket-manager-backend] [           main] org.hibernate.SQL                        : drop table if exists lots_produits cascade
2025-10-16T22:55:55.599Z DEBUG 22842 --- [supermarket-manager-backend] [           main] org.hibernate.SQL                        : drop table if exists mouvements_points cascade
2025-10-16T22:55:55.599Z DEBUG 22842 --- [supermarket-manager-backend] [           main] org.hibernate.SQL                        : drop table if exists plannings cascade
2025-10-16T22:55:55.599Z DEBUG 22842 --- [supermarket-manager-backend] [           main] org.hibernate.SQL                        : drop table if exists pointages cascade
2025-10-16T22:55:55.600Z DEBUG 22842 --- [supermarket-manager-backend] [           main] org.hibernate.SQL                        : drop table if exists produits cascade
2025-10-16T22:55:55.600Z DEBUG 22842 --- [supermarket-manager-backend] [           main] org.hibernate.SQL                        : drop table if exists promotions cascade
2025-10-16T22:55:55.600Z DEBUG 22842 --- [supermarket-manager-backend] [           main] org.hibernate.SQL                        : drop table if exists roles cascade
2025-10-16T22:55:55.601Z DEBUG 22842 --- [supermarket-manager-backend] [           main] org.hibernate.SQL                        : drop table if exists statistiques_frequentation cascade
2025-10-16T22:55:55.601Z DEBUG 22842 --- [supermarket-manager-backend] [           main] org.hibernate.SQL                        : drop table if exists stocks cascade
2025-10-16T22:55:55.602Z DEBUG 22842 --- [supermarket-manager-backend] [           main] org.hibernate.SQL                        : drop table if exists transaction_promotions cascade
2025-10-16T22:55:55.603Z DEBUG 22842 --- [supermarket-manager-backend] [           main] org.hibernate.SQL                        : drop table if exists transactions cascade
2025-10-16T22:55:55.603Z DEBUG 22842 --- [supermarket-manager-backend] [           main] org.hibernate.SQL                        : drop table if exists user_roles cascade
2025-10-16T22:55:55.603Z DEBUG 22842 --- [supermarket-manager-backend] [           main] org.hibernate.SQL                        : drop table if exists users cascade
2025-10-16T22:55:55.604Z DEBUG 22842 --- [supermarket-manager-backend] [           main] org.hibernate.SQL                        : drop table if exists ventes_produit cascade
2025-10-16T22:55:55.610Z DEBUG 22842 --- [supermarket-manager-backend] [           main] org.hibernate.SQL                        : create table absences (date_debut date not null, date_fin date not null, date_validation date, employe_id bigint not null, id bigint generated by default as identity, validateur_id bigint, commentaire_validation varchar(500), motif varchar(1000), document_justificatif varchar(255), statut varchar(255) not null check (statut in ('EN_ATTENTE','APPROUVEE','REFUSEE','ANNULEE')), type varchar(255) not null check (type in ('CONGE_PAYE','CONGE_SANS_SOLDE','MALADIE','MATERNITE','PATERNITE','FORMATION','EVENEMENT_FAMILIAL','RTT','ABSENCE_INJUSTIFIEE')), primary key (id))
2025-10-16T22:55:55.638Z DEBUG 22842 --- [supermarket-manager-backend] [           main] org.hibernate.SQL                        : create table achat_produits (montant_ligne numeric(38,2), prix_unitaire numeric(38,2), quantite integer, historique_achat_id bigint not null, produit_id bigint, categorie varchar(255), nom_produit varchar(255))
2025-10-16T22:55:55.639Z DEBUG 22842 --- [supermarket-manager-backend] [           main] org.hibernate.SQL                        : create table cartes_fidelite (active boolean not null, date_expiration date, date_inscription date not null, points_fidelite numeric(38,2) not null, total_achats numeric(38,2) not null, id bigint generated by default as identity, email varchar(255) unique, niveau varchar(255) not null check (niveau in ('BRONZE','ARGENT','OR','PLATINE')), nom_client varchar(255) not null, numero_carte varchar(255) not null unique, prenom_client varchar(255) not null, telephone varchar(255), primary key (id))
2025-10-16T22:55:55.645Z DEBUG 22842 --- [supermarket-manager-backend] [           main] org.hibernate.SQL                        : create table categories (date_creation timestamp(6) not null, date_modification timestamp(6), id bigint generated by default as identity, nom varchar(100) not null unique, description varchar(500), type varchar(255) not null check (type in ('ALIMENTAIRE_FRAIS','ALIMENTAIRE_SEC','SURGELE','BOISSON','HYGIENE','MENAGER','ELECTRONIQUE','TEXTILE','AUTRE')), primary key (id))
2025-10-16T22:55:55.648Z DEBUG 22842 --- [supermarket-manager-backend] [           main] org.hibernate.SQL                        : create table client_categories_preferees (client_id bigint not null, categorie varchar(255))
2025-10-16T22:55:55.650Z DEBUG 22842 --- [supermarket-manager-backend] [           main] org.hibernate.SQL                        : create table clients (accepte_email boolean not null, accepte_notifications boolean not null, acceptesms boolean not null, date_naissance date not null, dernier_achat date, nombre_achats integer not null, panier_moyen numeric(38,2) not null, points_fidelite integer not null, total_achats numeric(38,2) not null, date_creation timestamp(6) not null, date_inscription timestamp(6) not null, date_modification timestamp(6), id bigint generated by default as identity, adresse varchar(255), code_postal varchar(255), email varchar(255) unique, niveau_fidelite varchar(255) not null check (niveau_fidelite in ('BRONZE','ARGENT','OR','DIAMANT')), nom varchar(255) not null, numero_carte_fidelite varchar(255) unique, numero_client varchar(255) not null unique, prenom varchar(255) not null, segment varchar(255) not null check (segment in ('VIP','PREMIUM','REGULIER','OCCASIONNEL')), statut varchar(255) not null check (statut in ('ACTIF','INACTIF','SUSPENDU','BLOQUE')), telephone varchar(255) not null, ville varchar(255), primary key (id))
2025-10-16T22:55:55.655Z DEBUG 22842 --- [supermarket-manager-backend] [           main] org.hibernate.SQL                        : create table commandes (commande_automatique boolean, date_commande date not null, date_livraison_effective date, date_livraison_prevue date, montant_total numeric(12,2), date_creation timestamp(6) not null, date_modification timestamp(6), fournisseur_id bigint not null, id bigint generated by default as identity, numero_commande varchar(50) not null unique, notes varchar(1000), statut varchar(255) not null check (statut in ('BROUILLON','EN_ATTENTE','CONFIRMEE','EN_COURS_LIVRAISON','LIVREE','PARTIELLEMENT_LIVREE','ANNULEE')), primary key (id))
2025-10-16T22:55:55.659Z DEBUG 22842 --- [supermarket-manager-backend] [           main] org.hibernate.SQL                        : create table documents (confidentiel boolean, date_ajout timestamp(6) not null, date_expiration timestamp(6), employe_id bigint not null, id bigint generated by default as identity, taille_fichier bigint, description varchar(1000), chemin_fichier varchar(255) not null, nom_fichier varchar(255), titre varchar(255) not null, type varchar(255) not null check (type in ('CONTRAT','FICHE_PAIE','ATTESTATION','CV','DIPLOME','PIECE_IDENTITE','JUSTIFICATIF_DOMICILE','CERTIFICAT_MEDICAL','FORMATION','EVALUATION','AUTRE')), type_mime varchar(255), primary key (id))
2025-10-16T22:55:55.665Z DEBUG 22842 --- [supermarket-manager-backend] [           main] org.hibernate.SQL                        : create table employes (date_embauche date not null, date_naissance date not null, salaire_base float(53) not null, id bigint generated by default as identity, adresse varchar(255) not null, email varchar(255) not null unique, iban varchar(255), matricule varchar(255) not null unique, nom varchar(255) not null, numero_securite_sociale varchar(255), poste varchar(255) not null check (poste in ('CAISSIER','CHEF_CAISSIER','VENDEUR','CHEF_RAYON','MAGASINIER','RESPONSABLE_STOCK','COMPTABLE','RESPONSABLE_RH','DIRECTEUR','AGENT_SECURITE','AGENT_ENTRETIEN')), prenom varchar(255) not null, statut varchar(255) not null check (statut in ('ACTIF','EN_CONGE','EN_ARRET_MALADIE','SUSPENDU','DEMISSIONNAIRE','LICENCIE','RETRAITE')), telephone varchar(255) not null, type_contrat varchar(255) not null check (type_contrat in ('CDI','CDD','INTERIM','STAGE','APPRENTISSAGE','TEMPS_PARTIEL')), primary key (id))
2025-10-16T22:55:55.669Z DEBUG 22842 --- [supermarket-manager-backend] [           main] org.hibernate.SQL                        : create table entrepots (actif boolean not null, capacite_max float(53), date_creation timestamp(6) not null, date_modification timestamp(6), id bigint generated by default as identity, code varchar(50) not null unique, nom varchar(100) not null, adresse varchar(200), primary key (id))
2025-10-16T22:55:55.674Z DEBUG 22842 --- [supermarket-manager-backend] [           main] org.hibernate.SQL                        : create table evaluations (date_evaluation date not null, note_esprit_equipe integer check ((note_esprit_equipe<=5) and (note_esprit_equipe>=1)), note_globale integer not null check ((note_globale>=1) and (note_globale<=5)), note_ponctualite integer check ((note_ponctualite<=5) and (note_ponctualite>=1)), note_productivite integer check ((note_productivite<=5) and (note_productivite>=1)), note_qualite_travail integer check ((note_qualite_travail<=5) and (note_qualite_travail>=1)), note_relation_client integer check ((note_relation_client<=5) and (note_relation_client>=1)), valide boolean, employe_id bigint not null, evaluateur_id bigint not null, id bigint generated by default as identity, commentaires varchar(1000), objectifs varchar(2000), points_ameliorer varchar(2000), points_forts varchar(2000), periode_evaluee varchar(255) not null, primary key (id))
2025-10-16T22:55:55.681Z DEBUG 22842 --- [supermarket-manager-backend] [           main] org.hibernate.SQL                        : create table fournisseurs (actif boolean not null, delai_livraison_jours integer, date_creation timestamp(6) not null, date_modification timestamp(6), id bigint generated by default as identity, telephone varchar(20), code varchar(50) not null unique, contact_principal varchar(100), email varchar(100), nom varchar(100) not null, adresse varchar(200), conditions_paiement varchar(200), notes varchar(500), type varchar(255) not null check (type in ('PRODUCTEUR_LOCAL','GROSSISTE_NATIONAL','GROSSISTE_INTERNATIONAL','CENTRALE_ACHAT','DISTRIBUTEUR_MARQUE')), primary key (id))
2025-10-16T22:55:55.685Z DEBUG 22842 --- [supermarket-manager-backend] [           main] org.hibernate.SQL                        : create table historique_achats (montant_paye numeric(38,2) not null, montant_remise numeric(38,2) not null, montant_total numeric(38,2) not null, points_gagnes integer not null, points_utilises integer not null, client_id bigint not null, date_achat timestamp(6) not null, id bigint generated by default as identity, caisse_numero varchar(255), caissier_nom varchar(255), numero_ticket varchar(255) not null unique, primary key (id))
2025-10-16T22:55:55.689Z DEBUG 22842 --- [supermarket-manager-backend] [           main] org.hibernate.SQL                        : create table lignes_commande (prix_unitaire numeric(10,2) not null, quantite integer not null, quantite_recue integer, commande_id bigint not null, id bigint generated by default as identity, produit_id bigint not null, notes varchar(500), primary key (id))
2025-10-16T22:55:55.692Z DEBUG 22842 --- [supermarket-manager-backend] [           main] org.hibernate.SQL                        : create table lignes_transaction (prix_unitaire numeric(38,2) not null, quantite integer not null, remise_ligne numeric(38,2), id bigint generated by default as identity, produit_id bigint not null, promotion_id bigint, transaction_id bigint not null, primary key (id))
2025-10-16T22:55:55.694Z DEBUG 22842 --- [supermarket-manager-backend] [           main] org.hibernate.SQL                        : create table lots_produits (date_peremption date, date_production date, date_reception date not null, quantite_actuelle integer not null, quantite_initiale integer not null, temperature_stockage float(53), date_creation timestamp(6) not null, date_modification timestamp(6), entrepot_id bigint, id bigint generated by default as identity, produit_id bigint not null, numero_commande varchar(50), statut varchar(50) check (statut in ('ACTIF','RESERVE','EPUISE','PERIME','RAPPELE','BLOQUE','ARCHIVE')), emplacement_stockage varchar(100), numero_lot varchar(100) not null unique, fournisseur_lot varchar(200), observations varchar(1000), primary key (id))
2025-10-16T22:55:55.697Z DEBUG 22842 --- [supermarket-manager-backend] [           main] org.hibernate.SQL                        : create table mouvements_points (points integer not null, solde_apres integer not null, solde_avant integer not null, client_id bigint not null, date_mouvement timestamp(6) not null, id bigint generated by default as identity, description varchar(255), reference varchar(255), type varchar(255) not null check (type in ('GAIN_ACHAT','GAIN_BONUS','GAIN_PARRAINAGE','UTILISATION','EXPIRATION','AJUSTEMENT')), primary key (id))
2025-10-16T22:55:55.699Z DEBUG 22842 --- [supermarket-manager-backend] [           main] org.hibernate.SQL                        : create table plannings (date date not null, heure_debut time(6) not null, heure_fin time(6) not null, valide boolean, employe_id bigint not null, id bigint generated by default as identity, notes varchar(500), poste_assigne varchar(255) not null check (poste_assigne in ('CAISSIER','CHEF_CAISSIER','VENDEUR','CHEF_RAYON','MAGASINIER','RESPONSABLE_STOCK','COMPTABLE','RESPONSABLE_RH','DIRECTEUR','AGENT_SECURITE','AGENT_ENTRETIEN')), type_shift varchar(255) not null check (type_shift in ('MATIN','APRES_MIDI','NUIT','JOURNEE_COMPLETE')), primary key (id))
2025-10-16T22:55:55.703Z DEBUG 22842 --- [supermarket-manager-backend] [           main] org.hibernate.SQL                        : create table pointages (heures_supplementaires float(53), heures_travaillees float(53), valide boolean, employe_id bigint not null, heure_entree timestamp(6) not null, heure_sortie timestamp(6), id bigint generated by default as identity, notes varchar(500), type varchar(255) not null check (type in ('NORMAL','HEURES_SUP','JOUR_FERIE','NUIT','DIMANCHE')), primary key (id))
2025-10-16T22:55:55.706Z DEBUG 22842 --- [supermarket-manager-backend] [           main] org.hibernate.SQL                        : create table produits (actif boolean not null, date_peremption_requis boolean, prix_achat numeric(10,2) not null, prix_vente numeric(10,2) not null, categorie_id bigint not null, date_creation timestamp(6) not null, date_modification timestamp(6), fournisseur_id bigint, id bigint generated by default as identity, code varchar(50) not null unique, type_marque varchar(50) check (type_marque in ('MARQUE_PROPRE','GRANDE_MARQUE','MARQUE_DISTRIBUTEUR','GENERIQUE','BIO','PREMIUM')), unite varchar(50), code_barres varchar(100), marque varchar(100), nom varchar(200) not null, image_url varchar(500), description varchar(1000), primary key (id))
2025-10-16T22:55:55.710Z DEBUG 22842 --- [supermarket-manager-backend] [           main] org.hibernate.SQL                        : create table promotions (active boolean not null, date_debut date not null, date_fin date not null, montant_minimum numeric(38,2), nombre_utilisations integer, utilisations_actuelles integer, utilisations_max integer, valeur numeric(38,2) not null, date_creation timestamp(6) not null, date_modification timestamp(6), id bigint generated by default as identity, produit_id bigint, code varchar(255) not null unique, description varchar(255) not null, type varchar(255) not null check (type in ('POURCENTAGE','MONTANT_FIXE','PRIX_FIXE')), primary key (id))
2025-10-16T22:55:55.713Z DEBUG 22842 --- [supermarket-manager-backend] [           main] org.hibernate.SQL                        : create table roles (id bigint generated by default as identity, name varchar(20) not null unique check (name in ('ROLE_ADMIN','ROLE_MANAGER','ROLE_CASHIER','ROLE_HR_MANAGER','ROLE_STOCK_MANAGER','ROLE_CLIENT')), primary key (id))
2025-10-16T22:55:55.716Z DEBUG 22842 --- [supermarket-manager-backend] [           main] org.hibernate.SQL                        : create table statistiques_frequentation (date_stat date not null, est_heure_pointe boolean, heure_debut time(6) not null, heure_fin time(6) not null, nombre_clients integer not null, nombre_transactions integer not null, id bigint generated by default as identity, jour_semaine varchar(255), primary key (id))
2025-10-16T22:55:55.718Z DEBUG 22842 --- [supermarket-manager-backend] [           main] org.hibernate.SQL                        : create table stocks (alerte_active boolean, date_peremption date, quantite integer not null, quantite_maximale integer, quantite_recommandee_commande integer, seuil_reapprovisionnement integer not null, date_creation timestamp(6) not null, date_derniere_entree timestamp(6), date_derniere_sortie timestamp(6), date_modification timestamp(6), entrepot_id bigint not null, id bigint generated by default as identity, produit_id bigint not null, primary key (id))
2025-10-16T22:55:55.720Z DEBUG 22842 --- [supermarket-manager-backend] [           main] org.hibernate.SQL                        : create table transaction_promotions (promotion_id bigint not null, transaction_id bigint not null)
2025-10-16T22:55:55.722Z DEBUG 22842 --- [supermarket-manager-backend] [           main] org.hibernate.SQL                        : create table transactions (montant_brut numeric(38,2) not null, montant_net numeric(38,2) not null, montant_paye numeric(38,2) not null, montant_remises numeric(38,2) not null, montant_rendu numeric(38,2) not null, points_gagnes numeric(38,2), points_utilises numeric(38,2), carte_fidelite_id bigint, date_heure timestamp(6) not null, id bigint generated by default as identity, caissier_id varchar(255), methode_paiement varchar(255) not null check (methode_paiement in ('ESPECES','CARTE_BANCAIRE','CARTE_CREDIT','CHEQUE','MOBILE_PAYMENT','TICKET_RESTAURANT','BON_ACHAT')), numero_transaction varchar(255) not null unique, remarques varchar(255), statut varchar(255) not null check (statut in ('EN_COURS','COMPLETEE','ANNULEE','REMBOURSEE')), primary key (id))
2025-10-16T22:55:55.726Z DEBUG 22842 --- [supermarket-manager-backend] [           main] org.hibernate.SQL                        : create table user_roles (role_id bigint not null, user_id bigint not null, primary key (role_id, user_id))
2025-10-16T22:55:55.728Z DEBUG 22842 --- [supermarket-manager-backend] [           main] org.hibernate.SQL                        : create table users (active boolean not null, created_at timestamp(6) not null, id bigint generated by default as identity, last_login timestamp(6), updated_at timestamp(6), phone_number varchar(20), username varchar(50) not null unique, email varchar(100) not null unique, first_name varchar(100) not null, last_name varchar(100) not null, password varchar(255) not null, primary key (id))
2025-10-16T22:55:55.731Z DEBUG 22842 --- [supermarket-manager-backend] [           main] org.hibernate.SQL                        : create table ventes_produit (cout_achat numeric(12,2), heure_vente integer, marge_beneficiaire numeric(12,2), montant_vente numeric(12,2) not null, quantite_vendue integer not null, date_vente timestamp(6) not null, id bigint generated by default as identity, produit_id bigint not null, jour_semaine varchar(255), primary key (id))
2025-10-16T22:55:55.734Z DEBUG 22842 --- [supermarket-manager-backend] [           main] org.hibernate.SQL                        : alter table if exists absences add constraint FKoimbt5tg2h6lpx7h2sxlegpwf foreign key (employe_id) references employes
2025-10-16T22:55:55.752Z DEBUG 22842 --- [supermarket-manager-backend] [           main] org.hibernate.SQL                        : alter table if exists absences add constraint FKcgca4w0jf3wxnnbulhrb5wdge foreign key (validateur_id) references employes
2025-10-16T22:55:55.755Z DEBUG 22842 --- [supermarket-manager-backend] [           main] org.hibernate.SQL                        : alter table if exists achat_produits add constraint FKfsa39gb3on86cb0yfsp4uy70g foreign key (historique_achat_id) references historique_achats
2025-10-16T22:55:55.757Z DEBUG 22842 --- [supermarket-manager-backend] [           main] org.hibernate.SQL                        : alter table if exists client_categories_preferees add constraint FKm9eakvgn5ux6frvv0ufx8afde foreign key (client_id) references clients
2025-10-16T22:55:55.760Z DEBUG 22842 --- [supermarket-manager-backend] [           main] org.hibernate.SQL                        : alter table if exists commandes add constraint FKr11cplr3txy5vrvvineq8lcj3 foreign key (fournisseur_id) references fournisseurs
2025-10-16T22:55:55.762Z DEBUG 22842 --- [supermarket-manager-backend] [           main] org.hibernate.SQL                        : alter table if exists documents add constraint FKchpn9oir08lkr1p0mkel20kvm foreign key (employe_id) references employes
2025-10-16T22:55:55.765Z DEBUG 22842 --- [supermarket-manager-backend] [           main] org.hibernate.SQL                        : alter table if exists evaluations add constraint FKemf4pw9nsi3jlgv90xaijw7a0 foreign key (employe_id) references employes
2025-10-16T22:55:55.767Z DEBUG 22842 --- [supermarket-manager-backend] [           main] org.hibernate.SQL                        : alter table if exists evaluations add constraint FKi54yja2m72irrw6b57kogxp7h foreign key (evaluateur_id) references employes
2025-10-16T22:55:55.770Z DEBUG 22842 --- [supermarket-manager-backend] [           main] org.hibernate.SQL                        : alter table if exists historique_achats add constraint FK164acfpk9x4eiql8jb8w24wju foreign key (client_id) references clients
2025-10-16T22:55:55.772Z DEBUG 22842 --- [supermarket-manager-backend] [           main] org.hibernate.SQL                        : alter table if exists lignes_commande add constraint FKtry44xh8jbos217m4nk3wyyem foreign key (commande_id) references commandes
2025-10-16T22:55:55.775Z DEBUG 22842 --- [supermarket-manager-backend] [           main] org.hibernate.SQL                        : alter table if exists lignes_commande add constraint FK97125vvuxcin9rytjad4u9bm4 foreign key (produit_id) references produits
2025-10-16T22:55:55.777Z DEBUG 22842 --- [supermarket-manager-backend] [           main] org.hibernate.SQL                        : alter table if exists lignes_transaction add constraint FKr3bd88otkduqpe4ogkjmekavl foreign key (produit_id) references produits
2025-10-16T22:55:55.779Z DEBUG 22842 --- [supermarket-manager-backend] [           main] org.hibernate.SQL                        : alter table if exists lignes_transaction add constraint FKa8lpec6fvkmyjxi6335vegdoe foreign key (promotion_id) references promotions
2025-10-16T22:55:55.781Z DEBUG 22842 --- [supermarket-manager-backend] [           main] org.hibernate.SQL                        : alter table if exists lignes_transaction add constraint FK5lsaexvw7gpf25eq8ll701g05 foreign key (transaction_id) references transactions
2025-10-16T22:55:55.784Z DEBUG 22842 --- [supermarket-manager-backend] [           main] org.hibernate.SQL                        : alter table if exists lots_produits add constraint FK6ogdohrkuhpu03cm27bbkyk8v foreign key (entrepot_id) references entrepots
2025-10-16T22:55:55.787Z DEBUG 22842 --- [supermarket-manager-backend] [           main] org.hibernate.SQL                        : alter table if exists lots_produits add constraint FK8ca7r7y2kfrq19ojrgc6f3b27 foreign key (produit_id) references produits
2025-10-16T22:55:55.789Z DEBUG 22842 --- [supermarket-manager-backend] [           main] org.hibernate.SQL                        : alter table if exists mouvements_points add constraint FK1kmw5dbscc5oa7rwyvmovj99d foreign key (client_id) references clients
2025-10-16T22:55:55.791Z DEBUG 22842 --- [supermarket-manager-backend] [           main] org.hibernate.SQL                        : alter table if exists plannings add constraint FKceksolw6tn7g1chr37drp14cj foreign key (employe_id) references employes
2025-10-16T22:55:55.794Z DEBUG 22842 --- [supermarket-manager-backend] [           main] org.hibernate.SQL                        : alter table if exists pointages add constraint FKlhh1saj88nc05xwnbh7ptrlxd foreign key (employe_id) references employes
2025-10-16T22:55:55.796Z DEBUG 22842 --- [supermarket-manager-backend] [           main] org.hibernate.SQL                        : alter table if exists produits add constraint FK8xk7p0dnnygs2sys4thsfekba foreign key (categorie_id) references categories
2025-10-16T22:55:55.798Z DEBUG 22842 --- [supermarket-manager-backend] [           main] org.hibernate.SQL                        : alter table if exists produits add constraint FKk2888vt925safbmady1p0i41f foreign key (fournisseur_id) references fournisseurs
2025-10-16T22:55:55.802Z DEBUG 22842 --- [supermarket-manager-backend] [           main] org.hibernate.SQL                        : alter table if exists promotions add constraint FKf6k3qgusipreupfucrt1egbq5 foreign key (produit_id) references produits
2025-10-16T22:55:55.806Z DEBUG 22842 --- [supermarket-manager-backend] [           main] org.hibernate.SQL                        : alter table if exists stocks add constraint FKss2exw53yi89rplsmyy8sujds foreign key (entrepot_id) references entrepots
2025-10-16T22:55:55.809Z DEBUG 22842 --- [supermarket-manager-backend] [           main] org.hibernate.SQL                        : alter table if exists stocks add constraint FKb2i3r2l2dgqwuna57e41yl4my foreign key (produit_id) references produits
2025-10-16T22:55:55.813Z DEBUG 22842 --- [supermarket-manager-backend] [           main] org.hibernate.SQL                        : alter table if exists transaction_promotions add constraint FKo02p9qnauxdtwhm6m62r3qrsa foreign key (promotion_id) references promotions
2025-10-16T22:55:55.816Z DEBUG 22842 --- [supermarket-manager-backend] [           main] org.hibernate.SQL                        : alter table if exists transaction_promotions add constraint FKouew39wtt5wlvc7gyh5tqrk3m foreign key (transaction_id) references transactions
2025-10-16T22:55:55.819Z DEBUG 22842 --- [supermarket-manager-backend] [           main] org.hibernate.SQL                        : alter table if exists transactions add constraint FK9lcsabnw94fwg6ds2mlpf9qry foreign key (carte_fidelite_id) references cartes_fidelite
2025-10-16T22:55:55.822Z DEBUG 22842 --- [supermarket-manager-backend] [           main] org.hibernate.SQL                        : alter table if exists user_roles add constraint FKh8ciramu9cc9q3qcqiv4ue8a6 foreign key (role_id) references roles
2025-10-16T22:55:55.825Z DEBUG 22842 --- [supermarket-manager-backend] [           main] org.hibernate.SQL                        : alter table if exists user_roles add constraint FKhfh9dx7w3ubf1co1vdev94g3f foreign key (user_id) references users
2025-10-16T22:55:55.827Z DEBUG 22842 --- [supermarket-manager-backend] [           main] org.hibernate.SQL                        : alter table if exists ventes_produit add constraint FK923v5uke6svl1nqrinac5odvw foreign key (produit_id) references produits
2025-10-16T22:55:56.060Z  WARN 22842 --- [supermarket-manager-backend] [           main] r$InitializeUserDetailsManagerConfigurer : Global AuthenticationManager configured with an AuthenticationProvider bean. UserDetailsService beans will not be used by Spring Security for automatically configuring username/password login. Consider removing the AuthenticationProvider bean. Alternatively, consider using the UserDetailsService in a manually instantiated DaoAuthenticationProvider. If the current configuration is intentional, to turn off this warning, increase the logging level of 'org.springframework.security.config.annotation.authentication.configuration.InitializeUserDetailsBeanManagerConfigurer' to ERROR
2025-10-16T22:55:56.689Z  WARN 22842 --- [supermarket-manager-backend] [           main] JpaBaseConfiguration$JpaWebConfiguration : spring.jpa.open-in-view is enabled by default. Therefore, database queries may be performed during view rendering. Explicitly configure spring.jpa.open-in-view to disable this warning
2025-10-16T22:55:57.272Z  WARN 22842 --- [supermarket-manager-backend] [           main] o.s.w.c.s.GenericWebApplicationContext   : Exception encountered during context initialization - cancelling refresh attempt: org.springframework.beans.factory.BeanCreationException: Error creating bean with name 'dataSourceScriptDatabaseInitializer' defined in class path resource [org/springframework/boot/autoconfigure/sql/init/DataSourceInitializationConfiguration.class]: Failed to execute SQL script statement #5 of file [/home/goliti/PROJETS/AGLPROJET/supermarket-manager/backend/target/classes/data.sql]: INSERT INTO stocks (produit_id, entrepot_id, quantite, seuil_reapprovisionnement, quantite_maximale, quantite_recommandee_commande, date_derniere_entree, alerte_active, date_creation, date_modification) VALUES ((SELECT id FROM produits WHERE code = 'PROD-001'), (SELECT id FROM entrepots WHERE code = 'ENT-001'), 50, 100, 1000, 500, NOW() - INTERVAL '10 days', true, NOW(), NOW()), ((SELECT id FROM produits WHERE code = 'PROD-002'), (SELECT id FROM entrepots WHERE code = 'ENT-001'), 250, 100, 800, 400, NOW() - INTERVAL '5 days', false, NOW(), NOW()), ((SELECT id FROM produits WHERE code = 'PROD-003'), (SELECT id FROM entrepots WHERE code = 'ENT-001'), 10, 50, 200, 100, NOW() - INTERVAL '2 days', true, NOW(), NOW()), ((SELECT id FROM produits WHERE code = 'PROD-004'), (SELECT id FROM entrepots WHERE code = 'ENT-001'), 150, 80, 500, 200, NOW() - INTERVAL '15 days', false, NOW(), NOW())
2025-10-16T22:55:57.299Z DEBUG 22842 --- [supermarket-manager-backend] [           main] org.hibernate.SQL                        : set client_min_messages = WARNING
2025-10-16T22:55:57.300Z DEBUG 22842 --- [supermarket-manager-backend] [           main] org.hibernate.SQL                        : alter table if exists absences drop constraint if exists FKoimbt5tg2h6lpx7h2sxlegpwf
2025-10-16T22:55:57.301Z DEBUG 22842 --- [supermarket-manager-backend] [           main] org.hibernate.SQL                        : alter table if exists absences drop constraint if exists FKcgca4w0jf3wxnnbulhrb5wdge
2025-10-16T22:55:57.302Z DEBUG 22842 --- [supermarket-manager-backend] [           main] org.hibernate.SQL                        : alter table if exists achat_produits drop constraint if exists FKfsa39gb3on86cb0yfsp4uy70g
2025-10-16T22:55:57.303Z DEBUG 22842 --- [supermarket-manager-backend] [           main] org.hibernate.SQL                        : alter table if exists client_categories_preferees drop constraint if exists FKm9eakvgn5ux6frvv0ufx8afde
2025-10-16T22:55:57.303Z DEBUG 22842 --- [supermarket-manager-backend] [           main] org.hibernate.SQL                        : alter table if exists commandes drop constraint if exists FKr11cplr3txy5vrvvineq8lcj3
2025-10-16T22:55:57.304Z DEBUG 22842 --- [supermarket-manager-backend] [           main] org.hibernate.SQL                        : alter table if exists documents drop constraint if exists FKchpn9oir08lkr1p0mkel20kvm
2025-10-16T22:55:57.305Z DEBUG 22842 --- [supermarket-manager-backend] [           main] org.hibernate.SQL                        : alter table if exists evaluations drop constraint if exists FKemf4pw9nsi3jlgv90xaijw7a0
2025-10-16T22:55:57.305Z DEBUG 22842 --- [supermarket-manager-backend] [           main] org.hibernate.SQL                        : alter table if exists evaluations drop constraint if exists FKi54yja2m72irrw6b57kogxp7h
2025-10-16T22:55:57.306Z DEBUG 22842 --- [supermarket-manager-backend] [           main] org.hibernate.SQL                        : alter table if exists historique_achats drop constraint if exists FK164acfpk9x4eiql8jb8w24wju
2025-10-16T22:55:57.307Z DEBUG 22842 --- [supermarket-manager-backend] [           main] org.hibernate.SQL                        : alter table if exists lignes_commande drop constraint if exists FKtry44xh8jbos217m4nk3wyyem
2025-10-16T22:55:57.307Z DEBUG 22842 --- [supermarket-manager-backend] [           main] org.hibernate.SQL                        : alter table if exists lignes_commande drop constraint if exists FK97125vvuxcin9rytjad4u9bm4
2025-10-16T22:55:57.308Z DEBUG 22842 --- [supermarket-manager-backend] [           main] org.hibernate.SQL                        : alter table if exists lignes_transaction drop constraint if exists FKr3bd88otkduqpe4ogkjmekavl
2025-10-16T22:55:57.308Z DEBUG 22842 --- [supermarket-manager-backend] [           main] org.hibernate.SQL                        : alter table if exists lignes_transaction drop constraint if exists FKa8lpec6fvkmyjxi6335vegdoe
2025-10-16T22:55:57.309Z DEBUG 22842 --- [supermarket-manager-backend] [           main] org.hibernate.SQL                        : alter table if exists lignes_transaction drop constraint if exists FK5lsaexvw7gpf25eq8ll701g05
2025-10-16T22:55:57.310Z DEBUG 22842 --- [supermarket-manager-backend] [           main] org.hibernate.SQL                        : alter table if exists lots_produits drop constraint if exists FK6ogdohrkuhpu03cm27bbkyk8v
2025-10-16T22:55:57.310Z DEBUG 22842 --- [supermarket-manager-backend] [           main] org.hibernate.SQL                        : alter table if exists lots_produits drop constraint if exists FK8ca7r7y2kfrq19ojrgc6f3b27
2025-10-16T22:55:57.311Z DEBUG 22842 --- [supermarket-manager-backend] [           main] org.hibernate.SQL                        : alter table if exists mouvements_points drop constraint if exists FK1kmw5dbscc5oa7rwyvmovj99d
2025-10-16T22:55:57.312Z DEBUG 22842 --- [supermarket-manager-backend] [           main] org.hibernate.SQL                        : alter table if exists plannings drop constraint if exists FKceksolw6tn7g1chr37drp14cj
2025-10-16T22:55:57.312Z DEBUG 22842 --- [supermarket-manager-backend] [           main] org.hibernate.SQL                        : alter table if exists pointages drop constraint if exists FKlhh1saj88nc05xwnbh7ptrlxd
2025-10-16T22:55:57.313Z DEBUG 22842 --- [supermarket-manager-backend] [           main] org.hibernate.SQL                        : alter table if exists produits drop constraint if exists FK8xk7p0dnnygs2sys4thsfekba
2025-10-16T22:55:57.314Z DEBUG 22842 --- [supermarket-manager-backend] [           main] org.hibernate.SQL                        : alter table if exists produits drop constraint if exists FKk2888vt925safbmady1p0i41f
2025-10-16T22:55:57.314Z DEBUG 22842 --- [supermarket-manager-backend] [           main] org.hibernate.SQL                        : alter table if exists promotions drop constraint if exists FKf6k3qgusipreupfucrt1egbq5
2025-10-16T22:55:57.315Z DEBUG 22842 --- [supermarket-manager-backend] [           main] org.hibernate.SQL                        : alter table if exists stocks drop constraint if exists FKss2exw53yi89rplsmyy8sujds
2025-10-16T22:55:57.316Z DEBUG 22842 --- [supermarket-manager-backend] [           main] org.hibernate.SQL                        : alter table if exists stocks drop constraint if exists FKb2i3r2l2dgqwuna57e41yl4my
2025-10-16T22:55:57.316Z DEBUG 22842 --- [supermarket-manager-backend] [           main] org.hibernate.SQL                        : alter table if exists transaction_promotions drop constraint if exists FKo02p9qnauxdtwhm6m62r3qrsa
2025-10-16T22:55:57.317Z DEBUG 22842 --- [supermarket-manager-backend] [           main] org.hibernate.SQL                        : alter table if exists transaction_promotions drop constraint if exists FKouew39wtt5wlvc7gyh5tqrk3m
2025-10-16T22:55:57.318Z DEBUG 22842 --- [supermarket-manager-backend] [           main] org.hibernate.SQL                        : alter table if exists transactions drop constraint if exists FK9lcsabnw94fwg6ds2mlpf9qry
2025-10-16T22:55:57.318Z DEBUG 22842 --- [supermarket-manager-backend] [           main] org.hibernate.SQL                        : alter table if exists user_roles drop constraint if exists FKh8ciramu9cc9q3qcqiv4ue8a6
2025-10-16T22:55:57.319Z DEBUG 22842 --- [supermarket-manager-backend] [           main] org.hibernate.SQL                        : alter table if exists user_roles drop constraint if exists FKhfh9dx7w3ubf1co1vdev94g3f
2025-10-16T22:55:57.320Z DEBUG 22842 --- [supermarket-manager-backend] [           main] org.hibernate.SQL                        : alter table if exists ventes_produit drop constraint if exists FK923v5uke6svl1nqrinac5odvw
2025-10-16T22:55:57.320Z DEBUG 22842 --- [supermarket-manager-backend] [           main] org.hibernate.SQL                        : drop table if exists absences cascade
2025-10-16T22:55:57.323Z DEBUG 22842 --- [supermarket-manager-backend] [           main] org.hibernate.SQL                        : drop table if exists achat_produits cascade
2025-10-16T22:55:57.323Z DEBUG 22842 --- [supermarket-manager-backend] [           main] org.hibernate.SQL                        : drop table if exists cartes_fidelite cascade
2025-10-16T22:55:57.325Z DEBUG 22842 --- [supermarket-manager-backend] [           main] org.hibernate.SQL                        : drop table if exists categories cascade
2025-10-16T22:55:57.326Z DEBUG 22842 --- [supermarket-manager-backend] [           main] org.hibernate.SQL                        : drop table if exists client_categories_preferees cascade
2025-10-16T22:55:57.327Z DEBUG 22842 --- [supermarket-manager-backend] [           main] org.hibernate.SQL                        : drop table if exists clients cascade
2025-10-16T22:55:57.329Z DEBUG 22842 --- [supermarket-manager-backend] [           main] org.hibernate.SQL                        : drop table if exists commandes cascade
2025-10-16T22:55:57.330Z DEBUG 22842 --- [supermarket-manager-backend] [           main] org.hibernate.SQL                        : drop table if exists documents cascade
2025-10-16T22:55:57.331Z DEBUG 22842 --- [supermarket-manager-backend] [           main] org.hibernate.SQL                        : drop table if exists employes cascade
2025-10-16T22:55:57.332Z DEBUG 22842 --- [supermarket-manager-backend] [           main] org.hibernate.SQL                        : drop table if exists entrepots cascade
2025-10-16T22:55:57.333Z DEBUG 22842 --- [supermarket-manager-backend] [           main] org.hibernate.SQL                        : drop table if exists evaluations cascade
2025-10-16T22:55:57.334Z DEBUG 22842 --- [supermarket-manager-backend] [           main] org.hibernate.SQL                        : drop table if exists fournisseurs cascade
2025-10-16T22:55:57.335Z DEBUG 22842 --- [supermarket-manager-backend] [           main] org.hibernate.SQL                        : drop table if exists historique_achats cascade
2025-10-16T22:55:57.336Z DEBUG 22842 --- [supermarket-manager-backend] [           main] org.hibernate.SQL                        : drop table if exists lignes_commande cascade
2025-10-16T22:55:57.337Z DEBUG 22842 --- [supermarket-manager-backend] [           main] org.hibernate.SQL                        : drop table if exists lignes_transaction cascade
2025-10-16T22:55:57.338Z DEBUG 22842 --- [supermarket-manager-backend] [           main] org.hibernate.SQL                        : drop table if exists lots_produits cascade
2025-10-16T22:55:57.339Z DEBUG 22842 --- [supermarket-manager-backend] [           main] org.hibernate.SQL                        : drop table if exists mouvements_points cascade
2025-10-16T22:55:57.339Z DEBUG 22842 --- [supermarket-manager-backend] [           main] org.hibernate.SQL                        : drop table if exists plannings cascade
2025-10-16T22:55:57.340Z DEBUG 22842 --- [supermarket-manager-backend] [           main] org.hibernate.SQL                        : drop table if exists pointages cascade
2025-10-16T22:55:57.341Z DEBUG 22842 --- [supermarket-manager-backend] [           main] org.hibernate.SQL                        : drop table if exists produits cascade
2025-10-16T22:55:57.342Z DEBUG 22842 --- [supermarket-manager-backend] [           main] org.hibernate.SQL                        : drop table if exists promotions cascade
2025-10-16T22:55:57.343Z DEBUG 22842 --- [supermarket-manager-backend] [           main] org.hibernate.SQL                        : drop table if exists roles cascade
2025-10-16T22:55:57.344Z DEBUG 22842 --- [supermarket-manager-backend] [           main] org.hibernate.SQL                        : drop table if exists statistiques_frequentation cascade
2025-10-16T22:55:57.344Z DEBUG 22842 --- [supermarket-manager-backend] [           main] org.hibernate.SQL                        : drop table if exists stocks cascade
2025-10-16T22:55:57.345Z DEBUG 22842 --- [supermarket-manager-backend] [           main] org.hibernate.SQL                        : drop table if exists transaction_promotions cascade
2025-10-16T22:55:57.345Z DEBUG 22842 --- [supermarket-manager-backend] [           main] org.hibernate.SQL                        : drop table if exists transactions cascade
2025-10-16T22:55:57.346Z DEBUG 22842 --- [supermarket-manager-backend] [           main] org.hibernate.SQL                        : drop table if exists user_roles cascade
2025-10-16T22:55:57.347Z DEBUG 22842 --- [supermarket-manager-backend] [           main] org.hibernate.SQL                        : drop table if exists users cascade
2025-10-16T22:55:57.348Z DEBUG 22842 --- [supermarket-manager-backend] [           main] org.hibernate.SQL                        : drop table if exists ventes_produit cascade
2025-10-16T22:55:57.422Z ERROR 22842 --- [supermarket-manager-backend] [           main] o.s.boot.SpringApplication               : Application run failed

org.springframework.beans.factory.BeanCreationException: Error creating bean with name 'dataSourceScriptDatabaseInitializer' defined in class path resource [org/springframework/boot/autoconfigure/sql/init/DataSourceInitializationConfiguration.class]: Failed to execute SQL script statement #5 of file [/home/goliti/PROJETS/AGLPROJET/supermarket-manager/backend/target/classes/data.sql]: INSERT INTO stocks (produit_id, entrepot_id, quantite, seuil_reapprovisionnement, quantite_maximale, quantite_recommandee_commande, date_derniere_entree, alerte_active, date_creation, date_modification) VALUES ((SELECT id FROM produits WHERE code = 'PROD-001'), (SELECT id FROM entrepots WHERE code = 'ENT-001'), 50, 100, 1000, 500, NOW() - INTERVAL '10 days', true, NOW(), NOW()), ((SELECT id FROM produits WHERE code = 'PROD-002'), (SELECT id FROM entrepots WHERE code = 'ENT-001'), 250, 100, 800, 400, NOW() - INTERVAL '5 days', false, NOW(), NOW()), ((SELECT id FROM produits WHERE code = 'PROD-003'), (SELECT id FROM entrepots WHERE code = 'ENT-001'), 10, 50, 200, 100, NOW() - INTERVAL '2 days', true, NOW(), NOW()), ((SELECT id FROM produits WHERE code = 'PROD-004'), (SELECT id FROM entrepots WHERE code = 'ENT-001'), 150, 80, 500, 200, NOW() - INTERVAL '15 days', false, NOW(), NOW())
	at org.springframework.beans.factory.support.AbstractAutowireCapableBeanFactory.initializeBean(AbstractAutowireCapableBeanFactory.java:1826) ~[spring-beans-6.2.11.jar:6.2.11]
	at org.springframework.beans.factory.support.AbstractAutowireCapableBeanFactory.doCreateBean(AbstractAutowireCapableBeanFactory.java:607) ~[spring-beans-6.2.11.jar:6.2.11]
	at org.springframework.beans.factory.support.AbstractAutowireCapableBeanFactory.createBean(AbstractAutowireCapableBeanFactory.java:529) ~[spring-beans-6.2.11.jar:6.2.11]
	at org.springframework.beans.factory.support.AbstractBeanFactory.lambda$doGetBean$0(AbstractBeanFactory.java:339) ~[spring-beans-6.2.11.jar:6.2.11]
	at org.springframework.beans.factory.support.DefaultSingletonBeanRegistry.getSingleton(DefaultSingletonBeanRegistry.java:373) ~[spring-beans-6.2.11.jar:6.2.11]
	at org.springframework.beans.factory.support.AbstractBeanFactory.doGetBean(AbstractBeanFactory.java:337) ~[spring-beans-6.2.11.jar:6.2.11]
	at org.springframework.beans.factory.support.AbstractBeanFactory.getBean(AbstractBeanFactory.java:202) ~[spring-beans-6.2.11.jar:6.2.11]
	at org.springframework.beans.factory.support.AbstractBeanFactory.doGetBean(AbstractBeanFactory.java:315) ~[spring-beans-6.2.11.jar:6.2.11]
	at org.springframework.beans.factory.support.AbstractBeanFactory.getBean(AbstractBeanFactory.java:202) ~[spring-beans-6.2.11.jar:6.2.11]
	at org.springframework.beans.factory.support.DefaultListableBeanFactory.instantiateSingleton(DefaultListableBeanFactory.java:1221) ~[spring-beans-6.2.11.jar:6.2.11]
	at org.springframework.beans.factory.support.DefaultListableBeanFactory.preInstantiateSingleton(DefaultListableBeanFactory.java:1187) ~[spring-beans-6.2.11.jar:6.2.11]
	at org.springframework.beans.factory.support.DefaultListableBeanFactory.preInstantiateSingletons(DefaultListableBeanFactory.java:1123) ~[spring-beans-6.2.11.jar:6.2.11]
	at org.springframework.context.support.AbstractApplicationContext.finishBeanFactoryInitialization(AbstractApplicationContext.java:987) ~[spring-context-6.2.11.jar:6.2.11]
	at org.springframework.context.support.AbstractApplicationContext.refresh(AbstractApplicationContext.java:627) ~[spring-context-6.2.11.jar:6.2.11]
	at org.springframework.boot.SpringApplication.refresh(SpringApplication.java:752) ~[spring-boot-3.5.6.jar:3.5.6]
	at org.springframework.boot.SpringApplication.refreshContext(SpringApplication.java:439) ~[spring-boot-3.5.6.jar:3.5.6]
	at org.springframework.boot.SpringApplication.run(SpringApplication.java:318) ~[spring-boot-3.5.6.jar:3.5.6]
	at org.springframework.boot.test.context.SpringBootContextLoader.lambda$loadContext$3(SpringBootContextLoader.java:144) ~[spring-boot-test-3.5.6.jar:3.5.6]
	at org.springframework.util.function.ThrowingSupplier.get(ThrowingSupplier.java:58) ~[spring-core-6.2.11.jar:6.2.11]
	at org.springframework.util.function.ThrowingSupplier.get(ThrowingSupplier.java:46) ~[spring-core-6.2.11.jar:6.2.11]
	at org.springframework.boot.SpringApplication.withHook(SpringApplication.java:1461) ~[spring-boot-3.5.6.jar:3.5.6]
	at org.springframework.boot.test.context.SpringBootContextLoader$ContextLoaderHook.run(SpringBootContextLoader.java:563) ~[spring-boot-test-3.5.6.jar:3.5.6]
	at org.springframework.boot.test.context.SpringBootContextLoader.loadContext(SpringBootContextLoader.java:144) ~[spring-boot-test-3.5.6.jar:3.5.6]
	at org.springframework.boot.test.context.SpringBootContextLoader.loadContext(SpringBootContextLoader.java:110) ~[spring-boot-test-3.5.6.jar:3.5.6]
	at org.springframework.test.context.cache.DefaultCacheAwareContextLoaderDelegate.loadContextInternal(DefaultCacheAwareContextLoaderDelegate.java:225) ~[spring-test-6.2.11.jar:6.2.11]
	at org.springframework.test.context.cache.DefaultCacheAwareContextLoaderDelegate.loadContext(DefaultCacheAwareContextLoaderDelegate.java:152) ~[spring-test-6.2.11.jar:6.2.11]
	at org.springframework.test.context.support.DefaultTestContext.getApplicationContext(DefaultTestContext.java:130) ~[spring-test-6.2.11.jar:6.2.11]
	at org.springframework.test.context.web.ServletTestExecutionListener.setUpRequestContextIfNecessary(ServletTestExecutionListener.java:200) ~[spring-test-6.2.11.jar:6.2.11]
	at org.springframework.test.context.web.ServletTestExecutionListener.prepareTestInstance(ServletTestExecutionListener.java:139) ~[spring-test-6.2.11.jar:6.2.11]
	at org.springframework.test.context.TestContextManager.prepareTestInstance(TestContextManager.java:260) ~[spring-test-6.2.11.jar:6.2.11]
	at org.springframework.test.context.junit.jupiter.SpringExtension.postProcessTestInstance(SpringExtension.java:159) ~[spring-test-6.2.11.jar:6.2.11]
	at org.junit.jupiter.engine.descriptor.ClassBasedTestDescriptor.lambda$invokeTestInstancePostProcessors$10(ClassBasedTestDescriptor.java:383) ~[junit-jupiter-engine-5.12.2.jar:5.12.2]
	at org.junit.jupiter.engine.descriptor.ClassBasedTestDescriptor.executeAndMaskThrowable(ClassBasedTestDescriptor.java:388) ~[junit-jupiter-engine-5.12.2.jar:5.12.2]
	at org.junit.jupiter.engine.descriptor.ClassBasedTestDescriptor.lambda$invokeTestInstancePostProcessors$11(ClassBasedTestDescriptor.java:382) ~[junit-jupiter-engine-5.12.2.jar:5.12.2]
	at java.base/java.util.stream.ForEachOps$ForEachOp$OfRef.accept(ForEachOps.java:184) ~[na:na]
	at java.base/java.util.stream.ReferencePipeline$3$1.accept(ReferencePipeline.java:197) ~[na:na]
	at java.base/java.util.stream.ReferencePipeline$2$1.accept(ReferencePipeline.java:179) ~[na:na]
	at java.base/java.util.stream.ReferencePipeline$3$1.accept(ReferencePipeline.java:197) ~[na:na]
	at java.base/java.util.ArrayList$ArrayListSpliterator.forEachRemaining(ArrayList.java:1708) ~[na:na]
	at java.base/java.util.stream.AbstractPipeline.copyInto(AbstractPipeline.java:509) ~[na:na]
	at java.base/java.util.stream.AbstractPipeline.wrapAndCopyInto(AbstractPipeline.java:499) ~[na:na]
	at java.base/java.util.stream.ForEachOps$ForEachOp.evaluateSequential(ForEachOps.java:151) ~[na:na]
	at java.base/java.util.stream.ForEachOps$ForEachOp$OfRef.evaluateSequential(ForEachOps.java:174) ~[na:na]
	at java.base/java.util.stream.AbstractPipeline.evaluate(AbstractPipeline.java:234) ~[na:na]
	at java.base/java.util.stream.ReferencePipeline.forEach(ReferencePipeline.java:596) ~[na:na]
	at org.junit.jupiter.engine.descriptor.ClassBasedTestDescriptor.invokeTestInstancePostProcessors(ClassBasedTestDescriptor.java:382) ~[junit-jupiter-engine-5.12.2.jar:5.12.2]
	at org.junit.jupiter.engine.descriptor.ClassBasedTestDescriptor.lambda$instantiateAndPostProcessTestInstance$6(ClassBasedTestDescriptor.java:293) ~[junit-jupiter-engine-5.12.2.jar:5.12.2]
[...]
eshold (1) exceeded: skipping repeated attempt to load context for [WebMergedContextConfiguration@7b4649ad testClass = com.supermarket.manager.controller.DashboardControllerIntegrationTest, locations = [], classes = [com.supermarket.manager.SupermarketManagerBackendApplication], contextInitializerClasses = [], activeProfiles = ["test"], propertySourceDescriptors = [], propertySourceProperties = ["org.springframework.boot.test.context.SpringBootTestContextBootstrapper=true"], contextCustomizers = [[ImportsContextCustomizer@6ae6a4d6 key = [org.springframework.boot.test.autoconfigure.web.servlet.MockMvcWebDriverAutoConfiguration, org.springframework.boot.autoconfigure.security.oauth2.client.servlet.OAuth2ClientWebSecurityAutoConfiguration, org.springframework.boot.test.autoconfigure.web.servlet.MockMvcAutoConfiguration, org.springframework.boot.autoconfigure.security.saml2.Saml2RelyingPartyAutoConfiguration, org.springframework.boot.autoconfigure.security.servlet.SecurityAutoConfiguration, org.springframework.boot.autoconfigure.security.servlet.SecurityFilterAutoConfiguration, org.springframework.boot.autoconfigure.security.servlet.UserDetailsServiceAutoConfiguration, org.springframework.boot.autoconfigure.security.oauth2.resource.servlet.OAuth2ResourceServerAutoConfiguration, org.springframework.boot.test.autoconfigure.web.servlet.MockMvcSecurityConfiguration, org.springframework.boot.test.autoconfigure.web.servlet.MockMvcWebClientAutoConfiguration, org.springframework.boot.autoconfigure.security.oauth2.client.OAuth2ClientAutoConfiguration, org.springframework.boot.test.autoconfigure.web.reactive.WebTestClientAutoConfiguration]], org.springframework.boot.test.context.filter.ExcludeFilterContextCustomizer@658c5a19, org.springframework.boot.test.json.DuplicateJsonObjectContextCustomizerFactory$DuplicateJsonObjectContextCustomizer@34f6515b, org.springframework.boot.test.mock.mockito.MockitoContextCustomizer@0, org.springframework.boot.test.web.client.TestRestTemplateContextCustomizer@4fbe37eb, org.springframework.boot.test.web.reactor.netty.DisableReactorResourceFactoryGlobalResourcesContextCustomizerFactory$DisableReactorResourceFactoryGlobalResourcesContextCustomizerCustomizer@31920ade, org.springframework.boot.test.autoconfigure.OnFailureConditionReportContextCustomizerFactory$OnFailureConditionReportContextCustomizer@28d18df5, org.springframework.boot.test.autoconfigure.actuate.observability.ObservabilityContextCustomizerFactory$DisableObservabilityContextCustomizer@1f, org.springframework.boot.test.autoconfigure.properties.PropertyMappingContextCustomizer@4b3fa0b3, org.springframework.boot.test.autoconfigure.web.servlet.WebDriverContextCustomizer@c7045b9, org.springframework.test.context.support.DynamicPropertiesContextCustomizer@0, org.springframework.boot.test.context.SpringBootTestAnnotation@bbca769a], resourceBasePath = "src/main/webapp", contextLoader = org.springframework.boot.test.context.SpringBootContextLoader, parent = null]
	at org.springframework.test.context.cache.DefaultCacheAwareContextLoaderDelegate.loadContext(DefaultCacheAwareContextLoaderDelegate.java:145)
	at org.springframework.test.context.support.DefaultTestContext.getApplicationContext(DefaultTestContext.java:130)
	at org.springframework.test.context.web.ServletTestExecutionListener.setUpRequestContextIfNecessary(ServletTestExecutionListener.java:200)
	at org.springframework.test.context.web.ServletTestExecutionListener.prepareTestInstance(ServletTestExecutionListener.java:139)
	at org.springframework.test.context.TestContextManager.prepareTestInstance(TestContextManager.java:260)
	at org.springframework.test.context.junit.jupiter.SpringExtension.postProcessTestInstance(SpringExtension.java:159)
	at java.base/java.util.stream.ForEachOps$ForEachOp$OfRef.accept(ForEachOps.java:184)
	at java.base/java.util.stream.ReferencePipeline$3$1.accept(ReferencePipeline.java:197)
	at java.base/java.util.stream.ReferencePipeline$2$1.accept(ReferencePipeline.java:179)
	at java.base/java.util.stream.ReferencePipeline$3$1.accept(ReferencePipeline.java:197)
	at java.base/java.util.ArrayList$ArrayListSpliterator.forEachRemaining(ArrayList.java:1708)
	at java.base/java.util.stream.AbstractPipeline.copyInto(AbstractPipeline.java:509)
	at java.base/java.util.stream.AbstractPipeline.wrapAndCopyInto(AbstractPipeline.java:499)
	at java.base/java.util.stream.ForEachOps$ForEachOp.evaluateSequential(ForEachOps.java:151)
	at java.base/java.util.stream.ForEachOps$ForEachOp$OfRef.evaluateSequential(ForEachOps.java:174)
	at java.base/java.util.stream.AbstractPipeline.evaluate(AbstractPipeline.java:234)
	at java.base/java.util.stream.ReferencePipeline.forEach(ReferencePipeline.java:596)
	at java.base/java.util.Optional.orElseGet(Optional.java:364)
	at java.base/java.util.ArrayList.forEach(ArrayList.java:1596)
	at java.base/java.util.ArrayList.forEach(ArrayList.java:1596)
]]></error>
    <system-out><![CDATA[2025-10-16T22:55:57.516Z  WARN 22842 --- [supermarket-manager-backend] [           main] o.s.test.context.TestContextManager      : Caught exception while allowing TestExecutionListener [org.springframework.test.context.web.ServletTestExecutionListener] to prepare test instance [com.supermarket.manager.controller.DashboardControllerIntegrationTest@6f710012]

java.lang.IllegalStateException: ApplicationContext failure threshold (1) exceeded: skipping repeated attempt to load context for [WebMergedContextConfiguration@7b4649ad testClass = com.supermarket.manager.controller.DashboardControllerIntegrationTest, locations = [], classes = [com.supermarket.manager.SupermarketManagerBackendApplication], contextInitializerClasses = [], activeProfiles = ["test"], propertySourceDescriptors = [], propertySourceProperties = ["org.springframework.boot.test.context.SpringBootTestContextBootstrapper=true"], contextCustomizers = [[ImportsContextCustomizer@6ae6a4d6 key = [org.springframework.boot.test.autoconfigure.web.servlet.MockMvcWebDriverAutoConfiguration, org.springframework.boot.autoconfigure.security.oauth2.client.servlet.OAuth2ClientWebSecurityAutoConfiguration, org.springframework.boot.test.autoconfigure.web.servlet.MockMvcAutoConfiguration, org.springframework.boot.autoconfigure.security.saml2.Saml2RelyingPartyAutoConfiguration, org.springframework.boot.autoconfigure.security.servlet.SecurityAutoConfiguration, org.springframework.boot.autoconfigure.security.servlet.SecurityFilterAutoConfiguration, org.springframework.boot.autoconfigure.security.servlet.UserDetailsServiceAutoConfiguration, org.springframework.boot.autoconfigure.security.oauth2.resource.servlet.OAuth2ResourceServerAutoConfiguration, org.springframework.boot.test.autoconfigure.web.servlet.MockMvcSecurityConfiguration, org.springframework.boot.test.autoconfigure.web.servlet.MockMvcWebClientAutoConfiguration, org.springframework.boot.autoconfigure.security.oauth2.client.OAuth2ClientAutoConfiguration, org.springframework.boot.test.autoconfigure.web.reactive.WebTestClientAutoConfiguration]], org.springframework.boot.test.context.filter.ExcludeFilterContextCustomizer@658c5a19, org.springframework.boot.test.json.DuplicateJsonObjectContextCustomizerFactory$DuplicateJsonObjectContextCustomizer@34f6515b, org.springframework.boot.test.mock.mockito.MockitoContextCustomizer@0, org.springframework.boot.test.web.client.TestRestTemplateContextCustomizer@4fbe37eb, org.springframework.boot.test.web.reactor.netty.DisableReactorResourceFactoryGlobalResourcesContextCustomizerFactory$DisableReactorResourceFactoryGlobalResourcesContextCustomizerCustomizer@31920ade, org.springframework.boot.test.autoconfigure.OnFailureConditionReportContextCustomizerFactory$OnFailureConditionReportContextCustomizer@28d18df5, org.springframework.boot.test.autoconfigure.actuate.observability.ObservabilityContextCustomizerFactory$DisableObservabilityContextCustomizer@1f, org.springframework.boot.test.autoconfigure.properties.PropertyMappingContextCustomizer@4b3fa0b3, org.springframework.boot.test.autoconfigure.web.servlet.WebDriverContextCustomizer@c7045b9, org.springframework.test.context.support.DynamicPropertiesContextCustomizer@0, org.springframework.boot.test.context.SpringBootTestAnnotation@bbca769a], resourceBasePath = "src/main/webapp", contextLoader = org.springframework.boot.test.context.SpringBootContextLoader, parent = null]
	at org.springframework.test.context.cache.DefaultCacheAwareContextLoaderDelegate.loadContext(DefaultCacheAwareContextLoaderDelegate.java:145) ~[spring-test-6.2.11.jar:6.2.11]
	at org.springframework.test.context.support.DefaultTestContext.getApplicationContext(DefaultTestContext.java:130) ~[spring-test-6.2.11.jar:6.2.11]
	at org.springframework.test.context.web.ServletTestExecutionListener.setUpRequestContextIfNecessary(ServletTestExecutionListener.java:200) ~[spring-test-6.2.11.jar:6.2.11]
	at org.springframework.test.context.web.ServletTestExecutionListener.prepareTestInstance(ServletTestExecutionListener.java:139) ~[spring-test-6.2.11.jar:6.2.11]
	at org.springframework.test.context.TestContextManager.prepareTestInstance(TestContextManager.java:260) ~[spring-test-6.2.11.jar:6.2.11]
	at org.springframework.test.context.junit.jupiter.SpringExtension.postProcessTestInstance(SpringExtension.java:159) ~[spring-test-6.2.11.jar:6.2.11]
	at org.junit.jupiter.engine.descriptor.ClassBasedTestDescriptor.lambda$invokeTestInstancePostProcessors$10(ClassBasedTestDescriptor.java:383) ~[junit-jupiter-engine-5.12.2.jar:5.12.2]
	at org.junit.jupiter.engine.descriptor.ClassBasedTestDescriptor.executeAndMaskThrowable(ClassBasedTestDescriptor.java:388) ~[junit-jupiter-engine-5.12.2.jar:5.12.2]
	at org.junit.jupiter.engine.descriptor.ClassBasedTestDescriptor.lambda$invokeTestInstancePostProcessors$11(ClassBasedTestDescriptor.java:382) ~[junit-jupiter-engine-5.12.2.jar:5.12.2]
	at java.base/java.util.stream.ForEachOps$ForEachOp$OfRef.accept(ForEachOps.java:184) ~[na:na]
	at java.base/java.util.stream.ReferencePipeline$3$1.accept(ReferencePipeline.java:197) ~[na:na]
	at java.base/java.util.stream.ReferencePipeline$2$1.accept(ReferencePipeline.java:179) ~[na:na]
	at java.base/java.util.stream.ReferencePipeline$3$1.accept(ReferencePipeline.java:197) ~[na:na]
	at java.base/java.util.ArrayList$ArrayListSpliterator.forEachRemaining(ArrayList.java:1708) ~[na:na]
	at java.base/java.util.stream.AbstractPipeline.copyInto(AbstractPipeline.java:509) ~[na:na]
	at java.base/java.util.stream.AbstractPipeline.wrapAndCopyInto(AbstractPipeline.java:499) ~[na:na]
	at java.base/java.util.stream.ForEachOps$ForEachOp.evaluateSequential(ForEachOps.java:151) ~[na:na]
	at java.base/java.util.stream.ForEachOps$ForEachOp$OfRef.evaluateSequential(ForEachOps.java:174) ~[na:na]
	at java.base/java.util.stream.AbstractPipeline.evaluate(AbstractPipeline.java:234) ~[na:na]
	at java.base/java.util.stream.ReferencePipeline.forEach(ReferencePipeline.java:596) ~[na:na]
	at org.junit.jupiter.engine.descriptor.ClassBasedTestDescriptor.invokeTestInstancePostProcessors(ClassBasedTestDescriptor.java:382) ~[junit-jupiter-engine-5.12.2.jar:5.12.2]
	at org.junit.jupiter.engine.descriptor.ClassBasedTestDescriptor.lambda$instantiateAndPostProcessTestInstance$6(ClassBasedTestDescriptor.java:293) ~[junit-jupiter-engine-5.12.2.jar:5.12.2]
	at org.junit.platform.engine.support.hierarchical.ThrowableCollector.execute(ThrowableCollector.java:73) ~[junit-platform-engine-1.12.2.jar:1.12.2]
	at org.junit.jupiter.engine.descriptor.ClassBasedTestDescriptor.instantiateAndPostProcessTestInstance(ClassBasedTestDescriptor.java:292) ~[junit-jupiter-engine-5.12.2.jar:5.12.2]
	at org.junit.jupiter.engine.descriptor.ClassBasedTestDescriptor.lambda$testInstancesProvider$4(ClassBasedTestDescriptor.java:281) ~[junit-jupiter-engine-5.12.2.jar:5.12.2]
	at java.base/java.util.Optional.orElseGet(Optional.java:364) ~[na:na]
	at org.junit.jupiter.engine.descriptor.ClassBasedTestDescriptor.lambda$testInstancesProvider$5(ClassBasedTestDescriptor.java:280) ~[junit-jupiter-engine-5.12.2.jar:5.12.2]
	at org.junit.jupiter.engine.execution.TestInstancesProvider.getTestInstances(TestInstancesProvider.java:27) ~[junit-jupiter-engine-5.12.2.jar:5.12.2]
	at org.junit.jupiter.engine.descriptor.TestMethodTestDescriptor.lambda$prepare$0(TestMethodTestDescriptor.java:112) ~[junit-jupiter-engine-5.12.2.jar:5.12.2]
	at org.junit.platform.engine.support.hierarchical.ThrowableCollector.execute(ThrowableCollector.java:73) ~[junit-platform-engine-1.12.2.jar:1.12.2]
	at org.junit.jupiter.engine.descriptor.TestMethodTestDescriptor.prepare(TestMethodTestDescriptor.java:111) ~[junit-jupiter-engine-5.12.2.jar:5.12.2]
	at org.junit.jupiter.engine.descriptor.TestMethodTestDescriptor.prepare(TestMethodTestDescriptor.java:69) ~[junit-jupiter-engine-5.12.2.jar:5.12.2]
	at org.junit.platform.engine.support.hierarchical.NodeTestTask.lambda$prepare$2(NodeTestTask.java:128) ~[junit-platform-engine-1.12.2.jar:1.12.2]
	at org.junit.platform.engine.support.hierarchical.ThrowableCollector.execute(ThrowableCollector.java:73) ~[junit-platform-engine-1.12.2.jar:1.12.2]
	at org.junit.platform.engine.support.hierarchical.NodeTestTask.prepare(NodeTestTask.java:128) ~[junit-platform-engine-1.12.2.jar:1.12.2]
	at org.junit.platform.engine.support.hierarchical.NodeTestTask.execute(NodeTestTask.java:95) ~[junit-platform-engine-1.12.2.jar:1.12.2]
	at java.base/java.util.ArrayList.forEach(ArrayList.java:1596) ~[na:na]
	at org.junit.platform.engine.support.hierarchical.SameThreadHierarchicalTestExecutorService.invokeAll(SameThreadHierarchicalTestExecutorService.java:41) ~[junit-platform-engine-1.12.2.jar:1.12.2]
	at org.junit.platform.engine.support.hierarchical.NodeTestTask.lambda$executeRecursively$6(NodeTestTask.java:160) ~[junit-platform-engine-1.12.2.jar:1.12.2]
	at org.junit.platform.engine.support.hierarchical.ThrowableCollector.execute(ThrowableCollector.java:73) ~[junit-platform-engine-1.12.2.jar:1.12.2]
	at org.junit.platform.engine.support.hierarchical.NodeTestTask.lambda$executeRecursively$8(NodeTestTask.java:146) ~[junit-platform-engine-1.12.2.jar:1.12.2]
	at org.junit.platform.engine.support.hierarchical.Node.around(Node.java:137) ~[junit-platform-engine-1.12.2.jar:1.12.2]
	at org.junit.platform.engine.support.hierarchical.NodeTestTask.lambda$executeRecursively$9(NodeTestTask.java:144) ~[junit-platform-engine-1.12.2.jar:1.12.2]
	at org.junit.platform.engine.support.hierarchical.ThrowableCollector.execute(ThrowableCollector.java:73) ~[junit-platform-engine-1.12.2.jar:1.12.2]
	at org.junit.platform.engine.support.hierarchical.NodeTestTask.executeRecursively(NodeTestTask.java:143) ~[junit-platform-engine-1.12.2.jar:1.12.2]
	at org.junit.platform.engine.support.hierarchical.NodeTestTask.execute(NodeTestTask.java:100) ~[junit-platform-engine-1.12.2.jar:1.12.2]
	at java.base/java.util.ArrayList.forEach(ArrayList.java:1596) ~[na:na]
	at org.junit.platform.engine.support.hierarchical.SameThreadHierarchicalTestExecutorService.invokeAll(SameThreadHierarchicalTestExecutorService.java:41) ~[junit-platform-engine-1.12.2.jar:1.12.2]
	at org.junit.platform.engine.support.hierarchical.NodeTestTask.lambda$executeRecursively$6(NodeTestTask.java:160) ~[junit-platform-engine-1.12.2.jar:1.12.2]
	at org.junit.platform.engine.support.hierarchical.ThrowableCollector.execute(ThrowableCollector.java:73) ~[junit-platform-engine-1.12.2.jar:1.12.2]
	at org.junit.platform.engine.support.hierarchical.NodeTestTask.lambda$executeRecursively$8(NodeTestTask.java:146) ~[junit-platform-engine-1.12.2.jar:1.12.2]
	at org.junit.platform.engine.support.hierarchical.Node.around(Node.java:137) ~[junit-platform-engine-1.12.2.jar:1.12.2]
	at org.junit.platform.engine.support.hierarchical.NodeTestTask.lambda$executeRecursively$9(NodeTestTask.java:144) ~[junit-platform-engine-1.12.2.jar:1.12.2]
	at org.junit.platform.engine.support.hierarchical.ThrowableCollector.execute(ThrowableCollector.java:73) ~[junit-platform-engine-1.12.2.jar:1.12.2]
	at org.junit.platform.engine.support.hierarchical.NodeTestTask.executeRecursively(NodeTestTask.java:143) ~[junit-platform-engine-1.12.2.jar:1.12.2]
	at org.junit.platform.engine.support.hierarchical.NodeTestTask.execute(NodeTestTask.java:100) ~[junit-platform-engine-1.12.2.jar:1.12.2]
	at org.junit.platform.engine.support.hierarchical.SameThreadHierarchicalTestExecutorService.submit(SameThreadHierarchicalTestExecutorService.java:35) ~[junit-platform-engine-1.12.2.jar:1.12.2]
	at org.junit.platform.engine.support.hierarchical.HierarchicalTestExecutor.execute(HierarchicalTestExecutor.java:57) ~[junit-platform-engine-1.12.2.jar:1.12.2]
	at org.junit.platform.engine.support.hierarchical.HierarchicalTestEngine.execute(HierarchicalTestEngine.java:54) ~[junit-platform-engine-1.12.2.jar:1.12.2]
	at org.junit.platform.launcher.core.EngineExecutionOrchestrator.execute(EngineExecutionOrchestrator.java:201) ~[junit-platform-launcher-1.12.2.jar:1.12.2]
	at org.junit.platform.launcher.core.EngineExecutionOrchestrator.execute(EngineExecutionOrchestrator.java:170) ~[junit-platform-launcher-1.12.2.jar:1.12.2]
	at org.junit.platform.launcher.core.EngineExecutionOrchestrator.execute(EngineExecutionOrchestrator.java:94) ~[junit-platform-launcher-1.12.2.jar:1.12.2]
	at org.junit.platform.launcher.core.EngineExecutionOrchestrator.lambda$execute$0(EngineExecutionOrchestrator.java:59) ~[junit-platform-launcher-1.12.2.jar:1.12.2]
	at org.junit.platform.launcher.core.EngineExecutionOrchestrator.withInterceptedStreams(EngineExecutionOrchestrator.java:142) ~[junit-platform-launcher-1.12.2.jar:1.12.2]
	at org.junit.platform.launcher.core.EngineExecutionOrchestrator.execute(EngineExecutionOrchestrator.java:58) ~[junit-platform-launcher-1.12.2.jar:1.12.2]
	at org.junit.platform.launcher.core.DefaultLauncher.execute(DefaultLauncher.java:103) ~[junit-platform-launcher-1.12.2.jar:1.12.2]
	at org.junit.platform.launcher.core.DefaultLauncher.execute(DefaultLauncher.java:85) ~[junit-platform-launcher-1.12.2.jar:1.12.2]
	at org.junit.platform.launcher.core.DelegatingLauncher.execute(DelegatingLauncher.java:47) ~[junit-platform-launcher-1.12.2.jar:1.12.2]
	at org.junit.platform.launcher.core.InterceptingLauncher.lambda$execute$1(InterceptingLauncher.java:39) ~[junit-platform-launcher-1.12.2.jar:1.12.2]
	at org.junit.platform.launcher.core.ClasspathAlignmentCheckingLauncherInterceptor.intercept(ClasspathAlignmentCheckingLauncherInterceptor.java:25) ~[junit-platform-launcher-1.12.2.jar:1.12.2]
	at org.junit.platform.launcher.core.InterceptingLauncher.execute(InterceptingLauncher.java:38) ~[junit-platform-launcher-1.12.2.jar:1.12.2]
	at org.junit.platform.launcher.core.DelegatingLauncher.execute(DelegatingLauncher.java:47) ~[junit-platform-launcher-1.12.2.jar:1.12.2]
	at org.apache.maven.surefire.junitplatform.LauncherAdapter.executeWithoutCancellationToken(LauncherAdapter.java:60) ~[surefire-junit-platform-3.5.4.jar:3.5.4]
	at org.apache.maven.surefire.junitplatform.LauncherAdapter.execute(LauncherAdapter.java:52) ~[surefire-junit-platform-3.5.4.jar:3.5.4]
	at org.apache.maven.surefire.junitplatform.JUnitPlatformProvider.execute(JUnitPlatformProvider.java:203) ~[surefire-junit-platform-3.5.4.jar:3.5.4]
	at org.apache.maven.surefire.junitplatform.JUnitPlatformProvider.invokeAllTests(JUnitPlatformProvider.java:168) ~[surefire-junit-platform-3.5.4.jar:3.5.4]
	at org.apache.maven.surefire.junitplatform.JUnitPlatformProvider.invoke(JUnitPlatformProvider.java:136) ~[surefire-junit-platform-3.5.4.jar:3.5.4]
	at org.apache.maven.surefire.booter.ForkedBooter.runSuitesInProcess(ForkedBooter.java:385) ~[surefire-booter-3.5.4.jar:3.5.4]
	at org.apache.maven.surefire.booter.ForkedBooter.execute(ForkedBooter.java:162) ~[surefire-booter-3.5.4.jar:3.5.4]
	at org.apache.maven.surefire.booter.ForkedBooter.run(ForkedBooter.java:507) ~[surefire-booter-3.5.4.jar:3.5.4]
	at org.apache.maven.surefire.booter.ForkedBooter.main(ForkedBooter.java:495) ~[surefire-booter-3.5.4.jar:3.5.4]

]]></system-out>
  </testcase>
</testsuite>